<?xml version="1.0" encoding="UTF-8"?>
<robot generator="Robot 7.0 (Python 3.11.8 on win32)" generated="2026-08-20T16:24:55.562295" rpa="false" schemaversion="5">
<suite id="s1" name="Task Management" source="C:\Users\katsa\kiro\ai-dlc-kiro-dudee\tests\robot\M02-task-management\task_management.robot">
<kw name="Open Application" owner="robot_keywords" type="SETUP">
<kw name="Open Browser" owner="SeleniumLibrary">
<msg time="2026-08-20T16:24:55.836788" level="INFO">Opening browser 'chrome' to base url 'http://localhost:5173'.</msg>
<arg>${BASE_URL}</arg>
<arg>${BROWSER}</arg>
<doc>Opens a new browser instance to the optional ``url``.</doc>
<status status="PASS" start="2026-08-20T16:24:55.836788" elapsed="2.950749"/>
</kw>
<kw name="Maximize Browser Window" owner="SeleniumLibrary">
<doc>Maximizes current browser window.</doc>
<status status="PASS" start="2026-08-20T16:24:58.787537" elapsed="0.039527"/>
</kw>
<kw name="Wait Until Element Is Visible" owner="SeleniumLibrary">
<arg>css:[data-testid="nav-requirements"]</arg>
<arg>timeout=10s</arg>
<doc>Waits until the element ``locator`` is visible.</doc>
<status status="PASS" start="2026-08-20T16:24:58.827064" elapsed="0.033059"/>
</kw>
<doc>เปิดแอปพลิเคชันในเบราว์เซอร์</doc>
<status status="PASS" start="2026-08-20T16:24:55.834322" elapsed="3.025801"/>
</kw>
<test id="s1-t1" name="สร้าง Task ใหม่ได้สำเร็จเมื่อกรอกข้อมูลครบถ้วน" line="25">
<kw name="Reset To Task Page">
<kw name="Go To" owner="SeleniumLibrary">
<msg time="2026-08-20T16:24:58.864124" level="INFO">Opening url 'http://localhost:5173/requirements'</msg>
<arg>${BASE_URL}/requirements</arg>
<doc>Navigates the current browser window to the provided ``url``.</doc>
<status status="PASS" start="2026-08-20T16:24:58.864124" elapsed="0.187289"/>
</kw>
<kw name="Wait Until Element Is Visible" owner="SeleniumLibrary">
<arg>css:[data-testid="nav-requirements"]</arg>
<arg>timeout=5s</arg>
<doc>Waits until the element ``locator`` is visible.</doc>
<status status="PASS" start="2026-08-20T16:24:59.051413" elapsed="0.046416"/>
</kw>
<doc>รีเซ็ตหน้าก่อนทุก test</doc>
<status status="PASS" start="2026-08-20T16:24:58.864124" elapsed="0.233705"/>
</kw>
<kw name="Setup Requirement For Task">
<kw name="Navigate To Requirement Page" owner="robot_keywords">
<kw name="Click Element" owner="SeleniumLibrary">
<msg time="2026-08-20T16:24:59.101831" level="INFO">Clicking element 'css:[data-testid="nav-requirements"]'.</msg>
<arg>css:[data-testid="nav-requirements"]</arg>
<doc>Click the element identified by ``locator``.</doc>
<status status="PASS" start="2026-08-20T16:24:59.100831" elapsed="0.143878"/>
</kw>
<kw name="Wait Until Element Is Visible" owner="SeleniumLibrary">
<arg>css:h1</arg>
<doc>Waits until the element ``locator`` is visible.</doc>
<status status="PASS" start="2026-08-20T16:24:59.246217" elapsed="0.023694"/>
</kw>
<doc>ไปยังหน้าจัดการ Requirement</doc>
<status status="PASS" start="2026-08-20T16:24:59.099829" elapsed="0.170082"/>
</kw>
<kw name="Create Requirement" owner="robot_keywords">
<kw name="Click New Button" owner="robot_keywords">
<kw name="Click Element" owner="SeleniumLibrary">
<msg time="2026-08-20T16:24:59.271946" level="INFO">Clicking element 'css:[data-testid="toolbar-new"]'.</msg>
<arg>css:[data-testid="toolbar-new"]</arg>
<doc>Click the element identified by ``locator``.</doc>
<status status="PASS" start="2026-08-20T16:24:59.271946" elapsed="0.073131"/>
</kw>
<doc>คลิกปุ่มสร้างรายการใหม่</doc>
<status status="PASS" start="2026-08-20T16:24:59.270943" elapsed="0.076072"/>
</kw>
<kw name="Fill Requirement Title" owner="robot_keywords">
<kw name="Input Text" owner="SeleniumLibrary">
<msg time="2026-08-20T16:24:59.347015" level="INFO">Typing text 'ผู้ใช้ต้อง Login ได้' into text field 'css:[data-testid="req-title"]'.</msg>
<arg>css:[data-testid="req-title"]</arg>
<arg>${title}</arg>
<doc>Types the given ``text`` into the text field identified by ``locator``.</doc>
<status status="PASS" start="2026-08-20T16:24:59.347015" elapsed="0.149296"/>
</kw>
<arg>${title}</arg>
<doc>กรอกหัวข้อ Requirement</doc>
<status status="PASS" start="2026-08-20T16:24:59.347015" elapsed="0.149296"/>
</kw>
<kw name="Select Requirement Category" owner="robot_keywords">
<kw name="Select From List By Value" owner="SeleniumLibrary">
<msg time="2026-08-20T16:24:59.498793" level="INFO">Selecting options from selection list 'css:[data-testid="req-category"]' by value Functional.</msg>
<arg>css:[data-testid="req-category"]</arg>
<arg>${category}</arg>
<doc>Selects options from selection list ``locator`` by ``values``.</doc>
<status status="PASS" start="2026-08-20T16:24:59.498793" elapsed="0.110875"/>
</kw>
<arg>${category}</arg>
<doc>เลือกประเภท Requirement</doc>
<status status="PASS" start="2026-08-20T16:24:59.497315" elapsed="0.112353"/>
</kw>
<kw name="Select Requirement Priority" owner="robot_keywords">
<kw name="Select From List By Value" owner="SeleniumLibrary">
<msg time="2026-08-20T16:24:59.610858" level="INFO">Selecting options from selection list 'css:[data-testid="req-priority"]' by value Must.</msg>
<arg>css:[data-testid="req-priority"]</arg>
<arg>${priority}</arg>
<doc>Selects options from selection list ``locator`` by ``values``.</doc>
<status status="PASS" start="2026-08-20T16:24:59.610858" elapsed="0.056290"/>
</kw>
<arg>${priority}</arg>
<doc>เลือกระดับความสำคัญ</doc>
<status status="PASS" start="2026-08-20T16:24:59.609668" elapsed="0.058990"/>
</kw>
<kw name="Submit Requirement Form" owner="robot_keywords">
<kw name="Click Element" owner="SeleniumLibrary">
<msg time="2026-08-20T16:24:59.668658" level="INFO">Clicking element 'css:[data-testid="req-submit"]'.</msg>
<arg>css:[data-testid="req-submit"]</arg>
<doc>Click the element identified by ``locator``.</doc>
<status status="PASS" start="2026-08-20T16:24:59.668658" elapsed="0.060811"/>
</kw>
<doc>กดบันทึก Requirement</doc>
<status status="PASS" start="2026-08-20T16:24:59.668658" elapsed="0.061853"/>
</kw>
<kw name="Wait Until Element Is Visible" owner="SeleniumLibrary">
<arg>css:.board-card__title</arg>
<arg>timeout=5s</arg>
<doc>Waits until the element ``locator`` is visible.</doc>
<status status="PASS" start="2026-08-20T16:24:59.730511" elapsed="0.016089"/>
</kw>
<arg>${title}</arg>
<arg>Functional</arg>
<arg>Must</arg>
<doc>สร้าง Requirement ครบวงจร</doc>
<status status="PASS" start="2026-08-20T16:24:59.269911" elapsed="0.476689"/>
</kw>
<arg>ผู้ใช้ต้อง Login ได้</arg>
<doc>สร้าง Requirement ก่อนเพื่อใช้ผูก Task</doc>
<status status="PASS" start="2026-08-20T16:24:59.098829" elapsed="0.647771"/>
</kw>
<kw name="Navigate To Task Page" owner="robot_keywords">
<kw name="Click Element" owner="SeleniumLibrary">
<msg time="2026-08-20T16:24:59.747731" level="INFO">Clicking element 'css:[data-testid="nav-tasks"]'.</msg>
<arg>css:[data-testid="nav-tasks"]</arg>
<doc>Click the element identified by ``locator``.</doc>
<status status="PASS" start="2026-08-20T16:24:59.747731" elapsed="0.066876"/>
</kw>
<kw name="Wait Until Element Is Visible" owner="SeleniumLibrary">
<arg>css:h1</arg>
<doc>Waits until the element ``locator`` is visible.</doc>
<status status="PASS" start="2026-08-20T16:24:59.814607" elapsed="0.017263"/>
</kw>
<doc>ไปยังหน้าจัดการ Task</doc>
<status status="PASS" start="2026-08-20T16:24:59.746600" elapsed="0.086282"/>
</kw>
<kw name="Create Task" owner="robot_keywords">
<kw name="Click New Button" owner="robot_keywords">
<kw name="Click Element" owner="SeleniumLibrary">
<msg time="2026-08-20T16:24:59.833897" level="INFO">Clicking element 'css:[data-testid="toolbar-new"]'.</msg>
<arg>css:[data-testid="toolbar-new"]</arg>
<doc>Click the element identified by ``locator``.</doc>
<status status="PASS" start="2026-08-20T16:24:59.833897" elapsed="0.164056"/>
</kw>
<doc>คลิกปุ่มสร้างรายการใหม่</doc>
<status status="PASS" start="2026-08-20T16:24:59.832882" elapsed="0.165071"/>
</kw>
<kw name="Fill Task Title" owner="robot_keywords">
<kw name="Input Text" owner="SeleniumLibrary">
<msg time="2026-08-20T16:24:59.998953" level="INFO">Typing text 'สร้างหน้า Login' into text field 'css:[data-testid="task-title"]'.</msg>
<arg>css:[data-testid="task-title"]</arg>
<arg>${title}</arg>
<doc>Types the given ``text`` into the text field identified by ``locator``.</doc>
<status status="PASS" start="2026-08-20T16:24:59.998953" elapsed="0.129174"/>
</kw>
<arg>${title}</arg>
<doc>กรอกหัวข้อ Task</doc>
<status status="PASS" start="2026-08-20T16:24:59.997953" elapsed="0.130174"/>
</kw>
<kw name="Select Task Requirement" owner="robot_keywords">
<kw name="Get WebElements" owner="SeleniumLibrary">
<msg time="2026-08-20T16:25:00.139911" level="INFO">${options} = [&lt;selenium.webdriver.remote.webelement.WebElement (session="e808094071a5e0d3e27cad078f5a7799", element="f.6E3B24534A7EF1255ABC0919C39E9973.d.AC6687A55FD1A8B205E8C13821B431EE.e.45")&gt;, &lt;selenium.webdriv...</msg>
<var>${options}</var>
<arg>css:[data-testid="task-requirement"] option</arg>
<doc>Returns a list of WebElement objects matching the ``locator``.</doc>
<status status="PASS" start="2026-08-20T16:25:00.129134" elapsed="0.010777"/>
</kw>
<for flavor="IN">
<iter>
<kw name="Get Text" owner="SeleniumLibrary">
<msg time="2026-08-20T16:25:00.171485" level="INFO">${text} = — เลือก Requirement —</msg>
<var>${text}</var>
<arg>${option}</arg>
<doc>Returns the text value of the element identified by ``locator``.</doc>
<status status="PASS" start="2026-08-20T16:25:00.139911" elapsed="0.031574"/>
</kw>
<kw name="Run Keyword And Return Status" owner="BuiltIn">
<kw name="Should Contain" owner="BuiltIn">
<msg time="2026-08-20T16:25:00.171485" level="FAIL">'— เลือก Requirement —' does not contain 'ผู้ใช้ต้อง Login ได้'</msg>
<arg>${text}</arg>
<arg>${requirement_text}</arg>
<doc>Fails if ``container`` does not contain ``item`` one or more times.</doc>
<status status="FAIL" start="2026-08-20T16:25:00.171485" elapsed="0.001013">'— เลือก Requirement —' does not contain 'ผู้ใช้ต้อง Login ได้'</status>
</kw>
<msg time="2026-08-20T16:25:00.172498" level="INFO">${contains} = False</msg>
<var>${contains}</var>
<arg>Should Contain</arg>
<arg>${text}</arg>
<arg>${requirement_text}</arg>
<doc>Runs the given keyword with given arguments and returns the status as a Boolean value.</doc>
<status status="PASS" start="2026-08-20T16:25:00.171485" elapsed="0.001013"/>
</kw>
<if>
<branch type="IF" condition="${contains}">
<kw name="Get Element Attribute" owner="SeleniumLibrary">
<var>${value}</var>
<arg>${option}</arg>
<arg>value</arg>
<doc>Returns the value of ``attribute`` from the element ``locator``.</doc>
<status status="NOT RUN" start="2026-08-20T16:25:00.172498" elapsed="0.000000"/>
</kw>
<kw name="Select From List By Value" owner="SeleniumLibrary">
<arg>css:[data-testid="task-requirement"]</arg>
<arg>${value}</arg>
<doc>Selects options from selection list ``locator`` by ``values``.</doc>
<status status="NOT RUN" start="2026-08-20T16:25:00.172498" elapsed="0.000000"/>
</kw>
<return>
<status status="NOT RUN" start="2026-08-20T16:25:00.172498" elapsed="0.000000"/>
</return>
<status status="NOT RUN" start="2026-08-20T16:25:00.172498" elapsed="0.000000"/>
</branch>
<status status="PASS" start="2026-08-20T16:25:00.172498" elapsed="0.000000"/>
</if>
<var name="${option}">&lt;selenium.webdriver.remote.webelement.WebElement (session="e808094071a5e0d3e27cad078f5a7799", element="f.6E3B24534A7EF1255ABC0919C39E9973.d.AC6687A55FD1A8B205E8C13821B431EE.e.45")&gt;</var>
<status status="PASS" start="2026-08-20T16:25:00.139911" elapsed="0.032587"/>
</iter>
<iter>
<kw name="Get Text" owner="SeleniumLibrary">
<msg time="2026-08-20T16:25:00.181815" level="INFO">${text} = ผู้ใช้ต้อง Login ได้ (Must)</msg>
<var>${text}</var>
<arg>${option}</arg>
<doc>Returns the text value of the element identified by ``locator``.</doc>
<status status="PASS" start="2026-08-20T16:25:00.173499" elapsed="0.008316"/>
</kw>
<kw name="Run Keyword And Return Status" owner="BuiltIn">
<kw name="Should Contain" owner="BuiltIn">
<arg>${text}</arg>
<arg>${requirement_text}</arg>
<doc>Fails if ``container`` does not contain ``item`` one or more times.</doc>
<status status="PASS" start="2026-08-20T16:25:00.181815" elapsed="0.000000"/>
</kw>
<msg time="2026-08-20T16:25:00.181815" level="INFO">${contains} = True</msg>
<var>${contains}</var>
<arg>Should Contain</arg>
<arg>${text}</arg>
<arg>${requirement_text}</arg>
<doc>Runs the given keyword with given arguments and returns the status as a Boolean value.</doc>
<status status="PASS" start="2026-08-20T16:25:00.181815" elapsed="0.000000"/>
</kw>
<if>
<branch type="IF" condition="${contains}">
<kw name="Get Element Attribute" owner="SeleniumLibrary">
<msg time="2026-08-20T16:25:00.189660" level="INFO">${value} = 6b119513-75bf-4e3b-9503-5a1a0544f294</msg>
<var>${value}</var>
<arg>${option}</arg>
<arg>value</arg>
<doc>Returns the value of ``attribute`` from the element ``locator``.</doc>
<status status="PASS" start="2026-08-20T16:25:00.182824" elapsed="0.006836"/>
</kw>
<kw name="Select From List By Value" owner="SeleniumLibrary">
<msg time="2026-08-20T16:25:00.190681" level="INFO">Selecting options from selection list 'css:[data-testid="task-requirement"]' by value 6b119513-75bf-4e3b-9503-5a1a0544f294.</msg>
<arg>css:[data-testid="task-requirement"]</arg>
<arg>${value}</arg>
<doc>Selects options from selection list ``locator`` by ``values``.</doc>
<status status="PASS" start="2026-08-20T16:25:00.189660" elapsed="0.055908"/>
</kw>
<return>
<status status="PASS" start="2026-08-20T16:25:00.245568" elapsed="0.000000"/>
</return>
<status status="PASS" start="2026-08-20T16:25:00.181815" elapsed="0.063753"/>
</branch>
<status status="PASS" start="2026-08-20T16:25:00.181815" elapsed="0.063753"/>
</if>
<var name="${option}">&lt;selenium.webdriver.remote.webelement.WebElement (session="e808094071a5e0d3e27cad078f5a7799", element="f.6E3B24534A7EF1255ABC0919C39E9973.d.AC6687A55FD1A8B205E8C13821B431EE.e.47")&gt;</var>
<status status="PASS" start="2026-08-20T16:25:00.173499" elapsed="0.072069"/>
</iter>
<var>${option}</var>
<value>@{options}</value>
<status status="PASS" start="2026-08-20T16:25:00.139911" elapsed="0.105657"/>
</for>
<kw name="Fail" owner="BuiltIn">
<arg>ไม่พบตัวเลือก "${requirement_text}" ใน dropdown</arg>
<doc>Fails the test with the given message and optionally alters its tags.</doc>
<status status="NOT RUN" start="2026-08-20T16:25:00.246569" elapsed="0.000000"/>
</kw>
<arg>${requirement_text}</arg>
<doc>เลือก Requirement ต้นทาง (เลือกจากข้อความที่เห็น)</doc>
<status status="PASS" start="2026-08-20T16:25:00.128127" elapsed="0.118442"/>
</kw>
<kw name="Select Task Role" owner="robot_keywords">
<kw name="Select From List By Value" owner="SeleniumLibrary">
<msg time="2026-08-20T16:25:00.247565" level="INFO">Selecting options from selection list 'css:[data-testid="task-role"]' by value Dev.</msg>
<arg>css:[data-testid="task-role"]</arg>
<arg>${role}</arg>
<doc>Selects options from selection list ``locator`` by ``values``.</doc>
<status status="PASS" start="2026-08-20T16:25:00.247565" elapsed="0.058198"/>
</kw>
<arg>${role}</arg>
<doc>เลือกตำแหน่งผู้รับผิดชอบ</doc>
<status status="PASS" start="2026-08-20T16:25:00.246569" elapsed="0.059194"/>
</kw>
<kw name="Submit Task Form" owner="robot_keywords">
<kw name="Click Element" owner="SeleniumLibrary">
<msg time="2026-08-20T16:25:00.307966" level="INFO">Clicking element 'css:[data-testid="task-submit"]'.</msg>
<arg>css:[data-testid="task-submit"]</arg>
<doc>Click the element identified by ``locator``.</doc>
<status status="PASS" start="2026-08-20T16:25:00.306846" elapsed="0.085025"/>
</kw>
<doc>กดบันทึก Task</doc>
<status status="PASS" start="2026-08-20T16:25:00.306846" elapsed="0.085025"/>
</kw>
<kw name="Wait Until Element Is Visible" owner="SeleniumLibrary">
<arg>css:.board-card__title</arg>
<arg>timeout=5s</arg>
<doc>Waits until the element ``locator`` is visible.</doc>
<status status="PASS" start="2026-08-20T16:25:00.391871" elapsed="0.022168"/>
</kw>
<arg>สร้างหน้า Login</arg>
<arg>ผู้ใช้ต้อง Login ได้</arg>
<arg>Dev</arg>
<doc>สร้าง Task ครบวงจร</doc>
<status status="PASS" start="2026-08-20T16:24:59.832882" elapsed="0.581157"/>
</kw>
<kw name="Card Should Be Visible" owner="robot_keywords">
<kw name="Wait Until Element Is Visible" owner="SeleniumLibrary">
<arg>xpath://span[contains(@class,'board-card__title') and text()='${title}']</arg>
<arg>timeout=5s</arg>
<doc>Waits until the element ``locator`` is visible.</doc>
<status status="PASS" start="2026-08-20T16:25:00.414039" elapsed="0.023826"/>
</kw>
<arg>สร้างหน้า Login</arg>
<doc>ตรวจสอบว่าการ์ดแสดงอยู่</doc>
<status status="PASS" start="2026-08-20T16:25:00.414039" elapsed="0.023826"/>
</kw>
<doc>ผู้ใช้สร้าง Task ใหม่ที่ผูกกับ Requirement ต้องปรากฏใน board</doc>
<tag>create</tag>
<tag>FR2.1</tag>
<tag>happy-path</tag>
<tag>M02</tag>
<status status="PASS" start="2026-08-20T16:24:58.860123" elapsed="1.578743"/>
</test>
<test id="s1-t2" name="ไม่มี Requirement เลย กด New ต้องเตือน" line="38">
<kw name="Go To" owner="SeleniumLibrary">
<msg time="2026-08-20T16:25:00.441866" level="INFO">Opening url 'http://localhost:5173/tasks'</msg>
<arg>${BASE_URL}/tasks</arg>
<doc>Navigates the current browser window to the provided ``url``.</doc>
<status status="PASS" start="2026-08-20T16:25:00.441866" elapsed="0.186574"/>
</kw>
<kw name="Wait Until Element Is Visible" owner="SeleniumLibrary">
<arg>css:[data-testid="nav-tasks"]</arg>
<arg>timeout=5s</arg>
<doc>Waits until the element ``locator`` is visible.</doc>
<status status="PASS" start="2026-08-20T16:25:00.628440" elapsed="0.036851"/>
</kw>
<kw name="Click New Button" owner="robot_keywords">
<kw name="Click Element" owner="SeleniumLibrary">
<msg time="2026-08-20T16:25:00.666294" level="INFO">Clicking element 'css:[data-testid="toolbar-new"]'.</msg>
<arg>css:[data-testid="toolbar-new"]</arg>
<doc>Click the element identified by ``locator``.</doc>
<status status="PASS" start="2026-08-20T16:25:00.666294" elapsed="0.132171"/>
</kw>
<doc>คลิกปุ่มสร้างรายการใหม่</doc>
<status status="PASS" start="2026-08-20T16:25:00.665291" elapsed="0.133174"/>
</kw>
<kw name="Alert Should Contain" owner="robot_keywords">
<kw name="Wait Until Element Is Visible" owner="SeleniumLibrary">
<msg time="2026-08-20T16:25:06.054748" level="INFO" html="true">&lt;/td&gt;&lt;/tr&gt;&lt;tr&gt;&lt;td colspan="3"&gt;&lt;a href="selenium-screenshot-1.png"&gt;&lt;img src="selenium-screenshot-1.png" width="800px"&gt;&lt;/a&gt;</msg>
<msg time="2026-08-20T16:25:06.054748" level="FAIL">Element 'css:[role="alert"]' not visible after 5 seconds.</msg>
<arg>css:[role="alert"]</arg>
<arg>timeout=5s</arg>
<doc>Waits until the element ``locator`` is visible.</doc>
<status status="FAIL" start="2026-08-20T16:25:00.799465" elapsed="5.257402">Element 'css:[role="alert"]' not visible after 5 seconds.</status>
</kw>
<kw name="Element Should Contain" owner="SeleniumLibrary">
<arg>css:[role="alert"]</arg>
<arg>${text}</arg>
<doc>Verifies that element ``locator`` contains text ``expected``.</doc>
<status status="NOT RUN" start="2026-08-20T16:25:06.056867" elapsed="0.000000"/>
</kw>
<arg>ยังสร้าง Task ไม่ได้</arg>
<doc>ตรวจสอบข้อความใน alert</doc>
<status status="FAIL" start="2026-08-20T16:25:00.799465" elapsed="5.257402">Element 'css:[role="alert"]' not visible after 5 seconds.</status>
</kw>
<doc>เมื่อไม่มี Requirement ในระบบ กดสร้าง Task ต้องแสดงคำเตือน</doc>
<tag>FR2.2</tag>
<tag>M02</tag>
<tag>requirement-link</tag>
<tag>validation</tag>
<status status="FAIL" start="2026-08-20T16:25:00.438866" elapsed="5.618001">Element 'css:[role="alert"]' not visible after 5 seconds.</status>
</test>
<test id="s1-t3" name="ไม่เลือก Requirement ระบบต้องปฏิเสธ" line="46">
<kw name="Reset To Task Page">
<kw name="Go To" owner="SeleniumLibrary">
<msg time="2026-08-20T16:25:06.060291" level="INFO">Opening url 'http://localhost:5173/requirements'</msg>
<arg>${BASE_URL}/requirements</arg>
<doc>Navigates the current browser window to the provided ``url``.</doc>
<status status="PASS" start="2026-08-20T16:25:06.059116" elapsed="0.102097"/>
</kw>
<kw name="Wait Until Element Is Visible" owner="SeleniumLibrary">
<arg>css:[data-testid="nav-requirements"]</arg>
<arg>timeout=5s</arg>
<doc>Waits until the element ``locator`` is visible.</doc>
<status status="PASS" start="2026-08-20T16:25:06.161213" elapsed="0.019941"/>
</kw>
<doc>รีเซ็ตหน้าก่อนทุก test</doc>
<status status="PASS" start="2026-08-20T16:25:06.059116" elapsed="0.123133"/>
</kw>
<kw name="Setup Requirement For Task">
<kw name="Navigate To Requirement Page" owner="robot_keywords">
<kw name="Click Element" owner="SeleniumLibrary">
<msg time="2026-08-20T16:25:06.183503" level="INFO">Clicking element 'css:[data-testid="nav-requirements"]'.</msg>
<arg>css:[data-testid="nav-requirements"]</arg>
<doc>Click the element identified by ``locator``.</doc>
<status status="PASS" start="2026-08-20T16:25:06.182249" elapsed="0.058026"/>
</kw>
<kw name="Wait Until Element Is Visible" owner="SeleniumLibrary">
<arg>css:h1</arg>
<doc>Waits until the element ``locator`` is visible.</doc>
<status status="PASS" start="2026-08-20T16:25:06.240275" elapsed="0.015848"/>
</kw>
<doc>ไปยังหน้าจัดการ Requirement</doc>
<status status="PASS" start="2026-08-20T16:25:06.182249" elapsed="0.073874"/>
</kw>
<kw name="Create Requirement" owner="robot_keywords">
<kw name="Click New Button" owner="robot_keywords">
<kw name="Click Element" owner="SeleniumLibrary">
<msg time="2026-08-20T16:25:06.257297" level="INFO">Clicking element 'css:[data-testid="toolbar-new"]'.</msg>
<arg>css:[data-testid="toolbar-new"]</arg>
<doc>Click the element identified by ``locator``.</doc>
<status status="PASS" start="2026-08-20T16:25:06.256123" elapsed="0.052727"/>
</kw>
<doc>คลิกปุ่มสร้างรายการใหม่</doc>
<status status="PASS" start="2026-08-20T16:25:06.256123" elapsed="0.052727"/>
</kw>
<kw name="Fill Requirement Title" owner="robot_keywords">
<kw name="Input Text" owner="SeleniumLibrary">
<msg time="2026-08-20T16:25:06.309967" level="INFO">Typing text 'Requirement ที่มีอยู่' into text field 'css:[data-testid="req-title"]'.</msg>
<arg>css:[data-testid="req-title"]</arg>
<arg>${title}</arg>
<doc>Types the given ``text`` into the text field identified by ``locator``.</doc>
<status status="PASS" start="2026-08-20T16:25:06.309967" elapsed="0.108533"/>
</kw>
<arg>${title}</arg>
<doc>กรอกหัวข้อ Requirement</doc>
<status status="PASS" start="2026-08-20T16:25:06.308850" elapsed="0.109650"/>
</kw>
<kw name="Select Requirement Category" owner="robot_keywords">
<kw name="Select From List By Value" owner="SeleniumLibrary">
<msg time="2026-08-20T16:25:06.419526" level="INFO">Selecting options from selection list 'css:[data-testid="req-category"]' by value Functional.</msg>
<arg>css:[data-testid="req-category"]</arg>
<arg>${category}</arg>
<doc>Selects options from selection list ``locator`` by ``values``.</doc>
<status status="PASS" start="2026-08-20T16:25:06.419526" elapsed="0.057541"/>
</kw>
<arg>${category}</arg>
<doc>เลือกประเภท Requirement</doc>
<status status="PASS" start="2026-08-20T16:25:06.418500" elapsed="0.058567"/>
</kw>
<kw name="Select Requirement Priority" owner="robot_keywords">
<kw name="Select From List By Value" owner="SeleniumLibrary">
<msg time="2026-08-20T16:25:06.477067" level="INFO">Selecting options from selection list 'css:[data-testid="req-priority"]' by value Must.</msg>
<arg>css:[data-testid="req-priority"]</arg>
<arg>${priority}</arg>
<doc>Selects options from selection list ``locator`` by ``values``.</doc>
<status status="PASS" start="2026-08-20T16:25:06.477067" elapsed="0.056169"/>
</kw>
<arg>${priority}</arg>
<doc>เลือกระดับความสำคัญ</doc>
<status status="PASS" start="2026-08-20T16:25:06.477067" elapsed="0.056169"/>
</kw>
<kw name="Submit Requirement Form" owner="robot_keywords">
<kw name="Click Element" owner="SeleniumLibrary">
<msg time="2026-08-20T16:25:06.534237" level="INFO">Clicking element 'css:[data-testid="req-submit"]'.</msg>
<arg>css:[data-testid="req-submit"]</arg>
<doc>Click the element identified by ``locator``.</doc>
<status status="PASS" start="2026-08-20T16:25:06.534237" elapsed="0.051452"/>
</kw>
<doc>กดบันทึก Requirement</doc>
<status status="PASS" start="2026-08-20T16:25:06.533236" elapsed="0.052453"/>
</kw>
<kw name="Wait Until Element Is Visible" owner="SeleniumLibrary">
<arg>css:.board-card__title</arg>
<arg>timeout=5s</arg>
<doc>Waits until the element ``locator`` is visible.</doc>
<status status="PASS" start="2026-08-20T16:25:06.585689" elapsed="0.015035"/>
</kw>
<arg>${title}</arg>
<arg>Functional</arg>
<arg>Must</arg>
<doc>สร้าง Requirement ครบวงจร</doc>
<status status="PASS" start="2026-08-20T16:25:06.256123" elapsed="0.344601"/>
</kw>
<arg>Requirement ที่มีอยู่</arg>
<doc>สร้าง Requirement ก่อนเพื่อใช้ผูก Task</doc>
<status status="PASS" start="2026-08-20T16:25:06.182249" elapsed="0.418475"/>
</kw>
<kw name="Navigate To Task Page" owner="robot_keywords">
<kw name="Click Element" owner="SeleniumLibrary">
<msg time="2026-08-20T16:25:06.601725" level="INFO">Clicking element 'css:[data-testid="nav-tasks"]'.</msg>
<arg>css:[data-testid="nav-tasks"]</arg>
<doc>Click the element identified by ``locator``.</doc>
<status status="PASS" start="2026-08-20T16:25:06.601725" elapsed="0.053848"/>
</kw>
<kw name="Wait Until Element Is Visible" owner="SeleniumLibrary">
<arg>css:h1</arg>
<doc>Waits until the element ``locator`` is visible.</doc>
<status status="PASS" start="2026-08-20T16:25:06.655573" elapsed="0.016084"/>
</kw>
<doc>ไปยังหน้าจัดการ Task</doc>
<status status="PASS" start="2026-08-20T16:25:06.600724" elapsed="0.072018"/>
</kw>
<kw name="Click New Button" owner="robot_keywords">
<kw name="Click Element" owner="SeleniumLibrary">
<msg time="2026-08-20T16:25:06.672742" level="INFO">Clicking element 'css:[data-testid="toolbar-new"]'.</msg>
<arg>css:[data-testid="toolbar-new"]</arg>
<doc>Click the element identified by ``locator``.</doc>
<status status="PASS" start="2026-08-20T16:25:06.672742" elapsed="0.056443"/>
</kw>
<doc>คลิกปุ่มสร้างรายการใหม่</doc>
<status status="PASS" start="2026-08-20T16:25:06.672742" elapsed="0.057537"/>
</kw>
<kw name="Fill Task Title" owner="robot_keywords">
<kw name="Input Text" owner="SeleniumLibrary">
<msg time="2026-08-20T16:25:06.731289" level="INFO">Typing text 'งานลอย' into text field 'css:[data-testid="task-title"]'.</msg>
<arg>css:[data-testid="task-title"]</arg>
<arg>${title}</arg>
<doc>Types the given ``text`` into the text field identified by ``locator``.</doc>
<status status="PASS" start="2026-08-20T16:25:06.731289" elapsed="0.079059"/>
</kw>
<arg>งานลอย</arg>
<doc>กรอกหัวข้อ Task</doc>
<status status="PASS" start="2026-08-20T16:25:06.730279" elapsed="0.080069"/>
</kw>
<kw name="Select Task Role" owner="robot_keywords">
<kw name="Select From List By Value" owner="SeleniumLibrary">
<msg time="2026-08-20T16:25:06.811347" level="INFO">Selecting options from selection list 'css:[data-testid="task-role"]' by value Dev.</msg>
<arg>css:[data-testid="task-role"]</arg>
<arg>${role}</arg>
<doc>Selects options from selection list ``locator`` by ``values``.</doc>
<status status="PASS" start="2026-08-20T16:25:06.810348" elapsed="0.062074"/>
</kw>
<arg>Dev</arg>
<doc>เลือกตำแหน่งผู้รับผิดชอบ</doc>
<status status="PASS" start="2026-08-20T16:25:06.810348" elapsed="0.062074"/>
</kw>
<kw name="Submit Task Form" owner="robot_keywords">
<kw name="Click Element" owner="SeleniumLibrary">
<msg time="2026-08-20T16:25:06.873450" level="INFO">Clicking element 'css:[data-testid="task-submit"]'.</msg>
<arg>css:[data-testid="task-submit"]</arg>
<doc>Click the element identified by ``locator``.</doc>
<status status="PASS" start="2026-08-20T16:25:06.873450" elapsed="0.053644"/>
</kw>
<doc>กดบันทึก Task</doc>
<status status="PASS" start="2026-08-20T16:25:06.872422" elapsed="0.054672"/>
</kw>
<kw name="Field Should Be Invalid" owner="robot_keywords">
<kw name="Element Attribute Value Should Be" owner="SeleniumLibrary">
<msg time="2026-08-20T16:25:06.940772" level="INFO">Element 'css:[data-testid="task-requirement"]' attribute 'aria-invalid' contains value 'true'.</msg>
<arg>css:[data-testid="${testid}"]</arg>
<arg>aria-invalid</arg>
<arg>true</arg>
<doc>Verifies element identified by ``locator`` contains expected attribute value.</doc>
<status status="PASS" start="2026-08-20T16:25:06.928350" elapsed="0.012422"/>
</kw>
<arg>task-requirement</arg>
<doc>ตรวจสอบว่า field มี aria-invalid</doc>
<status status="PASS" start="2026-08-20T16:25:06.928350" elapsed="0.012422"/>
</kw>
<doc>กรอกข้อมูลครบแต่ไม่เลือก Requirement → ระบบปฏิเสธ</doc>
<tag>FR2.2</tag>
<tag>M02</tag>
<tag>requirement-link</tag>
<tag>validation</tag>
<status status="PASS" start="2026-08-20T16:25:06.057999" elapsed="0.882773"/>
</test>
<test id="s1-t4" name="ไม่เลือกตำแหน่ง ระบบต้องปฏิเสธ" line="62">
<kw name="Reset To Task Page">
<kw name="Go To" owner="SeleniumLibrary">
<msg time="2026-08-20T16:25:06.944043" level="INFO">Opening url 'http://localhost:5173/requirements'</msg>
<arg>${BASE_URL}/requirements</arg>
<doc>Navigates the current browser window to the provided ``url``.</doc>
<status status="PASS" start="2026-08-20T16:25:06.944043" elapsed="0.107609"/>
</kw>
<kw name="Wait Until Element Is Visible" owner="SeleniumLibrary">
<arg>css:[data-testid="nav-requirements"]</arg>
<arg>timeout=5s</arg>
<doc>Waits until the element ``locator`` is visible.</doc>
<status status="PASS" start="2026-08-20T16:25:07.052671" elapsed="0.028347"/>
</kw>
<doc>รีเซ็ตหน้าก่อนทุก test</doc>
<status status="PASS" start="2026-08-20T16:25:06.944043" elapsed="0.136975"/>
</kw>
<kw name="Setup Requirement For Task">
<kw name="Navigate To Requirement Page" owner="robot_keywords">
<kw name="Click Element" owner="SeleniumLibrary">
<msg time="2026-08-20T16:25:07.082197" level="INFO">Clicking element 'css:[data-testid="nav-requirements"]'.</msg>
<arg>css:[data-testid="nav-requirements"]</arg>
<doc>Click the element identified by ``locator``.</doc>
<status status="PASS" start="2026-08-20T16:25:07.082197" elapsed="0.068005"/>
</kw>
<kw name="Wait Until Element Is Visible" owner="SeleniumLibrary">
<arg>css:h1</arg>
<doc>Waits until the element ``locator`` is visible.</doc>
<status status="PASS" start="2026-08-20T16:25:07.150202" elapsed="0.016001"/>
</kw>
<doc>ไปยังหน้าจัดการ Requirement</doc>
<status status="PASS" start="2026-08-20T16:25:07.082197" elapsed="0.085007"/>
</kw>
<kw name="Create Requirement" owner="robot_keywords">
<kw name="Click New Button" owner="robot_keywords">
<kw name="Click Element" owner="SeleniumLibrary">
<msg time="2026-08-20T16:25:07.168203" level="INFO">Clicking element 'css:[data-testid="toolbar-new"]'.</msg>
<arg>css:[data-testid="toolbar-new"]</arg>
<doc>Click the element identified by ``locator``.</doc>
<status status="PASS" start="2026-08-20T16:25:07.167204" elapsed="0.052226"/>
</kw>
<doc>คลิกปุ่มสร้างรายการใหม่</doc>
<status status="PASS" start="2026-08-20T16:25:07.167204" elapsed="0.052226"/>
</kw>
<kw name="Fill Requirement Title" owner="robot_keywords">
<kw name="Input Text" owner="SeleniumLibrary">
<msg time="2026-08-20T16:25:07.220845" level="INFO">Typing text 'ต้นทาง' into text field 'css:[data-testid="req-title"]'.</msg>
<arg>css:[data-testid="req-title"]</arg>
<arg>${title}</arg>
<doc>Types the given ``text`` into the text field identified by ``locator``.</doc>
<status status="PASS" start="2026-08-20T16:25:07.219430" elapsed="0.073693"/>
</kw>
<arg>${title}</arg>
<doc>กรอกหัวข้อ Requirement</doc>
<status status="PASS" start="2026-08-20T16:25:07.219430" elapsed="0.073693"/>
</kw>
<kw name="Select Requirement Category" owner="robot_keywords">
<kw name="Select From List By Value" owner="SeleniumLibrary">
<msg time="2026-08-20T16:25:07.294194" level="INFO">Selecting options from selection list 'css:[data-testid="req-category"]' by value Functional.</msg>
<arg>css:[data-testid="req-category"]</arg>
<arg>${category}</arg>
<doc>Selects options from selection list ``locator`` by ``values``.</doc>
<status status="PASS" start="2026-08-20T16:25:07.294194" elapsed="0.049320"/>
</kw>
<arg>${category}</arg>
<doc>เลือกประเภท Requirement</doc>
<status status="PASS" start="2026-08-20T16:25:07.293123" elapsed="0.050391"/>
</kw>
<kw name="Select Requirement Priority" owner="robot_keywords">
<kw name="Select From List By Value" owner="SeleniumLibrary">
<msg time="2026-08-20T16:25:07.344949" level="INFO">Selecting options from selection list 'css:[data-testid="req-priority"]' by value Must.</msg>
<arg>css:[data-testid="req-priority"]</arg>
<arg>${priority}</arg>
<doc>Selects options from selection list ``locator`` by ``values``.</doc>
<status status="PASS" start="2026-08-20T16:25:07.344949" elapsed="0.052355"/>
</kw>
<arg>${priority}</arg>
<doc>เลือกระดับความสำคัญ</doc>
<status status="PASS" start="2026-08-20T16:25:07.344949" elapsed="0.053514"/>
</kw>
<kw name="Submit Requirement Form" owner="robot_keywords">
<kw name="Click Element" owner="SeleniumLibrary">
<msg time="2026-08-20T16:25:07.398463" level="INFO">Clicking element 'css:[data-testid="req-submit"]'.</msg>
<arg>css:[data-testid="req-submit"]</arg>
<doc>Click the element identified by ``locator``.</doc>
<status status="PASS" start="2026-08-20T16:25:07.398463" elapsed="0.048740"/>
</kw>
<doc>กดบันทึก Requirement</doc>
<status status="PASS" start="2026-08-20T16:25:07.398463" elapsed="0.048740"/>
</kw>
<kw name="Wait Until Element Is Visible" owner="SeleniumLibrary">
<arg>css:.board-card__title</arg>
<arg>timeout=5s</arg>
<doc>Waits until the element ``locator`` is visible.</doc>
<status status="PASS" start="2026-08-20T16:25:07.447203" elapsed="0.013848"/>
</kw>
<arg>${title}</arg>
<arg>Functional</arg>
<arg>Must</arg>
<doc>สร้าง Requirement ครบวงจร</doc>
<status status="PASS" start="2026-08-20T16:25:07.167204" elapsed="0.293847"/>
</kw>
<arg>ต้นทาง</arg>
<doc>สร้าง Requirement ก่อนเพื่อใช้ผูก Task</doc>
<status status="PASS" start="2026-08-20T16:25:07.081018" elapsed="0.380033"/>
</kw>
<kw name="Navigate To Task Page" owner="robot_keywords">
<kw name="Click Element" owner="SeleniumLibrary">
<msg time="2026-08-20T16:25:07.462190" level="INFO">Clicking element 'css:[data-testid="nav-tasks"]'.</msg>
<arg>css:[data-testid="nav-tasks"]</arg>
<doc>Click the element identified by ``locator``.</doc>
<status status="PASS" start="2026-08-20T16:25:07.462190" elapsed="0.079375"/>
</kw>
<kw name="Wait Until Element Is Visible" owner="SeleniumLibrary">
<arg>css:h1</arg>
<doc>Waits until the element ``locator`` is visible.</doc>
<status status="PASS" start="2026-08-20T16:25:07.542778" elapsed="0.015487"/>
</kw>
<doc>ไปยังหน้าจัดการ Task</doc>
<status status="PASS" start="2026-08-20T16:25:07.461051" elapsed="0.097214"/>
</kw>
<kw name="Click New Button" owner="robot_keywords">
<kw name="Click Element" owner="SeleniumLibrary">
<msg time="2026-08-20T16:25:07.559277" level="INFO">Clicking element 'css:[data-testid="toolbar-new"]'.</msg>
<arg>css:[data-testid="toolbar-new"]</arg>
<doc>Click the element identified by ``locator``.</doc>
<status status="PASS" start="2026-08-20T16:25:07.559277" elapsed="0.047224"/>
</kw>
<doc>คลิกปุ่มสร้างรายการใหม่</doc>
<status status="PASS" start="2026-08-20T16:25:07.558265" elapsed="0.048236"/>
</kw>
<kw name="Fill Task Title" owner="robot_keywords">
<kw name="Input Text" owner="SeleniumLibrary">
<msg time="2026-08-20T16:25:07.607655" level="INFO">Typing text 'งานไร้ตำแหน่ง' into text field 'css:[data-testid="task-title"]'.</msg>
<arg>css:[data-testid="task-title"]</arg>
<arg>${title}</arg>
<doc>Types the given ``text`` into the text field identified by ``locator``.</doc>
<status status="PASS" start="2026-08-20T16:25:07.607655" elapsed="0.084432"/>
</kw>
<arg>งานไร้ตำแหน่ง</arg>
<doc>กรอกหัวข้อ Task</doc>
<status status="PASS" start="2026-08-20T16:25:07.606501" elapsed="0.086593"/>
</kw>
<kw name="Select Task Requirement" owner="robot_keywords">
<kw name="Get WebElements" owner="SeleniumLibrary">
<msg time="2026-08-20T16:25:07.699928" level="INFO">${options} = [&lt;selenium.webdriver.remote.webelement.WebElement (session="e808094071a5e0d3e27cad078f5a7799", element="f.6E3B24534A7EF1255ABC0919C39E9973.d.8EED7DA89B27A48C4D8943E3BCE19653.e.205")&gt;, &lt;selenium.webdri...</msg>
<var>${options}</var>
<arg>css:[data-testid="task-requirement"] option</arg>
<doc>Returns a list of WebElement objects matching the ``locator``.</doc>
<status status="PASS" start="2026-08-20T16:25:07.693094" elapsed="0.006834"/>
</kw>
<for flavor="IN">
<iter>
<kw name="Get Text" owner="SeleniumLibrary">
<msg time="2026-08-20T16:25:07.718659" level="INFO">${text} = — เลือก Requirement —</msg>
<var>${text}</var>
<arg>${option}</arg>
<doc>Returns the text value of the element identified by ``locator``.</doc>
<status status="PASS" start="2026-08-20T16:25:07.699928" elapsed="0.018731"/>
</kw>
<kw name="Run Keyword And Return Status" owner="BuiltIn">
<kw name="Should Contain" owner="BuiltIn">
<msg time="2026-08-20T16:25:07.719666" level="FAIL">'— เลือก Requirement —' does not contain 'ต้นทาง'</msg>
<arg>${text}</arg>
<arg>${requirement_text}</arg>
<doc>Fails if ``container`` does not contain ``item`` one or more times.</doc>
<status status="FAIL" start="2026-08-20T16:25:07.719666" elapsed="0.000000">'— เลือก Requirement —' does not contain 'ต้นทาง'</status>
</kw>
<msg time="2026-08-20T16:25:07.719666" level="INFO">${contains} = False</msg>
<var>${contains}</var>
<arg>Should Contain</arg>
<arg>${text}</arg>
<arg>${requirement_text}</arg>
<doc>Runs the given keyword with given arguments and returns the status as a Boolean value.</doc>
<status status="PASS" start="2026-08-20T16:25:07.718659" elapsed="0.001007"/>
</kw>
<if>
<branch type="IF" condition="${contains}">
<kw name="Get Element Attribute" owner="SeleniumLibrary">
<var>${value}</var>
<arg>${option}</arg>
<arg>value</arg>
<doc>Returns the value of ``attribute`` from the element ``locator``.</doc>
<status status="NOT RUN" start="2026-08-20T16:25:07.720669" elapsed="0.000000"/>
</kw>
<kw name="Select From List By Value" owner="SeleniumLibrary">
<arg>css:[data-testid="task-requirement"]</arg>
<arg>${value}</arg>
<doc>Selects options from selection list ``locator`` by ``values``.</doc>
<status status="NOT RUN" start="2026-08-20T16:25:07.720669" elapsed="0.000000"/>
</kw>
<return>
<status status="NOT RUN" start="2026-08-20T16:25:07.720669" elapsed="0.000000"/>
</return>
<status status="NOT RUN" start="2026-08-20T16:25:07.719666" elapsed="0.001003"/>
</branch>
<status status="PASS" start="2026-08-20T16:25:07.719666" elapsed="0.001003"/>
</if>
<var name="${option}">&lt;selenium.webdriver.remote.webelement.WebElement (session="e808094071a5e0d3e27cad078f5a7799", element="f.6E3B24534A7EF1255ABC0919C39E9973.d.8EED7DA89B27A48C4D8943E3BCE19653.e.205")&gt;</var>
<status status="PASS" start="2026-08-20T16:25:07.699928" elapsed="0.020741"/>
</iter>
<iter>
<kw name="Get Text" owner="SeleniumLibrary">
<msg time="2026-08-20T16:25:07.727727" level="INFO">${text} = ผู้ใช้ต้อง Login ได้ (Must)</msg>
<var>${text}</var>
<arg>${option}</arg>
<doc>Returns the text value of the element identified by ``locator``.</doc>
<status status="PASS" start="2026-08-20T16:25:07.721668" elapsed="0.006059"/>
</kw>
<kw name="Run Keyword And Return Status" owner="BuiltIn">
<kw name="Should Contain" owner="BuiltIn">
<msg time="2026-08-20T16:25:07.728871" level="FAIL">'ผู้ใช้ต้อง Login ได้ (Must)' does not contain 'ต้นทาง'</msg>
<arg>${text}</arg>
<arg>${requirement_text}</arg>
<doc>Fails if ``container`` does not contain ``item`` one or more times.</doc>
<status status="FAIL" start="2026-08-20T16:25:07.728871" elapsed="0.000000">'ผู้ใช้ต้อง Login ได้ (Must)' does not contain 'ต้นทาง'</status>
</kw>
<msg time="2026-08-20T16:25:07.728871" level="INFO">${contains} = False</msg>
<var>${contains}</var>
<arg>Should Contain</arg>
<arg>${text}</arg>
<arg>${requirement_text}</arg>
<doc>Runs the given keyword with given arguments and returns the status as a Boolean value.</doc>
<status status="PASS" start="2026-08-20T16:25:07.728871" elapsed="0.000000"/>
</kw>
<if>
<branch type="IF" condition="${contains}">
<kw name="Get Element Attribute" owner="SeleniumLibrary">
<var>${value}</var>
<arg>${option}</arg>
<arg>value</arg>
<doc>Returns the value of ``attribute`` from the element ``locator``.</doc>
<status status="NOT RUN" start="2026-08-20T16:25:07.729870" elapsed="0.000000"/>
</kw>
<kw name="Select From List By Value" owner="SeleniumLibrary">
<arg>css:[data-testid="task-requirement"]</arg>
<arg>${value}</arg>
<doc>Selects options from selection list ``locator`` by ``values``.</doc>
<status status="NOT RUN" start="2026-08-20T16:25:07.729870" elapsed="0.000000"/>
</kw>
<return>
<status status="NOT RUN" start="2026-08-20T16:25:07.729870" elapsed="0.000000"/>
</return>
<status status="NOT RUN" start="2026-08-20T16:25:07.728871" elapsed="0.000999"/>
</branch>
<status status="PASS" start="2026-08-20T16:25:07.728871" elapsed="0.000999"/>
</if>
<var name="${option}">&lt;selenium.webdriver.remote.webelement.WebElement (session="e808094071a5e0d3e27cad078f5a7799", element="f.6E3B24534A7EF1255ABC0919C39E9973.d.8EED7DA89B27A48C4D8943E3BCE19653.e.207")&gt;</var>
<status status="PASS" start="2026-08-20T16:25:07.721668" elapsed="0.008202"/>
</iter>
<iter>
<kw name="Get Text" owner="SeleniumLibrary">
<msg time="2026-08-20T16:25:07.736697" level="INFO">${text} = Requirement ที่มีอยู่ (Must)</msg>
<var>${text}</var>
<arg>${option}</arg>
<doc>Returns the text value of the element identified by ``locator``.</doc>
<status status="PASS" start="2026-08-20T16:25:07.729870" elapsed="0.006827"/>
</kw>
<kw name="Run Keyword And Return Status" owner="BuiltIn">
<kw name="Should Contain" owner="BuiltIn">
<msg time="2026-08-20T16:25:07.737698" level="FAIL">'Requirement ที่มีอยู่ (Must)' does not contain 'ต้นทาง'</msg>
<arg>${text}</arg>
<arg>${requirement_text}</arg>
<doc>Fails if ``container`` does not contain ``item`` one or more times.</doc>
<status status="FAIL" start="2026-08-20T16:25:07.736697" elapsed="0.001001">'Requirement ที่มีอยู่ (Must)' does not contain 'ต้นทาง'</status>
</kw>
<msg time="2026-08-20T16:25:07.737698" level="INFO">${contains} = False</msg>
<var>${contains}</var>
<arg>Should Contain</arg>
<arg>${text}</arg>
<arg>${requirement_text}</arg>
<doc>Runs the given keyword with given arguments and returns the status as a Boolean value.</doc>
<status status="PASS" start="2026-08-20T16:25:07.736697" elapsed="0.001001"/>
</kw>
<if>
<branch type="IF" condition="${contains}">
<kw name="Get Element Attribute" owner="SeleniumLibrary">
<var>${value}</var>
<arg>${option}</arg>
<arg>value</arg>
<doc>Returns the value of ``attribute`` from the element ``locator``.</doc>
<status status="NOT RUN" start="2026-08-20T16:25:07.737698" elapsed="0.000000"/>
</kw>
<kw name="Select From List By Value" owner="SeleniumLibrary">
<arg>css:[data-testid="task-requirement"]</arg>
<arg>${value}</arg>
<doc>Selects options from selection list ``locator`` by ``values``.</doc>
<status status="NOT RUN" start="2026-08-20T16:25:07.737698" elapsed="0.000000"/>
</kw>
<return>
<status status="NOT RUN" start="2026-08-20T16:25:07.737698" elapsed="0.000000"/>
</return>
<status status="NOT RUN" start="2026-08-20T16:25:07.737698" elapsed="0.000000"/>
</branch>
<status status="PASS" start="2026-08-20T16:25:07.737698" elapsed="0.000000"/>
</if>
<var name="${option}">&lt;selenium.webdriver.remote.webelement.WebElement (session="e808094071a5e0d3e27cad078f5a7799", element="f.6E3B24534A7EF1255ABC0919C39E9973.d.8EED7DA89B27A48C4D8943E3BCE19653.e.209")&gt;</var>
<status status="PASS" start="2026-08-20T16:25:07.729870" elapsed="0.007828"/>
</iter>
<iter>
<kw name="Get Text" owner="SeleniumLibrary">
<msg time="2026-08-20T16:25:07.746335" level="INFO">${text} = ต้นทาง (Must)</msg>
<var>${text}</var>
<arg>${option}</arg>
<doc>Returns the text value of the element identified by ``locator``.</doc>
<status status="PASS" start="2026-08-20T16:25:07.738821" elapsed="0.007514"/>
</kw>
<kw name="Run Keyword And Return Status" owner="BuiltIn">
<kw name="Should Contain" owner="BuiltIn">
<arg>${text}</arg>
<arg>${requirement_text}</arg>
<doc>Fails if ``container`` does not contain ``item`` one or more times.</doc>
<status status="PASS" start="2026-08-20T16:25:07.746335" elapsed="0.000000"/>
</kw>
<msg time="2026-08-20T16:25:07.746335" level="INFO">${contains} = True</msg>
<var>${contains}</var>
<arg>Should Contain</arg>
<arg>${text}</arg>
<arg>${requirement_text}</arg>
<doc>Runs the given keyword with given arguments and returns the status as a Boolean value.</doc>
<status status="PASS" start="2026-08-20T16:25:07.746335" elapsed="0.000000"/>
</kw>
<if>
<branch type="IF" condition="${contains}">
<kw name="Get Element Attribute" owner="SeleniumLibrary">
<msg time="2026-08-20T16:25:07.751962" level="INFO">${value} = 47eeb27f-93df-4f1c-8b7f-d3f9d6563788</msg>
<var>${value}</var>
<arg>${option}</arg>
<arg>value</arg>
<doc>Returns the value of ``attribute`` from the element ``locator``.</doc>
<status status="PASS" start="2026-08-20T16:25:07.746335" elapsed="0.005627"/>
</kw>
<kw name="Select From List By Value" owner="SeleniumLibrary">
<msg time="2026-08-20T16:25:07.753051" level="INFO">Selecting options from selection list 'css:[data-testid="task-requirement"]' by value 47eeb27f-93df-4f1c-8b7f-d3f9d6563788.</msg>
<arg>css:[data-testid="task-requirement"]</arg>
<arg>${value}</arg>
<doc>Selects options from selection list ``locator`` by ``values``.</doc>
<status status="PASS" start="2026-08-20T16:25:07.751962" elapsed="0.050489"/>
</kw>
<return>
<status status="PASS" start="2026-08-20T16:25:07.802451" elapsed="0.000000"/>
</return>
<status status="PASS" start="2026-08-20T16:25:07.746335" elapsed="0.056116"/>
</branch>
<status status="PASS" start="2026-08-20T16:25:07.746335" elapsed="0.056116"/>
</if>
<var name="${option}">&lt;selenium.webdriver.remote.webelement.WebElement (session="e808094071a5e0d3e27cad078f5a7799", element="f.6E3B24534A7EF1255ABC0919C39E9973.d.8EED7DA89B27A48C4D8943E3BCE19653.e.211")&gt;</var>
<status status="PASS" start="2026-08-20T16:25:07.738821" elapsed="0.063630"/>
</iter>
<var>${option}</var>
<value>@{options}</value>
<status status="PASS" start="2026-08-20T16:25:07.699928" elapsed="0.102523"/>
</for>
<kw name="Fail" owner="BuiltIn">
<arg>ไม่พบตัวเลือก "${requirement_text}" ใน dropdown</arg>
<doc>Fails the test with the given message and optionally alters its tags.</doc>
<status status="NOT RUN" start="2026-08-20T16:25:07.802451" elapsed="0.000000"/>
</kw>
<arg>ต้นทาง</arg>
<doc>เลือก Requirement ต้นทาง (เลือกจากข้อความที่เห็น)</doc>
<status status="PASS" start="2026-08-20T16:25:07.693094" elapsed="0.110594"/>
</kw>
<kw name="Submit Task Form" owner="robot_keywords">
<kw name="Click Element" owner="SeleniumLibrary">
<msg time="2026-08-20T16:25:07.803688" level="INFO">Clicking element 'css:[data-testid="task-submit"]'.</msg>
<arg>css:[data-testid="task-submit"]</arg>
<doc>Click the element identified by ``locator``.</doc>
<status status="PASS" start="2026-08-20T16:25:07.803688" elapsed="0.051034"/>
</kw>
<doc>กดบันทึก Task</doc>
<status status="PASS" start="2026-08-20T16:25:07.803688" elapsed="0.051034"/>
</kw>
<kw name="Field Should Be Invalid" owner="robot_keywords">
<kw name="Element Attribute Value Should Be" owner="SeleniumLibrary">
<msg time="2026-08-20T16:25:07.866940" level="INFO">Element 'css:[data-testid="task-role"]' attribute 'aria-invalid' contains value 'true'.</msg>
<arg>css:[data-testid="${testid}"]</arg>
<arg>aria-invalid</arg>
<arg>true</arg>
<doc>Verifies element identified by ``locator`` contains expected attribute value.</doc>
<status status="PASS" start="2026-08-20T16:25:07.856452" elapsed="0.011494"/>
</kw>
<arg>task-role</arg>
<doc>ตรวจสอบว่า field มี aria-invalid</doc>
<status status="PASS" start="2026-08-20T16:25:07.854722" elapsed="0.013224"/>
</kw>
<doc>ไม่ระบุตำแหน่ง → ระบบปฏิเสธที่ช่องตำแหน่ง</doc>
<tag>FR2.3</tag>
<tag>M02</tag>
<tag>role</tag>
<tag>validation</tag>
<status status="PASS" start="2026-08-20T16:25:06.941812" elapsed="0.926134"/>
</test>
<test id="s1-t5" name="กดเพิ่มจากหัว Column ต้องตั้งตำแหน่งไว้ล่วงหน้า" line="74">
<kw name="Reset To Task Page">
<kw name="Go To" owner="SeleniumLibrary">
<msg time="2026-08-20T16:25:07.871151" level="INFO">Opening url 'http://localhost:5173/requirements'</msg>
<arg>${BASE_URL}/requirements</arg>
<doc>Navigates the current browser window to the provided ``url``.</doc>
<status status="PASS" start="2026-08-20T16:25:07.870146" elapsed="0.111879"/>
</kw>
<kw name="Wait Until Element Is Visible" owner="SeleniumLibrary">
<arg>css:[data-testid="nav-requirements"]</arg>
<arg>timeout=5s</arg>
<doc>Waits until the element ``locator`` is visible.</doc>
<status status="PASS" start="2026-08-20T16:25:07.982025" elapsed="0.020160"/>
</kw>
<doc>รีเซ็ตหน้าก่อนทุก test</doc>
<status status="PASS" start="2026-08-20T16:25:07.870146" elapsed="0.133062"/>
</kw>
<kw name="Setup Requirement For Task">
<kw name="Navigate To Requirement Page" owner="robot_keywords">
<kw name="Click Element" owner="SeleniumLibrary">
<msg time="2026-08-20T16:25:08.005695" level="INFO">Clicking element 'css:[data-testid="nav-requirements"]'.</msg>
<arg>css:[data-testid="nav-requirements"]</arg>
<doc>Click the element identified by ``locator``.</doc>
<status status="PASS" start="2026-08-20T16:25:08.004212" elapsed="0.054403"/>
</kw>
<kw name="Wait Until Element Is Visible" owner="SeleniumLibrary">
<arg>css:h1</arg>
<doc>Waits until the element ``locator`` is visible.</doc>
<status status="PASS" start="2026-08-20T16:25:08.058615" elapsed="0.016071"/>
</kw>
<doc>ไปยังหน้าจัดการ Requirement</doc>
<status status="PASS" start="2026-08-20T16:25:08.004212" elapsed="0.070474"/>
</kw>
<kw name="Create Requirement" owner="robot_keywords">
<kw name="Click New Button" owner="robot_keywords">
<kw name="Click Element" owner="SeleniumLibrary">
<msg time="2026-08-20T16:25:08.076202" level="INFO">Clicking element 'css:[data-testid="toolbar-new"]'.</msg>
<arg>css:[data-testid="toolbar-new"]</arg>
<doc>Click the element identified by ``locator``.</doc>
<status status="PASS" start="2026-08-20T16:25:08.076202" elapsed="0.054560"/>
</kw>
<doc>คลิกปุ่มสร้างรายการใหม่</doc>
<status status="PASS" start="2026-08-20T16:25:08.076202" elapsed="0.054560"/>
</kw>
<kw name="Fill Requirement Title" owner="robot_keywords">
<kw name="Input Text" owner="SeleniumLibrary">
<msg time="2026-08-20T16:25:08.131761" level="INFO">Typing text 'ต้นทาง' into text field 'css:[data-testid="req-title"]'.</msg>
<arg>css:[data-testid="req-title"]</arg>
<arg>${title}</arg>
<doc>Types the given ``text`` into the text field identified by ``locator``.</doc>
<status status="PASS" start="2026-08-20T16:25:08.131761" elapsed="0.080922"/>
</kw>
<arg>${title}</arg>
<doc>กรอกหัวข้อ Requirement</doc>
<status status="PASS" start="2026-08-20T16:25:08.131761" elapsed="0.080922"/>
</kw>
<kw name="Select Requirement Category" owner="robot_keywords">
<kw name="Select From List By Value" owner="SeleniumLibrary">
<msg time="2026-08-20T16:25:08.213686" level="INFO">Selecting options from selection list 'css:[data-testid="req-category"]' by value Functional.</msg>
<arg>css:[data-testid="req-category"]</arg>
<arg>${category}</arg>
<doc>Selects options from selection list ``locator`` by ``values``.</doc>
<status status="PASS" start="2026-08-20T16:25:08.212683" elapsed="0.057066"/>
</kw>
<arg>${category}</arg>
<doc>เลือกประเภท Requirement</doc>
<status status="PASS" start="2026-08-20T16:25:08.212683" elapsed="0.057066"/>
</kw>
<kw name="Select Requirement Priority" owner="robot_keywords">
<kw name="Select From List By Value" owner="SeleniumLibrary">
<msg time="2026-08-20T16:25:08.270755" level="INFO">Selecting options from selection list 'css:[data-testid="req-priority"]' by value Must.</msg>
<arg>css:[data-testid="req-priority"]</arg>
<arg>${priority}</arg>
<doc>Selects options from selection list ``locator`` by ``values``.</doc>
<status status="PASS" start="2026-08-20T16:25:08.269749" elapsed="0.070364"/>
</kw>
<arg>${priority}</arg>
<doc>เลือกระดับความสำคัญ</doc>
<status status="PASS" start="2026-08-20T16:25:08.269749" elapsed="0.070364"/>
</kw>
<kw name="Submit Requirement Form" owner="robot_keywords">
<kw name="Click Element" owner="SeleniumLibrary">
<msg time="2026-08-20T16:25:08.341120" level="INFO">Clicking element 'css:[data-testid="req-submit"]'.</msg>
<arg>css:[data-testid="req-submit"]</arg>
<doc>Click the element identified by ``locator``.</doc>
<status status="PASS" start="2026-08-20T16:25:08.341120" elapsed="0.057761"/>
</kw>
<doc>กดบันทึก Requirement</doc>
<status status="PASS" start="2026-08-20T16:25:08.341120" elapsed="0.057761"/>
</kw>
<kw name="Wait Until Element Is Visible" owner="SeleniumLibrary">
<arg>css:.board-card__title</arg>
<arg>timeout=5s</arg>
<doc>Waits until the element ``locator`` is visible.</doc>
<status status="PASS" start="2026-08-20T16:25:08.398881" elapsed="0.018111"/>
</kw>
<arg>${title}</arg>
<arg>Functional</arg>
<arg>Must</arg>
<doc>สร้าง Requirement ครบวงจร</doc>
<status status="PASS" start="2026-08-20T16:25:08.076202" elapsed="0.340790"/>
</kw>
<arg>ต้นทาง</arg>
<doc>สร้าง Requirement ก่อนเพื่อใช้ผูก Task</doc>
<status status="PASS" start="2026-08-20T16:25:08.004212" elapsed="0.412780"/>
</kw>
<kw name="Navigate To Task Page" owner="robot_keywords">
<kw name="Click Element" owner="SeleniumLibrary">
<msg time="2026-08-20T16:25:08.417998" level="INFO">Clicking element 'css:[data-testid="nav-tasks"]'.</msg>
<arg>css:[data-testid="nav-tasks"]</arg>
<doc>Click the element identified by ``locator``.</doc>
<status status="PASS" start="2026-08-20T16:25:08.417998" elapsed="0.063187"/>
</kw>
<kw name="Wait Until Element Is Visible" owner="SeleniumLibrary">
<arg>css:h1</arg>
<doc>Waits until the element ``locator`` is visible.</doc>
<status status="PASS" start="2026-08-20T16:25:08.481185" elapsed="0.016915"/>
</kw>
<doc>ไปยังหน้าจัดการ Task</doc>
<status status="PASS" start="2026-08-20T16:25:08.416992" elapsed="0.081108"/>
</kw>
<kw name="Create Task" owner="robot_keywords">
<kw name="Click New Button" owner="robot_keywords">
<kw name="Click Element" owner="SeleniumLibrary">
<msg time="2026-08-20T16:25:08.498100" level="INFO">Clicking element 'css:[data-testid="toolbar-new"]'.</msg>
<arg>css:[data-testid="toolbar-new"]</arg>
<doc>Click the element identified by ``locator``.</doc>
<status status="PASS" start="2026-08-20T16:25:08.498100" elapsed="0.051417"/>
</kw>
<doc>คลิกปุ่มสร้างรายการใหม่</doc>
<status status="PASS" start="2026-08-20T16:25:08.498100" elapsed="0.051417"/>
</kw>
<kw name="Fill Task Title" owner="robot_keywords">
<kw name="Input Text" owner="SeleniumLibrary">
<msg time="2026-08-20T16:25:08.550514" level="INFO">Typing text 'งานแรก' into text field 'css:[data-testid="task-title"]'.</msg>
<arg>css:[data-testid="task-title"]</arg>
<arg>${title}</arg>
<doc>Types the given ``text`` into the text field identified by ``locator``.</doc>
<status status="PASS" start="2026-08-20T16:25:08.549517" elapsed="0.075338"/>
</kw>
<arg>${title}</arg>
<doc>กรอกหัวข้อ Task</doc>
<status status="PASS" start="2026-08-20T16:25:08.549517" elapsed="0.075338"/>
</kw>
<kw name="Select Task Requirement" owner="robot_keywords">
<kw name="Get WebElements" owner="SeleniumLibrary">
<msg time="2026-08-20T16:25:08.633524" level="INFO">${options} = [&lt;selenium.webdriver.remote.webelement.WebElement (session="e808094071a5e0d3e27cad078f5a7799", element="f.6E3B24534A7EF1255ABC0919C39E9973.d.DF8F779016F1A0647597FF785F572F56.e.257")&gt;, &lt;selenium.webdri...</msg>
<var>${options}</var>
<arg>css:[data-testid="task-requirement"] option</arg>
<doc>Returns a list of WebElement objects matching the ``locator``.</doc>
<status status="PASS" start="2026-08-20T16:25:08.626064" elapsed="0.007460"/>
</kw>
<for flavor="IN">
<iter>
<kw name="Get Text" owner="SeleniumLibrary">
<msg time="2026-08-20T16:25:08.640763" level="INFO">${text} = — เลือก Requirement —</msg>
<var>${text}</var>
<arg>${option}</arg>
<doc>Returns the text value of the element identified by ``locator``.</doc>
<status status="PASS" start="2026-08-20T16:25:08.633524" elapsed="0.007239"/>
</kw>
<kw name="Run Keyword And Return Status" owner="BuiltIn">
<kw name="Should Contain" owner="BuiltIn">
<msg time="2026-08-20T16:25:08.641779" level="FAIL">'— เลือก Requirement —' does not contain 'ต้นทาง'</msg>
<arg>${text}</arg>
<arg>${requirement_text}</arg>
<doc>Fails if ``container`` does not contain ``item`` one or more times.</doc>
<status status="FAIL" start="2026-08-20T16:25:08.641779" elapsed="0.000000">'— เลือก Requirement —' does not contain 'ต้นทาง'</status>
</kw>
<msg time="2026-08-20T16:25:08.641779" level="INFO">${contains} = False</msg>
<var>${contains}</var>
<arg>Should Contain</arg>
<arg>${text}</arg>
<arg>${requirement_text}</arg>
<doc>Runs the given keyword with given arguments and returns the status as a Boolean value.</doc>
<status status="PASS" start="2026-08-20T16:25:08.641779" elapsed="0.000000"/>
</kw>
<if>
<branch type="IF" condition="${contains}">
<kw name="Get Element Attribute" owner="SeleniumLibrary">
<var>${value}</var>
<arg>${option}</arg>
<arg>value</arg>
<doc>Returns the value of ``attribute`` from the element ``locator``.</doc>
<status status="NOT RUN" start="2026-08-20T16:25:08.642893" elapsed="0.000000"/>
</kw>
<kw name="Select From List By Value" owner="SeleniumLibrary">
<arg>css:[data-testid="task-requirement"]</arg>
<arg>${value}</arg>
<doc>Selects options from selection list ``locator`` by ``values``.</doc>
<status status="NOT RUN" start="2026-08-20T16:25:08.642893" elapsed="0.000000"/>
</kw>
<return>
<status status="NOT RUN" start="2026-08-20T16:25:08.642893" elapsed="0.000000"/>
</return>
<status status="NOT RUN" start="2026-08-20T16:25:08.641779" elapsed="0.001114"/>
</branch>
<status status="PASS" start="2026-08-20T16:25:08.641779" elapsed="0.001114"/>
</if>
<var name="${option}">&lt;selenium.webdriver.remote.webelement.WebElement (session="e808094071a5e0d3e27cad078f5a7799", element="f.6E3B24534A7EF1255ABC0919C39E9973.d.DF8F779016F1A0647597FF785F572F56.e.257")&gt;</var>
<status status="PASS" start="2026-08-20T16:25:08.633524" elapsed="0.009369"/>
</iter>
<iter>
<kw name="Get Text" owner="SeleniumLibrary">
<msg time="2026-08-20T16:25:08.650568" level="INFO">${text} = ผู้ใช้ต้อง Login ได้ (Must)</msg>
<var>${text}</var>
<arg>${option}</arg>
<doc>Returns the text value of the element identified by ``locator``.</doc>
<status status="PASS" start="2026-08-20T16:25:08.642893" elapsed="0.007675"/>
</kw>
<kw name="Run Keyword And Return Status" owner="BuiltIn">
<kw name="Should Contain" owner="BuiltIn">
<msg time="2026-08-20T16:25:08.651580" level="FAIL">'ผู้ใช้ต้อง Login ได้ (Must)' does not contain 'ต้นทาง'</msg>
<arg>${text}</arg>
<arg>${requirement_text}</arg>
<doc>Fails if ``container`` does not contain ``item`` one or more times.</doc>
<status status="FAIL" start="2026-08-20T16:25:08.651580" elapsed="0.000000">'ผู้ใช้ต้อง Login ได้ (Must)' does not contain 'ต้นทาง'</status>
</kw>
<msg time="2026-08-20T16:25:08.651580" level="INFO">${contains} = False</msg>
<var>${contains}</var>
<arg>Should Contain</arg>
<arg>${text}</arg>
<arg>${requirement_text}</arg>
<doc>Runs the given keyword with given arguments and returns the status as a Boolean value.</doc>
<status status="PASS" start="2026-08-20T16:25:08.651580" elapsed="0.000000"/>
</kw>
<if>
<branch type="IF" condition="${contains}">
<kw name="Get Element Attribute" owner="SeleniumLibrary">
<var>${value}</var>
<arg>${option}</arg>
<arg>value</arg>
<doc>Returns the value of ``attribute`` from the element ``locator``.</doc>
<status status="NOT RUN" start="2026-08-20T16:25:08.652584" elapsed="0.000000"/>
</kw>
<kw name="Select From List By Value" owner="SeleniumLibrary">
<arg>css:[data-testid="task-requirement"]</arg>
<arg>${value}</arg>
<doc>Selects options from selection list ``locator`` by ``values``.</doc>
<status status="NOT RUN" start="2026-08-20T16:25:08.652584" elapsed="0.000000"/>
</kw>
<return>
<status status="NOT RUN" start="2026-08-20T16:25:08.652584" elapsed="0.000000"/>
</return>
<status status="NOT RUN" start="2026-08-20T16:25:08.651580" elapsed="0.001004"/>
</branch>
<status status="PASS" start="2026-08-20T16:25:08.651580" elapsed="0.001004"/>
</if>
<var name="${option}">&lt;selenium.webdriver.remote.webelement.WebElement (session="e808094071a5e0d3e27cad078f5a7799", element="f.6E3B24534A7EF1255ABC0919C39E9973.d.DF8F779016F1A0647597FF785F572F56.e.259")&gt;</var>
<status status="PASS" start="2026-08-20T16:25:08.642893" elapsed="0.009691"/>
</iter>
<iter>
<kw name="Get Text" owner="SeleniumLibrary">
<msg time="2026-08-20T16:25:08.660687" level="INFO">${text} = Requirement ที่มีอยู่ (Must)</msg>
<var>${text}</var>
<arg>${option}</arg>
<doc>Returns the text value of the element identified by ``locator``.</doc>
<status status="PASS" start="2026-08-20T16:25:08.652584" elapsed="0.008103"/>
</kw>
<kw name="Run Keyword And Return Status" owner="BuiltIn">
<kw name="Should Contain" owner="BuiltIn">
<msg time="2026-08-20T16:25:08.661717" level="FAIL">'Requirement ที่มีอยู่ (Must)' does not contain 'ต้นทาง'</msg>
<arg>${text}</arg>
<arg>${requirement_text}</arg>
<doc>Fails if ``container`` does not contain ``item`` one or more times.</doc>
<status status="FAIL" start="2026-08-20T16:25:08.660687" elapsed="0.001030">'Requirement ที่มีอยู่ (Must)' does not contain 'ต้นทาง'</status>
</kw>
<msg time="2026-08-20T16:25:08.661717" level="INFO">${contains} = False</msg>
<var>${contains}</var>
<arg>Should Contain</arg>
<arg>${text}</arg>
<arg>${requirement_text}</arg>
<doc>Runs the given keyword with given arguments and returns the status as a Boolean value.</doc>
<status status="PASS" start="2026-08-20T16:25:08.660687" elapsed="0.001030"/>
</kw>
<if>
<branch type="IF" condition="${contains}">
<kw name="Get Element Attribute" owner="SeleniumLibrary">
<var>${value}</var>
<arg>${option}</arg>
<arg>value</arg>
<doc>Returns the value of ``attribute`` from the element ``locator``.</doc>
<status status="NOT RUN" start="2026-08-20T16:25:08.661717" elapsed="0.000000"/>
</kw>
<kw name="Select From List By Value" owner="SeleniumLibrary">
<arg>css:[data-testid="task-requirement"]</arg>
<arg>${value}</arg>
<doc>Selects options from selection list ``locator`` by ``values``.</doc>
<status status="NOT RUN" start="2026-08-20T16:25:08.661717" elapsed="0.000000"/>
</kw>
<return>
<status status="NOT RUN" start="2026-08-20T16:25:08.661717" elapsed="0.000000"/>
</return>
<status status="NOT RUN" start="2026-08-20T16:25:08.661717" elapsed="0.000000"/>
</branch>
<status status="PASS" start="2026-08-20T16:25:08.661717" elapsed="0.000000"/>
</if>
<var name="${option}">&lt;selenium.webdriver.remote.webelement.WebElement (session="e808094071a5e0d3e27cad078f5a7799", element="f.6E3B24534A7EF1255ABC0919C39E9973.d.DF8F779016F1A0647597FF785F572F56.e.261")&gt;</var>
<status status="PASS" start="2026-08-20T16:25:08.652584" elapsed="0.009133"/>
</iter>
<iter>
<kw name="Get Text" owner="SeleniumLibrary">
<msg time="2026-08-20T16:25:08.669712" level="INFO">${text} = ต้นทาง (Must)</msg>
<var>${text}</var>
<arg>${option}</arg>
<doc>Returns the text value of the element identified by ``locator``.</doc>
<status status="PASS" start="2026-08-20T16:25:08.663059" elapsed="0.006653"/>
</kw>
<kw name="Run Keyword And Return Status" owner="BuiltIn">
<kw name="Should Contain" owner="BuiltIn">
<arg>${text}</arg>
<arg>${requirement_text}</arg>
<doc>Fails if ``container`` does not contain ``item`` one or more times.</doc>
<status status="PASS" start="2026-08-20T16:25:08.669712" elapsed="0.001042"/>
</kw>
<msg time="2026-08-20T16:25:08.670754" level="INFO">${contains} = True</msg>
<var>${contains}</var>
<arg>Should Contain</arg>
<arg>${text}</arg>
<arg>${requirement_text}</arg>
<doc>Runs the given keyword with given arguments and returns the status as a Boolean value.</doc>
<status status="PASS" start="2026-08-20T16:25:08.669712" elapsed="0.001042"/>
</kw>
<if>
<branch type="IF" condition="${contains}">
<kw name="Get Element Attribute" owner="SeleniumLibrary">
<msg time="2026-08-20T16:25:08.677653" level="INFO">${value} = 47eeb27f-93df-4f1c-8b7f-d3f9d6563788</msg>
<var>${value}</var>
<arg>${option}</arg>
<arg>value</arg>
<doc>Returns the value of ``attribute`` from the element ``locator``.</doc>
<status status="PASS" start="2026-08-20T16:25:08.670754" elapsed="0.006899"/>
</kw>
<kw name="Select From List By Value" owner="SeleniumLibrary">
<msg time="2026-08-20T16:25:08.678679" level="INFO">Selecting options from selection list 'css:[data-testid="task-requirement"]' by value 47eeb27f-93df-4f1c-8b7f-d3f9d6563788.</msg>
<arg>css:[data-testid="task-requirement"]</arg>
<arg>${value}</arg>
<doc>Selects options from selection list ``locator`` by ``values``.</doc>
<status status="PASS" start="2026-08-20T16:25:08.678679" elapsed="0.051397"/>
</kw>
<return>
<status status="PASS" start="2026-08-20T16:25:08.730076" elapsed="0.000000"/>
</return>
<status status="PASS" start="2026-08-20T16:25:08.670754" elapsed="0.059322"/>
</branch>
<status status="PASS" start="2026-08-20T16:25:08.670754" elapsed="0.059322"/>
</if>
<var name="${option}">&lt;selenium.webdriver.remote.webelement.WebElement (session="e808094071a5e0d3e27cad078f5a7799", element="f.6E3B24534A7EF1255ABC0919C39E9973.d.DF8F779016F1A0647597FF785F572F56.e.263")&gt;</var>
<status status="PASS" start="2026-08-20T16:25:08.663059" elapsed="0.067017"/>
</iter>
<var>${option}</var>
<value>@{options}</value>
<status status="PASS" start="2026-08-20T16:25:08.633524" elapsed="0.096552"/>
</for>
<kw name="Fail" owner="BuiltIn">
<arg>ไม่พบตัวเลือก "${requirement_text}" ใน dropdown</arg>
<doc>Fails the test with the given message and optionally alters its tags.</doc>
<status status="NOT RUN" start="2026-08-20T16:25:08.731283" elapsed="0.000000"/>
</kw>
<arg>${requirement_text}</arg>
<doc>เลือก Requirement ต้นทาง (เลือกจากข้อความที่เห็น)</doc>
<status status="PASS" start="2026-08-20T16:25:08.626064" elapsed="0.105219"/>
</kw>
<kw name="Select Task Role" owner="robot_keywords">
<kw name="Select From List By Value" owner="SeleniumLibrary">
<msg time="2026-08-20T16:25:08.731283" level="INFO">Selecting options from selection list 'css:[data-testid="task-role"]' by value Dev.</msg>
<arg>css:[data-testid="task-role"]</arg>
<arg>${role}</arg>
<doc>Selects options from selection list ``locator`` by ``values``.</doc>
<status status="PASS" start="2026-08-20T16:25:08.731283" elapsed="0.050948"/>
</kw>
<arg>${role}</arg>
<doc>เลือกตำแหน่งผู้รับผิดชอบ</doc>
<status status="PASS" start="2026-08-20T16:25:08.731283" elapsed="0.052008"/>
</kw>
<kw name="Submit Task Form" owner="robot_keywords">
<kw name="Click Element" owner="SeleniumLibrary">
<msg time="2026-08-20T16:25:08.783291" level="INFO">Clicking element 'css:[data-testid="task-submit"]'.</msg>
<arg>css:[data-testid="task-submit"]</arg>
<doc>Click the element identified by ``locator``.</doc>
<status status="PASS" start="2026-08-20T16:25:08.783291" elapsed="0.048900"/>
</kw>
<doc>กดบันทึก Task</doc>
<status status="PASS" start="2026-08-20T16:25:08.783291" elapsed="0.048900"/>
</kw>
<kw name="Wait Until Element Is Visible" owner="SeleniumLibrary">
<arg>css:.board-card__title</arg>
<arg>timeout=5s</arg>
<doc>Waits until the element ``locator`` is visible.</doc>
<status status="PASS" start="2026-08-20T16:25:08.832191" elapsed="0.012979"/>
</kw>
<arg>งานแรก</arg>
<arg>ต้นทาง</arg>
<arg>Dev</arg>
<doc>สร้าง Task ครบวงจร</doc>
<status status="PASS" start="2026-08-20T16:25:08.498100" elapsed="0.347070"/>
</kw>
<kw name="Click Element" owner="SeleniumLibrary">
<msg time="2026-08-20T16:25:08.845170" level="INFO">Clicking element 'css:[data-testid="board-Tester-add"]'.</msg>
<arg>css:[data-testid="board-Tester-add"]</arg>
<doc>Click the element identified by ``locator``.</doc>
<status status="PASS" start="2026-08-20T16:25:08.845170" elapsed="0.053450"/>
</kw>
<kw name="Get Value" owner="SeleniumLibrary">
<msg time="2026-08-20T16:25:08.909688" level="INFO">${value} = Tester</msg>
<var>${value}</var>
<arg>css:[data-testid="task-role"]</arg>
<doc>Returns the value attribute of the element identified by ``locator``.</doc>
<status status="PASS" start="2026-08-20T16:25:08.898620" elapsed="0.011068"/>
</kw>
<kw name="Should Be Equal" owner="BuiltIn">
<arg>${value}</arg>
<arg>Tester</arg>
<doc>Fails if the given objects are unequal.</doc>
<status status="PASS" start="2026-08-20T16:25:08.909688" elapsed="0.001052"/>
</kw>
<doc>กด + ที่หัว column Tester → ฟอร์มมีค่า Tester อยู่แล้ว</doc>
<tag>column-add</tag>
<tag>FR2.3</tag>
<tag>M02</tag>
<tag>role</tag>
<status status="PASS" start="2026-08-20T16:25:07.867946" elapsed="1.042794"/>
</test>
<test id="s1-t6" name="กรองตามตำแหน่งต้องแสดงเฉพาะ Role ที่เลือก" line="89">
<kw name="Reset To Task Page">
<kw name="Go To" owner="SeleniumLibrary">
<msg time="2026-08-20T16:25:08.913071" level="INFO">Opening url 'http://localhost:5173/requirements'</msg>
<arg>${BASE_URL}/requirements</arg>
<doc>Navigates the current browser window to the provided ``url``.</doc>
<status status="PASS" start="2026-08-20T16:25:08.913071" elapsed="0.138362"/>
</kw>
<kw name="Wait Until Element Is Visible" owner="SeleniumLibrary">
<arg>css:[data-testid="nav-requirements"]</arg>
<arg>timeout=5s</arg>
<doc>Waits until the element ``locator`` is visible.</doc>
<status status="PASS" start="2026-08-20T16:25:09.051433" elapsed="0.019301"/>
</kw>
<doc>รีเซ็ตหน้าก่อนทุก test</doc>
<status status="PASS" start="2026-08-20T16:25:08.913071" elapsed="0.157663"/>
</kw>
<kw name="Navigate To Requirement Page" owner="robot_keywords">
<kw name="Click Element" owner="SeleniumLibrary">
<msg time="2026-08-20T16:25:09.071998" level="INFO">Clicking element 'css:[data-testid="nav-requirements"]'.</msg>
<arg>css:[data-testid="nav-requirements"]</arg>
<doc>Click the element identified by ``locator``.</doc>
<status status="PASS" start="2026-08-20T16:25:09.071998" elapsed="0.059609"/>
</kw>
<kw name="Wait Until Element Is Visible" owner="SeleniumLibrary">
<arg>css:h1</arg>
<doc>Waits until the element ``locator`` is visible.</doc>
<status status="PASS" start="2026-08-20T16:25:09.131607" elapsed="0.021337"/>
</kw>
<doc>ไปยังหน้าจัดการ Requirement</doc>
<status status="PASS" start="2026-08-20T16:25:09.071998" elapsed="0.080946"/>
</kw>
<kw name="Create Requirement" owner="robot_keywords">
<kw name="Click New Button" owner="robot_keywords">
<kw name="Click Element" owner="SeleniumLibrary">
<msg time="2026-08-20T16:25:09.155038" level="INFO">Clicking element 'css:[data-testid="toolbar-new"]'.</msg>
<arg>css:[data-testid="toolbar-new"]</arg>
<doc>Click the element identified by ``locator``.</doc>
<status status="PASS" start="2026-08-20T16:25:09.155038" elapsed="0.075023"/>
</kw>
<doc>คลิกปุ่มสร้างรายการใหม่</doc>
<status status="PASS" start="2026-08-20T16:25:09.154034" elapsed="0.076027"/>
</kw>
<kw name="Fill Requirement Title" owner="robot_keywords">
<kw name="Input Text" owner="SeleniumLibrary">
<msg time="2026-08-20T16:25:09.232057" level="INFO">Typing text 'Req A' into text field 'css:[data-testid="req-title"]'.</msg>
<arg>css:[data-testid="req-title"]</arg>
<arg>${title}</arg>
<doc>Types the given ``text`` into the text field identified by ``locator``.</doc>
<status status="PASS" start="2026-08-20T16:25:09.231056" elapsed="0.104569"/>
</kw>
<arg>${title}</arg>
<doc>กรอกหัวข้อ Requirement</doc>
<status status="PASS" start="2026-08-20T16:25:09.231056" elapsed="0.104569"/>
</kw>
<kw name="Select Requirement Category" owner="robot_keywords">
<kw name="Select From List By Value" owner="SeleniumLibrary">
<msg time="2026-08-20T16:25:09.337873" level="INFO">Selecting options from selection list 'css:[data-testid="req-category"]' by value Functional.</msg>
<arg>css:[data-testid="req-category"]</arg>
<arg>${category}</arg>
<doc>Selects options from selection list ``locator`` by ``values``.</doc>
<status status="PASS" start="2026-08-20T16:25:09.337873" elapsed="0.116036"/>
</kw>
<arg>${category}</arg>
<doc>เลือกประเภท Requirement</doc>
<status status="PASS" start="2026-08-20T16:25:09.336646" elapsed="0.117263"/>
</kw>
<kw name="Select Requirement Priority" owner="robot_keywords">
<kw name="Select From List By Value" owner="SeleniumLibrary">
<msg time="2026-08-20T16:25:09.454913" level="INFO">Selecting options from selection list 'css:[data-testid="req-priority"]' by value Must.</msg>
<arg>css:[data-testid="req-priority"]</arg>
<arg>${priority}</arg>
<doc>Selects options from selection list ``locator`` by ``values``.</doc>
<status status="PASS" start="2026-08-20T16:25:09.454913" elapsed="0.107857"/>
</kw>
<arg>${priority}</arg>
<doc>เลือกระดับความสำคัญ</doc>
<status status="PASS" start="2026-08-20T16:25:09.453909" elapsed="0.109862"/>
</kw>
<kw name="Submit Requirement Form" owner="robot_keywords">
<kw name="Click Element" owner="SeleniumLibrary">
<msg time="2026-08-20T16:25:09.564771" level="INFO">Clicking element 'css:[data-testid="req-submit"]'.</msg>
<arg>css:[data-testid="req-submit"]</arg>
<doc>Click the element identified by ``locator``.</doc>
<status status="PASS" start="2026-08-20T16:25:09.564771" elapsed="0.089473"/>
</kw>
<doc>กดบันทึก Requirement</doc>
<status status="PASS" start="2026-08-20T16:25:09.563771" elapsed="0.090473"/>
</kw>
<kw name="Wait Until Element Is Visible" owner="SeleniumLibrary">
<arg>css:.board-card__title</arg>
<arg>timeout=5s</arg>
<doc>Waits until the element ``locator`` is visible.</doc>
<status status="PASS" start="2026-08-20T16:25:09.654244" elapsed="0.019934"/>
</kw>
<arg>Req A</arg>
<arg>Functional</arg>
<arg>Must</arg>
<doc>สร้าง Requirement ครบวงจร</doc>
<status status="PASS" start="2026-08-20T16:25:09.154034" elapsed="0.520144"/>
</kw>
<kw name="Create Requirement" owner="robot_keywords">
<kw name="Click New Button" owner="robot_keywords">
<kw name="Click Element" owner="SeleniumLibrary">
<msg time="2026-08-20T16:25:09.676631" level="INFO">Clicking element 'css:[data-testid="toolbar-new"]'.</msg>
<arg>css:[data-testid="toolbar-new"]</arg>
<doc>Click the element identified by ``locator``.</doc>
<status status="PASS" start="2026-08-20T16:25:09.675630" elapsed="0.074356"/>
</kw>
<doc>คลิกปุ่มสร้างรายการใหม่</doc>
<status status="PASS" start="2026-08-20T16:25:09.675630" elapsed="0.075325"/>
</kw>
<kw name="Fill Requirement Title" owner="robot_keywords">
<kw name="Input Text" owner="SeleniumLibrary">
<msg time="2026-08-20T16:25:09.751910" level="INFO">Typing text 'Req B' into text field 'css:[data-testid="req-title"]'.</msg>
<arg>css:[data-testid="req-title"]</arg>
<arg>${title}</arg>
<doc>Types the given ``text`` into the text field identified by ``locator``.</doc>
<status status="PASS" start="2026-08-20T16:25:09.750955" elapsed="0.093535"/>
</kw>
<arg>${title}</arg>
<doc>กรอกหัวข้อ Requirement</doc>
<status status="PASS" start="2026-08-20T16:25:09.750955" elapsed="0.093535"/>
</kw>
<kw name="Select Requirement Category" owner="robot_keywords">
<kw name="Select From List By Value" owner="SeleniumLibrary">
<msg time="2026-08-20T16:25:09.845940" level="INFO">Selecting options from selection list 'css:[data-testid="req-category"]' by value Functional.</msg>
<arg>css:[data-testid="req-category"]</arg>
<arg>${category}</arg>
<doc>Selects options from selection list ``locator`` by ``values``.</doc>
<status status="PASS" start="2026-08-20T16:25:09.845940" elapsed="0.056435"/>
</kw>
<arg>${category}</arg>
<doc>เลือกประเภท Requirement</doc>
<status status="PASS" start="2026-08-20T16:25:09.844490" elapsed="0.058973"/>
</kw>
<kw name="Select Requirement Priority" owner="robot_keywords">
<kw name="Select From List By Value" owner="SeleniumLibrary">
<msg time="2026-08-20T16:25:09.904626" level="INFO">Selecting options from selection list 'css:[data-testid="req-priority"]' by value Should.</msg>
<arg>css:[data-testid="req-priority"]</arg>
<arg>${priority}</arg>
<doc>Selects options from selection list ``locator`` by ``values``.</doc>
<status status="PASS" start="2026-08-20T16:25:09.904626" elapsed="0.036012"/>
</kw>
<arg>${priority}</arg>
<doc>เลือกระดับความสำคัญ</doc>
<status status="PASS" start="2026-08-20T16:25:09.903463" elapsed="0.037175"/>
</kw>
<kw name="Submit Requirement Form" owner="robot_keywords">
<kw name="Click Element" owner="SeleniumLibrary">
<msg time="2026-08-20T16:25:09.941698" level="INFO">Clicking element 'css:[data-testid="req-submit"]'.</msg>
<arg>css:[data-testid="req-submit"]</arg>
<doc>Click the element identified by ``locator``.</doc>
<status status="PASS" start="2026-08-20T16:25:09.940638" elapsed="0.056282"/>
</kw>
<doc>กดบันทึก Requirement</doc>
<status status="PASS" start="2026-08-20T16:25:09.940638" elapsed="0.056282"/>
</kw>
<kw name="Wait Until Element Is Visible" owner="SeleniumLibrary">
<arg>css:.board-card__title</arg>
<arg>timeout=5s</arg>
<doc>Waits until the element ``locator`` is visible.</doc>
<status status="PASS" start="2026-08-20T16:25:09.996920" elapsed="0.017992"/>
</kw>
<arg>Req B</arg>
<arg>Functional</arg>
<arg>Should</arg>
<doc>สร้าง Requirement ครบวงจร</doc>
<status status="PASS" start="2026-08-20T16:25:09.674178" elapsed="0.340734"/>
</kw>
<kw name="Navigate To Task Page" owner="robot_keywords">
<kw name="Click Element" owner="SeleniumLibrary">
<msg time="2026-08-20T16:25:10.015957" level="INFO">Clicking element 'css:[data-testid="nav-tasks"]'.</msg>
<arg>css:[data-testid="nav-tasks"]</arg>
<doc>Click the element identified by ``locator``.</doc>
<status status="PASS" start="2026-08-20T16:25:10.015957" elapsed="0.058401"/>
</kw>
<kw name="Wait Until Element Is Visible" owner="SeleniumLibrary">
<arg>css:h1</arg>
<doc>Waits until the element ``locator`` is visible.</doc>
<status status="PASS" start="2026-08-20T16:25:10.074358" elapsed="0.013997"/>
</kw>
<doc>ไปยังหน้าจัดการ Task</doc>
<status status="PASS" start="2026-08-20T16:25:10.014912" elapsed="0.073443"/>
</kw>
<kw name="Create Task" owner="robot_keywords">
<kw name="Click New Button" owner="robot_keywords">
<kw name="Click Element" owner="SeleniumLibrary">
<msg time="2026-08-20T16:25:10.089453" level="INFO">Clicking element 'css:[data-testid="toolbar-new"]'.</msg>
<arg>css:[data-testid="toolbar-new"]</arg>
<doc>Click the element identified by ``locator``.</doc>
<status status="PASS" start="2026-08-20T16:25:10.089453" elapsed="0.052643"/>
</kw>
<doc>คลิกปุ่มสร้างรายการใหม่</doc>
<status status="PASS" start="2026-08-20T16:25:10.089453" elapsed="0.052643"/>
</kw>
<kw name="Fill Task Title" owner="robot_keywords">
<kw name="Input Text" owner="SeleniumLibrary">
<msg time="2026-08-20T16:25:10.142096" level="INFO">Typing text 'งาน Dev' into text field 'css:[data-testid="task-title"]'.</msg>
<arg>css:[data-testid="task-title"]</arg>
<arg>${title}</arg>
<doc>Types the given ``text`` into the text field identified by ``locator``.</doc>
<status status="PASS" start="2026-08-20T16:25:10.142096" elapsed="0.089217"/>
</kw>
<arg>${title}</arg>
<doc>กรอกหัวข้อ Task</doc>
<status status="PASS" start="2026-08-20T16:25:10.142096" elapsed="0.089217"/>
</kw>
<kw name="Select Task Requirement" owner="robot_keywords">
<kw name="Get WebElements" owner="SeleniumLibrary">
<msg time="2026-08-20T16:25:10.239118" level="INFO">${options} = [&lt;selenium.webdriver.remote.webelement.WebElement (session="e808094071a5e0d3e27cad078f5a7799", element="f.6E3B24534A7EF1255ABC0919C39E9973.d.9D833CA1E832153EF930E38AD946705B.e.344")&gt;, &lt;selenium.webdri...</msg>
<var>${options}</var>
<arg>css:[data-testid="task-requirement"] option</arg>
<doc>Returns a list of WebElement objects matching the ``locator``.</doc>
<status status="PASS" start="2026-08-20T16:25:10.232378" elapsed="0.006740"/>
</kw>
<for flavor="IN">
<iter>
<kw name="Get Text" owner="SeleniumLibrary">
<msg time="2026-08-20T16:25:10.246962" level="INFO">${text} = — เลือก Requirement —</msg>
<var>${text}</var>
<arg>${option}</arg>
<doc>Returns the text value of the element identified by ``locator``.</doc>
<status status="PASS" start="2026-08-20T16:25:10.239118" elapsed="0.007844"/>
</kw>
<kw name="Run Keyword And Return Status" owner="BuiltIn">
[...]
<status status="PASS" start="2026-08-20T16:25:22.557623" elapsed="0.009528"/>
</iter>
<iter>
<kw name="Get Text" owner="SeleniumLibrary">
<msg time="2026-08-20T16:25:22.577074" level="INFO">${text} = ย้ายฉัน (SA · ต้นทาง)</msg>
<var>${text}</var>
<arg>${option}</arg>
<doc>Returns the text value of the element identified by ``locator``.</doc>
<status status="PASS" start="2026-08-20T16:25:22.567151" elapsed="0.009923"/>
</kw>
<kw name="Run Keyword And Return Status" owner="BuiltIn">
<kw name="Should Contain" owner="BuiltIn">
<msg time="2026-08-20T16:25:22.578242" level="FAIL">'ย้ายฉัน (SA · ต้นทาง)' does not contain 'งานจะลบ'</msg>
<arg>${text}</arg>
<arg>${task_text}</arg>
<doc>Fails if ``container`` does not contain ``item`` one or more times.</doc>
<status status="FAIL" start="2026-08-20T16:25:22.578242" elapsed="0.000000">'ย้ายฉัน (SA · ต้นทาง)' does not contain 'งานจะลบ'</status>
</kw>
<msg time="2026-08-20T16:25:22.578242" level="INFO">${contains} = False</msg>
<var>${contains}</var>
<arg>Should Contain</arg>
<arg>${text}</arg>
<arg>${task_text}</arg>
<doc>Runs the given keyword with given arguments and returns the status as a Boolean value.</doc>
<status status="PASS" start="2026-08-20T16:25:22.577074" elapsed="0.001168"/>
</kw>
<if>
<branch type="IF" condition="${contains}">
<kw name="Get Element Attribute" owner="SeleniumLibrary">
<var>${value}</var>
<arg>${option}</arg>
<arg>value</arg>
<doc>Returns the value of ``attribute`` from the element ``locator``.</doc>
<status status="NOT RUN" start="2026-08-20T16:25:22.579250" elapsed="0.000000"/>
</kw>
<kw name="Select From List By Value" owner="SeleniumLibrary">
<arg>css:[data-testid="defect-task"]</arg>
<arg>${value}</arg>
<doc>Selects options from selection list ``locator`` by ``values``.</doc>
<status status="NOT RUN" start="2026-08-20T16:25:22.579250" elapsed="0.000000"/>
</kw>
<return>
<status status="NOT RUN" start="2026-08-20T16:25:22.579250" elapsed="0.000000"/>
</return>
<status status="NOT RUN" start="2026-08-20T16:25:22.578242" elapsed="0.001008"/>
</branch>
<status status="PASS" start="2026-08-20T16:25:22.578242" elapsed="0.001008"/>
</if>
<var name="${option}">&lt;selenium.webdriver.remote.webelement.WebElement (session="e808094071a5e0d3e27cad078f5a7799", element="f.6E3B24534A7EF1255ABC0919C39E9973.d.02E4F1E14699F3EDF2DEECA0F027A734.e.1208")&gt;</var>
<status status="PASS" start="2026-08-20T16:25:22.567151" elapsed="0.012099"/>
</iter>
<iter>
<kw name="Get Text" owner="SeleniumLibrary">
<msg time="2026-08-20T16:25:22.587695" level="INFO">${text} = ทำหน้ารายงาน (Dev · ผู้ใช้ต้องออกรายงานได้)</msg>
<var>${text}</var>
<arg>${option}</arg>
<doc>Returns the text value of the element identified by ``locator``.</doc>
<status status="PASS" start="2026-08-20T16:25:22.579250" elapsed="0.008445"/>
</kw>
<kw name="Run Keyword And Return Status" owner="BuiltIn">
<kw name="Should Contain" owner="BuiltIn">
<msg time="2026-08-20T16:25:22.588832" level="FAIL">'ทำหน้ารายงาน (Dev · ผู้ใช้ต้องออกรายงานได้)' does not contain 'งานจะลบ'</msg>
<arg>${text}</arg>
<arg>${task_text}</arg>
<doc>Fails if ``container`` does not contain ``item`` one or more times.</doc>
<status status="FAIL" start="2026-08-20T16:25:22.588832" elapsed="0.000000">'ทำหน้ารายงาน (Dev · ผู้ใช้ต้องออกรายงานได้)' does not contain 'งานจะลบ'</status>
</kw>
<msg time="2026-08-20T16:25:22.588832" level="INFO">${contains} = False</msg>
<var>${contains}</var>
<arg>Should Contain</arg>
<arg>${text}</arg>
<arg>${task_text}</arg>
<doc>Runs the given keyword with given arguments and returns the status as a Boolean value.</doc>
<status status="PASS" start="2026-08-20T16:25:22.588832" elapsed="0.000000"/>
</kw>
<if>
<branch type="IF" condition="${contains}">
<kw name="Get Element Attribute" owner="SeleniumLibrary">
<var>${value}</var>
<arg>${option}</arg>
<arg>value</arg>
<doc>Returns the value of ``attribute`` from the element ``locator``.</doc>
<status status="NOT RUN" start="2026-08-20T16:25:22.588832" elapsed="0.000000"/>
</kw>
<kw name="Select From List By Value" owner="SeleniumLibrary">
<arg>css:[data-testid="defect-task"]</arg>
<arg>${value}</arg>
<doc>Selects options from selection list ``locator`` by ``values``.</doc>
<status status="NOT RUN" start="2026-08-20T16:25:22.588832" elapsed="0.000000"/>
</kw>
<return>
<status status="NOT RUN" start="2026-08-20T16:25:22.590291" elapsed="0.000000"/>
</return>
<status status="NOT RUN" start="2026-08-20T16:25:22.588832" elapsed="0.001459"/>
</branch>
<status status="PASS" start="2026-08-20T16:25:22.588832" elapsed="0.001459"/>
</if>
<var name="${option}">&lt;selenium.webdriver.remote.webelement.WebElement (session="e808094071a5e0d3e27cad078f5a7799", element="f.6E3B24534A7EF1255ABC0919C39E9973.d.02E4F1E14699F3EDF2DEECA0F027A734.e.1210")&gt;</var>
<status status="PASS" start="2026-08-20T16:25:22.579250" elapsed="0.011041"/>
</iter>
<iter>
<kw name="Get Text" owner="SeleniumLibrary">
<msg time="2026-08-20T16:25:22.596934" level="INFO">${text} = งานมีปัญหา (Dev · ต้นทาง)</msg>
<var>${text}</var>
<arg>${option}</arg>
<doc>Returns the text value of the element identified by ``locator``.</doc>
<status status="PASS" start="2026-08-20T16:25:22.590291" elapsed="0.006643"/>
</kw>
<kw name="Run Keyword And Return Status" owner="BuiltIn">
<kw name="Should Contain" owner="BuiltIn">
<msg time="2026-08-20T16:25:22.598076" level="FAIL">'งานมีปัญหา (Dev · ต้นทาง)' does not contain 'งานจะลบ'</msg>
<arg>${text}</arg>
<arg>${task_text}</arg>
<doc>Fails if ``container`` does not contain ``item`` one or more times.</doc>
<status status="FAIL" start="2026-08-20T16:25:22.596934" elapsed="0.001142">'งานมีปัญหา (Dev · ต้นทาง)' does not contain 'งานจะลบ'</status>
</kw>
<msg time="2026-08-20T16:25:22.598076" level="INFO">${contains} = False</msg>
<var>${contains}</var>
<arg>Should Contain</arg>
<arg>${text}</arg>
<arg>${task_text}</arg>
<doc>Runs the given keyword with given arguments and returns the status as a Boolean value.</doc>
<status status="PASS" start="2026-08-20T16:25:22.596934" elapsed="0.001142"/>
</kw>
<if>
<branch type="IF" condition="${contains}">
<kw name="Get Element Attribute" owner="SeleniumLibrary">
<var>${value}</var>
<arg>${option}</arg>
<arg>value</arg>
<doc>Returns the value of ``attribute`` from the element ``locator``.</doc>
<status status="NOT RUN" start="2026-08-20T16:25:22.598076" elapsed="0.000000"/>
</kw>
<kw name="Select From List By Value" owner="SeleniumLibrary">
<arg>css:[data-testid="defect-task"]</arg>
<arg>${value}</arg>
<doc>Selects options from selection list ``locator`` by ``values``.</doc>
<status status="NOT RUN" start="2026-08-20T16:25:22.598076" elapsed="0.000000"/>
</kw>
<return>
<status status="NOT RUN" start="2026-08-20T16:25:22.598076" elapsed="0.000000"/>
</return>
<status status="NOT RUN" start="2026-08-20T16:25:22.598076" elapsed="0.000000"/>
</branch>
<status status="PASS" start="2026-08-20T16:25:22.598076" elapsed="0.001000"/>
</if>
<var name="${option}">&lt;selenium.webdriver.remote.webelement.WebElement (session="e808094071a5e0d3e27cad078f5a7799", element="f.6E3B24534A7EF1255ABC0919C39E9973.d.02E4F1E14699F3EDF2DEECA0F027A734.e.1212")&gt;</var>
<status status="PASS" start="2026-08-20T16:25:22.590291" elapsed="0.008785"/>
</iter>
<iter>
<kw name="Get Text" owner="SeleniumLibrary">
<msg time="2026-08-20T16:25:22.606063" level="INFO">${text} = งานจะลบ (Dev · ต้นทาง)</msg>
<var>${text}</var>
<arg>${option}</arg>
<doc>Returns the text value of the element identified by ``locator``.</doc>
<status status="PASS" start="2026-08-20T16:25:22.599076" elapsed="0.006987"/>
</kw>
<kw name="Run Keyword And Return Status" owner="BuiltIn">
<kw name="Should Contain" owner="BuiltIn">
<arg>${text}</arg>
<arg>${task_text}</arg>
<doc>Fails if ``container`` does not contain ``item`` one or more times.</doc>
<status status="PASS" start="2026-08-20T16:25:22.607208" elapsed="0.000000"/>
</kw>
<msg time="2026-08-20T16:25:22.607208" level="INFO">${contains} = True</msg>
<var>${contains}</var>
<arg>Should Contain</arg>
<arg>${text}</arg>
<arg>${task_text}</arg>
<doc>Runs the given keyword with given arguments and returns the status as a Boolean value.</doc>
<status status="PASS" start="2026-08-20T16:25:22.607208" elapsed="0.000000"/>
</kw>
<if>
<branch type="IF" condition="${contains}">
<kw name="Get Element Attribute" owner="SeleniumLibrary">
<msg time="2026-08-20T16:25:22.613787" level="INFO">${value} = fb0082a8-b1e9-46f2-ac32-100d7f3f0ffa</msg>
<var>${value}</var>
<arg>${option}</arg>
<arg>value</arg>
<doc>Returns the value of ``attribute`` from the element ``locator``.</doc>
<status status="PASS" start="2026-08-20T16:25:22.607208" elapsed="0.006579"/>
</kw>
<kw name="Select From List By Value" owner="SeleniumLibrary">
<msg time="2026-08-20T16:25:22.613787" level="INFO">Selecting options from selection list 'css:[data-testid="defect-task"]' by value fb0082a8-b1e9-46f2-ac32-100d7f3f0ffa.</msg>
<arg>css:[data-testid="defect-task"]</arg>
<arg>${value}</arg>
<doc>Selects options from selection list ``locator`` by ``values``.</doc>
<status status="PASS" start="2026-08-20T16:25:22.613787" elapsed="0.060943"/>
</kw>
<return>
<status status="PASS" start="2026-08-20T16:25:22.674730" elapsed="0.000000"/>
</return>
<status status="PASS" start="2026-08-20T16:25:22.607208" elapsed="0.067522"/>
</branch>
<status status="PASS" start="2026-08-20T16:25:22.607208" elapsed="0.067522"/>
</if>
<var name="${option}">&lt;selenium.webdriver.remote.webelement.WebElement (session="e808094071a5e0d3e27cad078f5a7799", element="f.6E3B24534A7EF1255ABC0919C39E9973.d.02E4F1E14699F3EDF2DEECA0F027A734.e.1214")&gt;</var>
<status status="PASS" start="2026-08-20T16:25:22.599076" elapsed="0.075654"/>
</iter>
<var>${option}</var>
<value>@{options}</value>
<status status="PASS" start="2026-08-20T16:25:22.499895" elapsed="0.174835"/>
</for>
<kw name="Fail" owner="BuiltIn">
<arg>ไม่พบตัวเลือก "${task_text}" ใน dropdown</arg>
<doc>Fails the test with the given message and optionally alters its tags.</doc>
<status status="NOT RUN" start="2026-08-20T16:25:22.676359" elapsed="0.000000"/>
</kw>
<arg>${task_text}</arg>
<doc>เลือก Task ต้นทาง (เลือกจากข้อความที่เห็น)</doc>
<status status="PASS" start="2026-08-20T16:25:22.491223" elapsed="0.185136"/>
</kw>
<kw name="Select Defect Type" owner="robot_keywords">
<kw name="Select From List By Value" owner="SeleniumLibrary">
<msg time="2026-08-20T16:25:22.677361" level="INFO">Selecting options from selection list 'css:[data-testid="defect-type"]' by value Code Bug.</msg>
<arg>css:[data-testid="defect-type"]</arg>
<arg>${type}</arg>
<doc>Selects options from selection list ``locator`` by ``values``.</doc>
<status status="PASS" start="2026-08-20T16:25:22.677361" elapsed="0.060231"/>
</kw>
<arg>${type}</arg>
<doc>เลือกประเภท Defect</doc>
<status status="PASS" start="2026-08-20T16:25:22.676359" elapsed="0.061233"/>
</kw>
<kw name="Select Defect Severity" owner="robot_keywords">
<kw name="Select From List By Value" owner="SeleniumLibrary">
<msg time="2026-08-20T16:25:22.738770" level="INFO">Selecting options from selection list 'css:[data-testid="defect-severity"]' by value Low.</msg>
<arg>css:[data-testid="defect-severity"]</arg>
<arg>${severity}</arg>
<doc>Selects options from selection list ``locator`` by ``values``.</doc>
<status status="PASS" start="2026-08-20T16:25:22.738770" elapsed="0.056879"/>
</kw>
<arg>${severity}</arg>
<doc>เลือกความรุนแรง</doc>
<status status="PASS" start="2026-08-20T16:25:22.737592" elapsed="0.058057"/>
</kw>
<kw name="Submit Defect Form" owner="robot_keywords">
<kw name="Click Element" owner="SeleniumLibrary">
<msg time="2026-08-20T16:25:22.796694" level="INFO">Clicking element 'css:[data-testid="defect-submit"]'.</msg>
<arg>css:[data-testid="defect-submit"]</arg>
<doc>Click the element identified by ``locator``.</doc>
<status status="PASS" start="2026-08-20T16:25:22.796694" elapsed="0.055799"/>
</kw>
<doc>กดบันทึก Defect</doc>
<status status="PASS" start="2026-08-20T16:25:22.795649" elapsed="0.056844"/>
</kw>
<kw name="Wait Until Element Is Visible" owner="SeleniumLibrary">
<arg>css:.board-card__title</arg>
<arg>timeout=5s</arg>
<doc>Waits until the element ``locator`` is visible.</doc>
<status status="PASS" start="2026-08-20T16:25:22.852493" elapsed="0.015304"/>
</kw>
<arg>Defect B</arg>
<arg>งานจะลบ</arg>
<arg>Code Bug</arg>
<arg>Low</arg>
<doc>สร้าง Defect ครบวงจร</doc>
<status status="PASS" start="2026-08-20T16:25:22.344775" elapsed="0.524065"/>
</kw>
<kw name="Navigate To Task Page" owner="robot_keywords">
<kw name="Click Element" owner="SeleniumLibrary">
<msg time="2026-08-20T16:25:22.868840" level="INFO">Clicking element 'css:[data-testid="nav-tasks"]'.</msg>
<arg>css:[data-testid="nav-tasks"]</arg>
<doc>Click the element identified by ``locator``.</doc>
<status status="PASS" start="2026-08-20T16:25:22.868840" elapsed="0.063005"/>
</kw>
<kw name="Wait Until Element Is Visible" owner="SeleniumLibrary">
<arg>css:h1</arg>
<doc>Waits until the element ``locator`` is visible.</doc>
<status status="PASS" start="2026-08-20T16:25:22.931845" elapsed="0.017626"/>
</kw>
<doc>ไปยังหน้าจัดการ Task</doc>
<status status="PASS" start="2026-08-20T16:25:22.868840" elapsed="0.080631"/>
</kw>
<kw name="Open Card" owner="robot_keywords">
<kw name="Click Element" owner="SeleniumLibrary">
<msg time="2026-08-20T16:25:22.950814" level="INFO">Clicking element 'xpath://span[contains(@class,'board-card__title') and text()='งานจะลบ']'.</msg>
<arg>xpath://span[contains(@class,'board-card__title') and text()='${title}']</arg>
<doc>Click the element identified by ``locator``.</doc>
<status status="PASS" start="2026-08-20T16:25:22.950814" elapsed="0.061995"/>
</kw>
<arg>งานจะลบ</arg>
<doc>เปิดรายละเอียดของการ์ด</doc>
<status status="PASS" start="2026-08-20T16:25:22.950814" elapsed="0.061995"/>
</kw>
<kw name="Click Delete Button" owner="robot_keywords">
<kw name="Click Element" owner="SeleniumLibrary">
<msg time="2026-08-20T16:25:23.013852" level="INFO">Clicking element 'css:[data-testid="detail-delete"]'.</msg>
<arg>css:[data-testid="detail-delete"]</arg>
<doc>Click the element identified by ``locator``.</doc>
<status status="PASS" start="2026-08-20T16:25:23.013852" elapsed="0.052639"/>
</kw>
<doc>คลิกปุ่มลบ</doc>
<status status="PASS" start="2026-08-20T16:25:23.012809" elapsed="0.053682"/>
</kw>
<kw name="Dialog Should Be Visible" owner="robot_keywords">
<kw name="Wait Until Element Is Visible" owner="SeleniumLibrary">
<arg>css:[role="dialog"]</arg>
<arg>timeout=5s</arg>
<doc>Waits until the element ``locator`` is visible.</doc>
<status status="PASS" start="2026-08-20T16:25:23.067701" elapsed="0.013982"/>
</kw>
<doc>ตรวจสอบว่า dialog ยืนยันแสดงอยู่</doc>
<status status="PASS" start="2026-08-20T16:25:23.066491" elapsed="0.015192"/>
</kw>
<kw name="Dialog Should Contain" owner="robot_keywords">
<kw name="Element Should Contain" owner="SeleniumLibrary">
<msg time="2026-08-20T16:25:23.095484" level="INFO">Element 'css:[role="dialog"]' contains text '2 Defects'.</msg>
<arg>css:[role="dialog"]</arg>
<arg>${text}</arg>
<doc>Verifies that element ``locator`` contains text ``expected``.</doc>
<status status="PASS" start="2026-08-20T16:25:23.081683" elapsed="0.013801"/>
</kw>
<arg>2 Defects</arg>
<doc>ตรวจสอบข้อความใน dialog</doc>
<status status="PASS" start="2026-08-20T16:25:23.081683" elapsed="0.014817"/>
</kw>
<kw name="Confirm Delete" owner="robot_keywords">
<kw name="Click Element" owner="SeleniumLibrary">
<msg time="2026-08-20T16:25:23.096500" level="INFO">Clicking element 'css:[data-testid="confirm-ok"]'.</msg>
<arg>css:[data-testid="confirm-ok"]</arg>
<doc>Click the element identified by ``locator``.</doc>
<status status="PASS" start="2026-08-20T16:25:23.096500" elapsed="0.056557"/>
</kw>
<doc>ยืนยันการลบ</doc>
<status status="PASS" start="2026-08-20T16:25:23.096500" elapsed="0.057556"/>
</kw>
<kw name="Card Should Not Exist" owner="robot_keywords">
<kw name="Page Should Not Contain Element" owner="SeleniumLibrary">
<msg time="2026-08-20T16:25:23.164759" level="INFO">Current page does not contain element 'xpath://span[contains(@class,'board-card__title') and text()='งานจะลบ']'.</msg>
<arg>xpath://span[contains(@class,'board-card__title') and text()='${title}']</arg>
<doc>Verifies that element ``locator`` is not found on the current page.</doc>
<status status="PASS" start="2026-08-20T16:25:23.154056" elapsed="0.010703"/>
</kw>
<arg>งานจะลบ</arg>
<doc>ตรวจสอบว่าการ์ดไม่มีอยู่</doc>
<status status="PASS" start="2026-08-20T16:25:23.154056" elapsed="0.010703"/>
</kw>
<kw name="Nav Count Should Be" owner="robot_keywords">
<kw name="Element Should Contain" owner="SeleniumLibrary">
<msg time="2026-08-20T16:25:23.293394" level="INFO" html="true">&lt;/td&gt;&lt;/tr&gt;&lt;tr&gt;&lt;td colspan="3"&gt;&lt;a href="selenium-screenshot-2.png"&gt;&lt;img src="selenium-screenshot-2.png" width="800px"&gt;&lt;/a&gt;</msg>
<msg time="2026-08-20T16:25:23.293394" level="FAIL">Element 'css:[data-testid="nav-defects"] .sidebar__count' should have contained text '0' but its text was '2'.</msg>
<arg>css:[data-testid="nav-${module}"] .sidebar__count</arg>
<arg>${count}</arg>
<doc>Verifies that element ``locator`` contains text ``expected``.</doc>
<status status="FAIL" start="2026-08-20T16:25:23.166345" elapsed="0.128134">Element 'css:[data-testid="nav-defects"] .sidebar__count' should have contained text '0' but its text was '2'.</status>
</kw>
<arg>defects</arg>
<arg>0</arg>
<doc>ตรวจสอบตัวเลขนับในเมนูซ้าย</doc>
<status status="FAIL" start="2026-08-20T16:25:23.165268" elapsed="0.129211">Element 'css:[data-testid="nav-defects"] .sidebar__count' should have contained text '0' but its text was '2'.</status>
</kw>
<doc>Task มี Defect ผูก → dialog บอกจำนวน Defect ที่จะถูกลบตาม</doc>
<tag>cascade</tag>
<tag>delete</tag>
<tag>FR4.5</tag>
<tag>M02</tag>
<status status="FAIL" start="2026-08-20T16:25:20.620689" elapsed="2.675132">Element 'css:[data-testid="nav-defects"] .sidebar__count' should have contained text '0' but its text was '2'.</status>
</test>
<kw name="Close Application" owner="robot_keywords" type="TEARDOWN">
<kw name="Close All Browsers" owner="SeleniumLibrary">
<doc>Closes all open browsers and resets the browser cache.</doc>
<status status="PASS" start="2026-08-20T16:25:23.296970" elapsed="2.701603"/>
</kw>
<doc>ปิดเบราว์เซอร์</doc>
<status status="PASS" start="2026-08-20T16:25:23.296970" elapsed="2.701603"/>
</kw>
<doc>ทดสอบโมดูลจัดการ Task (M02)
ครอบคลุม FR2.1-FR2.7, FR4.5</doc>
<status status="FAIL" start="2026-08-20T16:24:55.564824" elapsed="30.433749"/>
</suite>
<statistics>
<total>
<stat pass="10" fail="2" skip="0">All Tests</stat>
</total>
<tag>
<stat pass="0" fail="1" skip="0">cascade</stat>
<stat pass="1" fail="0" skip="0">column-add</stat>
<stat pass="1" fail="0" skip="0">create</stat>
<stat pass="1" fail="0" skip="0">defect-count</stat>
<stat pass="1" fail="1" skip="0">delete</stat>
<stat pass="1" fail="0" skip="0">edit</stat>
<stat pass="2" fail="0" skip="0">filter</stat>
<stat pass="1" fail="0" skip="0">FR2.1</stat>
<stat pass="1" fail="1" skip="0">FR2.2</stat>
<stat pass="2" fail="0" skip="0">FR2.3</stat>
<stat pass="2" fail="0" skip="0">FR2.4</stat>
<stat pass="2" fail="0" skip="0">FR2.5</stat>
<stat pass="1" fail="0" skip="0">FR2.6</stat>
<stat pass="1" fail="0" skip="0">FR2.7</stat>
<stat pass="0" fail="1" skip="0">FR4.5</stat>
<stat pass="1" fail="0" skip="0">happy-path</stat>
<stat pass="10" fail="2" skip="0">M02</stat>
<stat pass="1" fail="0" skip="0">requirement</stat>
<stat pass="1" fail="1" skip="0">requirement-link</stat>
<stat pass="3" fail="0" skip="0">role</stat>
<stat pass="1" fail="0" skip="0">traceability</stat>
<stat pass="2" fail="1" skip="0">validation</stat>
</tag>
<suite>
<stat pass="10" fail="2" skip="0" id="s1" name="Task Management">Task Management</stat>
</suite>
</statistics>
<errors>
</errors>
</robot>
