<?xml version="1.0" encoding="UTF-8"?>
<robot generator="Robot 7.0 (Python 3.11.8 on win32)" generated="2026-08-20T16:29:12.604942" rpa="false" schemaversion="5">
<suite id="s1" name="Defect Tracking" source="C:\Users\katsa\kiro\ai-dlc-kiro-dudee\tests\robot\M03-defect-tracking\defect_tracking.robot">
<kw name="Open Application" owner="robot_keywords" type="SETUP">
<kw name="Open Browser" owner="SeleniumLibrary">
<msg time="2026-08-20T16:29:12.885885" level="INFO">Opening browser 'chrome' to base url 'http://localhost:5173'.</msg>
<arg>${BASE_URL}</arg>
<arg>${BROWSER}</arg>
<doc>Opens a new browser instance to the optional ``url``.</doc>
<status status="PASS" start="2026-08-20T16:29:12.885885" elapsed="2.612951"/>
</kw>
<kw name="Maximize Browser Window" owner="SeleniumLibrary">
<doc>Maximizes current browser window.</doc>
<status status="PASS" start="2026-08-20T16:29:15.499837" elapsed="0.513049"/>
</kw>
<kw name="Wait Until Element Is Visible" owner="SeleniumLibrary">
<arg>css:[data-testid="nav-requirements"]</arg>
<arg>timeout=10s</arg>
<doc>Waits until the element ``locator`` is visible.</doc>
<status status="PASS" start="2026-08-20T16:29:16.012886" elapsed="0.031508"/>
</kw>
<doc>เปิดแอปพลิเคชันในเบราว์เซอร์</doc>
<status status="PASS" start="2026-08-20T16:29:12.884869" elapsed="3.159525"/>
</kw>
<test id="s1-t1" name="สร้าง Defect ใหม่ได้สำเร็จเมื่อกรอกข้อมูลครบถ้วน" line="27">
<kw name="Reset Page">
<kw name="Go To" owner="SeleniumLibrary">
<msg time="2026-08-20T16:29:16.048509" level="INFO">Opening url 'http://localhost:5173/requirements'</msg>
<arg>${BASE_URL}/requirements</arg>
<doc>Navigates the current browser window to the provided ``url``.</doc>
<status status="PASS" start="2026-08-20T16:29:16.048509" elapsed="0.153597"/>
</kw>
<kw name="Wait Until Element Is Visible" owner="SeleniumLibrary">
<arg>css:[data-testid="nav-requirements"]</arg>
<arg>timeout=5s</arg>
<doc>Waits until the element ``locator`` is visible.</doc>
<status status="PASS" start="2026-08-20T16:29:16.202106" elapsed="0.030481"/>
</kw>
<doc>รีเซ็ตหน้าก่อนทุก test</doc>
<status status="PASS" start="2026-08-20T16:29:16.047466" elapsed="0.186166"/>
</kw>
<kw name="Setup Requirement And Task">
<kw name="Navigate To Requirement Page" owner="robot_keywords">
<kw name="Click Element" owner="SeleniumLibrary">
<msg time="2026-08-20T16:29:16.235708" level="INFO">Clicking element 'css:[data-testid="nav-requirements"]'.</msg>
<arg>css:[data-testid="nav-requirements"]</arg>
<doc>Click the element identified by ``locator``.</doc>
<status status="PASS" start="2026-08-20T16:29:16.235708" elapsed="0.152364"/>
</kw>
<kw name="Wait Until Element Is Visible" owner="SeleniumLibrary">
<arg>css:h1</arg>
<doc>Waits until the element ``locator`` is visible.</doc>
<status status="PASS" start="2026-08-20T16:29:16.388072" elapsed="0.025440"/>
</kw>
<doc>ไปยังหน้าจัดการ Requirement</doc>
<status status="PASS" start="2026-08-20T16:29:16.234630" elapsed="0.178882"/>
</kw>
<kw name="Create Requirement" owner="robot_keywords">
<kw name="Click New Button" owner="robot_keywords">
<kw name="Click Element" owner="SeleniumLibrary">
<msg time="2026-08-20T16:29:16.414515" level="INFO">Clicking element 'css:[data-testid="toolbar-new"]'.</msg>
<arg>css:[data-testid="toolbar-new"]</arg>
<doc>Click the element identified by ``locator``.</doc>
<status status="PASS" start="2026-08-20T16:29:16.414515" elapsed="0.079605"/>
</kw>
<doc>คลิกปุ่มสร้างรายการใหม่</doc>
<status status="PASS" start="2026-08-20T16:29:16.413512" elapsed="0.080608"/>
</kw>
<kw name="Fill Requirement Title" owner="robot_keywords">
<kw name="Input Text" owner="SeleniumLibrary">
<msg time="2026-08-20T16:29:16.495434" level="INFO">Typing text 'Req Login' into text field 'css:[data-testid="req-title"]'.</msg>
<arg>css:[data-testid="req-title"]</arg>
<arg>${title}</arg>
<doc>Types the given ``text`` into the text field identified by ``locator``.</doc>
<status status="PASS" start="2026-08-20T16:29:16.494120" elapsed="0.116657"/>
</kw>
<arg>${title}</arg>
<doc>กรอกหัวข้อ Requirement</doc>
<status status="PASS" start="2026-08-20T16:29:16.494120" elapsed="0.116657"/>
</kw>
<kw name="Select Requirement Category" owner="robot_keywords">
<kw name="Select From List By Value" owner="SeleniumLibrary">
<msg time="2026-08-20T16:29:16.612001" level="INFO">Selecting options from selection list 'css:[data-testid="req-category"]' by value Functional.</msg>
<arg>css:[data-testid="req-category"]</arg>
<arg>${category}</arg>
<doc>Selects options from selection list ``locator`` by ``values``.</doc>
<status status="PASS" start="2026-08-20T16:29:16.612001" elapsed="0.080606"/>
</kw>
<arg>${category}</arg>
<doc>เลือกประเภท Requirement</doc>
<status status="PASS" start="2026-08-20T16:29:16.610777" elapsed="0.081830"/>
</kw>
<kw name="Select Requirement Priority" owner="robot_keywords">
<kw name="Select From List By Value" owner="SeleniumLibrary">
<msg time="2026-08-20T16:29:16.693608" level="INFO">Selecting options from selection list 'css:[data-testid="req-priority"]' by value Must.</msg>
<arg>css:[data-testid="req-priority"]</arg>
<arg>${priority}</arg>
<doc>Selects options from selection list ``locator`` by ``values``.</doc>
<status status="PASS" start="2026-08-20T16:29:16.693608" elapsed="0.070566"/>
</kw>
<arg>${priority}</arg>
<doc>เลือกระดับความสำคัญ</doc>
<status status="PASS" start="2026-08-20T16:29:16.692607" elapsed="0.071567"/>
</kw>
<kw name="Submit Requirement Form" owner="robot_keywords">
<kw name="Click Element" owner="SeleniumLibrary">
<msg time="2026-08-20T16:29:16.767567" level="INFO">Clicking element 'css:[data-testid="req-submit"]'.</msg>
<arg>css:[data-testid="req-submit"]</arg>
<doc>Click the element identified by ``locator``.</doc>
<status status="PASS" start="2026-08-20T16:29:16.766553" elapsed="0.060826"/>
</kw>
<doc>กดบันทึก Requirement</doc>
<status status="PASS" start="2026-08-20T16:29:16.764174" elapsed="0.063205"/>
</kw>
<kw name="Wait Until Element Is Visible" owner="SeleniumLibrary">
<arg>css:.board-card__title</arg>
<arg>timeout=5s</arg>
<doc>Waits until the element ``locator`` is visible.</doc>
<status status="PASS" start="2026-08-20T16:29:16.827379" elapsed="0.016365"/>
</kw>
<arg>${req_title}</arg>
<arg>Functional</arg>
<arg>Must</arg>
<doc>สร้าง Requirement ครบวงจร</doc>
<status status="PASS" start="2026-08-20T16:29:16.413512" elapsed="0.430232"/>
</kw>
<kw name="Navigate To Task Page" owner="robot_keywords">
<kw name="Click Element" owner="SeleniumLibrary">
<msg time="2026-08-20T16:29:16.844743" level="INFO">Clicking element 'css:[data-testid="nav-tasks"]'.</msg>
<arg>css:[data-testid="nav-tasks"]</arg>
<doc>Click the element identified by ``locator``.</doc>
<status status="PASS" start="2026-08-20T16:29:16.844743" elapsed="0.076844"/>
</kw>
<kw name="Wait Until Element Is Visible" owner="SeleniumLibrary">
<arg>css:h1</arg>
<doc>Waits until the element ``locator`` is visible.</doc>
<status status="PASS" start="2026-08-20T16:29:16.921587" elapsed="0.017691"/>
</kw>
<doc>ไปยังหน้าจัดการ Task</doc>
<status status="PASS" start="2026-08-20T16:29:16.844743" elapsed="0.095536"/>
</kw>
<kw name="Create Task" owner="robot_keywords">
<kw name="Click New Button" owner="robot_keywords">
<kw name="Click Element" owner="SeleniumLibrary">
<msg time="2026-08-20T16:29:16.941786" level="INFO">Clicking element 'css:[data-testid="toolbar-new"]'.</msg>
<arg>css:[data-testid="toolbar-new"]</arg>
<doc>Click the element identified by ``locator``.</doc>
<status status="PASS" start="2026-08-20T16:29:16.941786" elapsed="0.087535"/>
</kw>
<doc>คลิกปุ่มสร้างรายการใหม่</doc>
<status status="PASS" start="2026-08-20T16:29:16.941277" elapsed="0.088044"/>
</kw>
<kw name="Fill Task Title" owner="robot_keywords">
<kw name="Input Text" owner="SeleniumLibrary">
<msg time="2026-08-20T16:29:17.030322" level="INFO">Typing text 'Task Login' into text field 'css:[data-testid="task-title"]'.</msg>
<arg>css:[data-testid="task-title"]</arg>
<arg>${title}</arg>
<doc>Types the given ``text`` into the text field identified by ``locator``.</doc>
<status status="PASS" start="2026-08-20T16:29:17.030322" elapsed="0.097585"/>
</kw>
<arg>${title}</arg>
<doc>กรอกหัวข้อ Task</doc>
<status status="PASS" start="2026-08-20T16:29:17.029321" elapsed="0.098586"/>
</kw>
<kw name="Select Task Requirement" owner="robot_keywords">
<kw name="Get WebElements" owner="SeleniumLibrary">
<msg time="2026-08-20T16:29:17.159066" level="INFO">${options} = [&lt;selenium.webdriver.remote.webelement.WebElement (session="59164fdd523fe5ce39f4055c0a8234bc", element="f.0BA60425D87230E1382A01634FAFEA0E.d.3421B09892A30A3E43FCE0808ED33AFE.e.41")&gt;, &lt;selenium.webdriv...</msg>
<var>${options}</var>
<arg>css:[data-testid="task-requirement"] option</arg>
<doc>Returns a list of WebElement objects matching the ``locator``.</doc>
<status status="PASS" start="2026-08-20T16:29:17.128902" elapsed="0.030164"/>
</kw>
<for flavor="IN">
<iter>
<kw name="Get Text" owner="SeleniumLibrary">
<msg time="2026-08-20T16:29:17.188146" level="INFO">${text} = — เลือก Requirement —</msg>
<var>${text}</var>
<arg>${option}</arg>
<doc>Returns the text value of the element identified by ``locator``.</doc>
<status status="PASS" start="2026-08-20T16:29:17.160077" elapsed="0.028069"/>
</kw>
<kw name="Run Keyword And Return Status" owner="BuiltIn">
<kw name="Should Contain" owner="BuiltIn">
<msg time="2026-08-20T16:29:17.189402" level="FAIL">'— เลือก Requirement —' does not contain 'Req Login'</msg>
<arg>${text}</arg>
<arg>${requirement_text}</arg>
<doc>Fails if ``container`` does not contain ``item`` one or more times.</doc>
<status status="FAIL" start="2026-08-20T16:29:17.188146" elapsed="0.001256">'— เลือก Requirement —' does not contain 'Req Login'</status>
</kw>
<msg time="2026-08-20T16:29:17.189402" level="INFO">${contains} = False</msg>
<var>${contains}</var>
<arg>Should Contain</arg>
<arg>${text}</arg>
<arg>${requirement_text}</arg>
<doc>Runs the given keyword with given arguments and returns the status as a Boolean value.</doc>
<status status="PASS" start="2026-08-20T16:29:17.188146" elapsed="0.001256"/>
</kw>
<if>
<branch type="IF" condition="${contains}">
<kw name="Get Element Attribute" owner="SeleniumLibrary">
<var>${value}</var>
<arg>${option}</arg>
<arg>value</arg>
<doc>Returns the value of ``attribute`` from the element ``locator``.</doc>
<status status="NOT RUN" start="2026-08-20T16:29:17.189402" elapsed="0.000000"/>
</kw>
<kw name="Select From List By Value" owner="SeleniumLibrary">
<arg>css:[data-testid="task-requirement"]</arg>
<arg>${value}</arg>
<doc>Selects options from selection list ``locator`` by ``values``.</doc>
<status status="NOT RUN" start="2026-08-20T16:29:17.189402" elapsed="0.000000"/>
</kw>
<return>
<status status="NOT RUN" start="2026-08-20T16:29:17.189402" elapsed="0.000000"/>
</return>
<status status="NOT RUN" start="2026-08-20T16:29:17.189402" elapsed="0.000000"/>
</branch>
<status status="PASS" start="2026-08-20T16:29:17.189402" elapsed="0.000000"/>
</if>
<var name="${option}">&lt;selenium.webdriver.remote.webelement.WebElement (session="59164fdd523fe5ce39f4055c0a8234bc", element="f.0BA60425D87230E1382A01634FAFEA0E.d.3421B09892A30A3E43FCE0808ED33AFE.e.41")&gt;</var>
<status status="PASS" start="2026-08-20T16:29:17.159066" elapsed="0.031337"/>
</iter>
<iter>
<kw name="Get Text" owner="SeleniumLibrary">
<msg time="2026-08-20T16:29:17.197190" level="INFO">${text} = Req Login (Must)</msg>
<var>${text}</var>
<arg>${option}</arg>
<doc>Returns the text value of the element identified by ``locator``.</doc>
<status status="PASS" start="2026-08-20T16:29:17.190403" elapsed="0.006787"/>
</kw>
<kw name="Run Keyword And Return Status" owner="BuiltIn">
<kw name="Should Contain" owner="BuiltIn">
<arg>${text}</arg>
<arg>${requirement_text}</arg>
<doc>Fails if ``container`` does not contain ``item`` one or more times.</doc>
<status status="PASS" start="2026-08-20T16:29:17.198291" elapsed="0.000000"/>
</kw>
<msg time="2026-08-20T16:29:17.198291" level="INFO">${contains} = True</msg>
<var>${contains}</var>
<arg>Should Contain</arg>
<arg>${text}</arg>
<arg>${requirement_text}</arg>
<doc>Runs the given keyword with given arguments and returns the status as a Boolean value.</doc>
<status status="PASS" start="2026-08-20T16:29:17.197190" elapsed="0.001101"/>
</kw>
<if>
<branch type="IF" condition="${contains}">
<kw name="Get Element Attribute" owner="SeleniumLibrary">
<msg time="2026-08-20T16:29:17.204924" level="INFO">${value} = c62cd5c2-fc96-4abb-b225-3e6e0912fd77</msg>
<var>${value}</var>
<arg>${option}</arg>
<arg>value</arg>
<doc>Returns the value of ``attribute`` from the element ``locator``.</doc>
<status status="PASS" start="2026-08-20T16:29:17.198291" elapsed="0.006633"/>
</kw>
<kw name="Select From List By Value" owner="SeleniumLibrary">
<msg time="2026-08-20T16:29:17.205952" level="INFO">Selecting options from selection list 'css:[data-testid="task-requirement"]' by value c62cd5c2-fc96-4abb-b225-3e6e0912fd77.</msg>
<arg>css:[data-testid="task-requirement"]</arg>
<arg>${value}</arg>
<doc>Selects options from selection list ``locator`` by ``values``.</doc>
<status status="PASS" start="2026-08-20T16:29:17.205952" elapsed="0.058800"/>
</kw>
<return>
<status status="PASS" start="2026-08-20T16:29:17.264752" elapsed="0.000000"/>
</return>
<status status="PASS" start="2026-08-20T16:29:17.198291" elapsed="0.066461"/>
</branch>
<status status="PASS" start="2026-08-20T16:29:17.198291" elapsed="0.066461"/>
</if>
<var name="${option}">&lt;selenium.webdriver.remote.webelement.WebElement (session="59164fdd523fe5ce39f4055c0a8234bc", element="f.0BA60425D87230E1382A01634FAFEA0E.d.3421B09892A30A3E43FCE0808ED33AFE.e.43")&gt;</var>
<status status="PASS" start="2026-08-20T16:29:17.190403" elapsed="0.074349"/>
</iter>
<var>${option}</var>
<value>@{options}</value>
<status status="PASS" start="2026-08-20T16:29:17.159066" elapsed="0.105686"/>
</for>
<kw name="Fail" owner="BuiltIn">
<arg>ไม่พบตัวเลือก "${requirement_text}" ใน dropdown</arg>
<doc>Fails the test with the given message and optionally alters its tags.</doc>
<status status="NOT RUN" start="2026-08-20T16:29:17.264752" elapsed="0.000000"/>
</kw>
<arg>${requirement_text}</arg>
<doc>เลือก Requirement ต้นทาง (เลือกจากข้อความที่เห็น)</doc>
<status status="PASS" start="2026-08-20T16:29:17.128902" elapsed="0.135850"/>
</kw>
<kw name="Select Task Role" owner="robot_keywords">
<kw name="Select From List By Value" owner="SeleniumLibrary">
<msg time="2026-08-20T16:29:17.267289" level="INFO">Selecting options from selection list 'css:[data-testid="task-role"]' by value Dev.</msg>
<arg>css:[data-testid="task-role"]</arg>
<arg>${role}</arg>
<doc>Selects options from selection list ``locator`` by ``values``.</doc>
<status status="PASS" start="2026-08-20T16:29:17.266233" elapsed="0.060940"/>
</kw>
<arg>${role}</arg>
<doc>เลือกตำแหน่งผู้รับผิดชอบ</doc>
<status status="PASS" start="2026-08-20T16:29:17.266233" elapsed="0.060940"/>
</kw>
<kw name="Submit Task Form" owner="robot_keywords">
<kw name="Click Element" owner="SeleniumLibrary">
<msg time="2026-08-20T16:29:17.328342" level="INFO">Clicking element 'css:[data-testid="task-submit"]'.</msg>
<arg>css:[data-testid="task-submit"]</arg>
<doc>Click the element identified by ``locator``.</doc>
<status status="PASS" start="2026-08-20T16:29:17.328342" elapsed="0.062579"/>
</kw>
<doc>กดบันทึก Task</doc>
<status status="PASS" start="2026-08-20T16:29:17.327173" elapsed="0.063748"/>
</kw>
<kw name="Wait Until Element Is Visible" owner="SeleniumLibrary">
<arg>css:.board-card__title</arg>
<arg>timeout=5s</arg>
<doc>Waits until the element ``locator`` is visible.</doc>
<status status="PASS" start="2026-08-20T16:29:17.390921" elapsed="0.013688"/>
</kw>
<arg>${task_title}</arg>
<arg>${req_title}</arg>
<arg>Dev</arg>
<doc>สร้าง Task ครบวงจร</doc>
<status status="PASS" start="2026-08-20T16:29:16.940279" elapsed="0.464330"/>
</kw>
<arg>Req Login</arg>
<arg>Task Login</arg>
<doc>สร้าง Requirement + Task สำหรับผูก Defect</doc>
<status status="PASS" start="2026-08-20T16:29:16.233632" elapsed="1.170977"/>
</kw>
<kw name="Navigate To Defect Page" owner="robot_keywords">
<kw name="Click Element" owner="SeleniumLibrary">
<msg time="2026-08-20T16:29:17.405618" level="INFO">Clicking element 'css:[data-testid="nav-defects"]'.</msg>
<arg>css:[data-testid="nav-defects"]</arg>
<doc>Click the element identified by ``locator``.</doc>
<status status="PASS" start="2026-08-20T16:29:17.405618" elapsed="0.057354"/>
</kw>
<kw name="Wait Until Element Is Visible" owner="SeleniumLibrary">
<arg>css:h1</arg>
<doc>Waits until the element ``locator`` is visible.</doc>
<status status="PASS" start="2026-08-20T16:29:17.464389" elapsed="0.013537"/>
</kw>
<doc>ไปยังหน้าจัดการ Defect</doc>
<status status="PASS" start="2026-08-20T16:29:17.405618" elapsed="0.072308"/>
</kw>
<kw name="Create Defect" owner="robot_keywords">
<kw name="Click New Button" owner="robot_keywords">
<kw name="Click Element" owner="SeleniumLibrary">
<msg time="2026-08-20T16:29:17.478927" level="INFO">Clicking element 'css:[data-testid="toolbar-new"]'.</msg>
<arg>css:[data-testid="toolbar-new"]</arg>
<doc>Click the element identified by ``locator``.</doc>
<status status="PASS" start="2026-08-20T16:29:17.478927" elapsed="0.056198"/>
</kw>
<doc>คลิกปุ่มสร้างรายการใหม่</doc>
<status status="PASS" start="2026-08-20T16:29:17.478927" elapsed="0.056198"/>
</kw>
<kw name="Fill Defect Title" owner="robot_keywords">
<kw name="Input Text" owner="SeleniumLibrary">
<msg time="2026-08-20T16:29:17.536127" level="INFO">Typing text 'ปุ่ม Login ไม่ทำงาน' into text field 'css:[data-testid="defect-title"]'.</msg>
<arg>css:[data-testid="defect-title"]</arg>
<arg>${title}</arg>
<doc>Types the given ``text`` into the text field identified by ``locator``.</doc>
<status status="PASS" start="2026-08-20T16:29:17.536127" elapsed="0.107680"/>
</kw>
<arg>${title}</arg>
<doc>กรอกหัวข้อ Defect</doc>
<status status="PASS" start="2026-08-20T16:29:17.535125" elapsed="0.108682"/>
</kw>
<kw name="Select Defect Task" owner="robot_keywords">
<kw name="Get WebElements" owner="SeleniumLibrary">
<msg time="2026-08-20T16:29:17.653310" level="INFO">${options} = [&lt;selenium.webdriver.remote.webelement.WebElement (session="59164fdd523fe5ce39f4055c0a8234bc", element="f.0BA60425D87230E1382A01634FAFEA0E.d.3421B09892A30A3E43FCE0808ED33AFE.e.65")&gt;, &lt;selenium.webdriv...</msg>
<var>${options}</var>
<arg>css:[data-testid="defect-task"] option</arg>
<doc>Returns a list of WebElement objects matching the ``locator``.</doc>
<status status="PASS" start="2026-08-20T16:29:17.644804" elapsed="0.008506"/>
</kw>
<for flavor="IN">
<iter>
<kw name="Get Text" owner="SeleniumLibrary">
<msg time="2026-08-20T16:29:17.669685" level="INFO">${text} = — เลือก Task —</msg>
<var>${text}</var>
<arg>${option}</arg>
<doc>Returns the text value of the element identified by ``locator``.</doc>
<status status="PASS" start="2026-08-20T16:29:17.653310" elapsed="0.016375"/>
</kw>
<kw name="Run Keyword And Return Status" owner="BuiltIn">
<kw name="Should Contain" owner="BuiltIn">
<msg time="2026-08-20T16:29:17.671165" level="FAIL">'— เลือก Task —' does not contain 'Task Login'</msg>
<arg>${text}</arg>
<arg>${task_text}</arg>
<doc>Fails if ``container`` does not contain ``item`` one or more times.</doc>
<status status="FAIL" start="2026-08-20T16:29:17.671165" elapsed="0.000000">'— เลือก Task —' does not contain 'Task Login'</status>
</kw>
<msg time="2026-08-20T16:29:17.671165" level="INFO">${contains} = False</msg>
<var>${contains}</var>
<arg>Should Contain</arg>
<arg>${text}</arg>
<arg>${task_text}</arg>
<doc>Runs the given keyword with given arguments and returns the status as a Boolean value.</doc>
<status status="PASS" start="2026-08-20T16:29:17.669685" elapsed="0.001480"/>
</kw>
<if>
<branch type="IF" condition="${contains}">
<kw name="Get Element Attribute" owner="SeleniumLibrary">
<var>${value}</var>
<arg>${option}</arg>
<arg>value</arg>
<doc>Returns the value of ``attribute`` from the element ``locator``.</doc>
<status status="NOT RUN" start="2026-08-20T16:29:17.671165" elapsed="0.001117"/>
</kw>
<kw name="Select From List By Value" owner="SeleniumLibrary">
<arg>css:[data-testid="defect-task"]</arg>
<arg>${value}</arg>
<doc>Selects options from selection list ``locator`` by ``values``.</doc>
<status status="NOT RUN" start="2026-08-20T16:29:17.672282" elapsed="0.000000"/>
</kw>
<return>
<status status="NOT RUN" start="2026-08-20T16:29:17.672282" elapsed="0.000000"/>
</return>
<status status="NOT RUN" start="2026-08-20T16:29:17.671165" elapsed="0.001117"/>
</branch>
<status status="PASS" start="2026-08-20T16:29:17.671165" elapsed="0.001117"/>
</if>
<var name="${option}">&lt;selenium.webdriver.remote.webelement.WebElement (session="59164fdd523fe5ce39f4055c0a8234bc", element="f.0BA60425D87230E1382A01634FAFEA0E.d.3421B09892A30A3E43FCE0808ED33AFE.e.65")&gt;</var>
<status status="PASS" start="2026-08-20T16:29:17.653310" elapsed="0.018972"/>
</iter>
<iter>
<kw name="Get Text" owner="SeleniumLibrary">
<msg time="2026-08-20T16:29:17.682757" level="INFO">${text} = Task Login (Dev · Req Login)</msg>
<var>${text}</var>
<arg>${option}</arg>
<doc>Returns the text value of the element identified by ``locator``.</doc>
<status status="PASS" start="2026-08-20T16:29:17.672282" elapsed="0.010475"/>
</kw>
<kw name="Run Keyword And Return Status" owner="BuiltIn">
<kw name="Should Contain" owner="BuiltIn">
<arg>${text}</arg>
<arg>${task_text}</arg>
<doc>Fails if ``container`` does not contain ``item`` one or more times.</doc>
<status status="PASS" start="2026-08-20T16:29:17.683757" elapsed="0.000000"/>
</kw>
<msg time="2026-08-20T16:29:17.684758" level="INFO">${contains} = True</msg>
<var>${contains}</var>
<arg>Should Contain</arg>
<arg>${text}</arg>
<arg>${task_text}</arg>
<doc>Runs the given keyword with given arguments and returns the status as a Boolean value.</doc>
<status status="PASS" start="2026-08-20T16:29:17.683757" elapsed="0.001001"/>
</kw>
<if>
<branch type="IF" condition="${contains}">
<kw name="Get Element Attribute" owner="SeleniumLibrary">
<msg time="2026-08-20T16:29:17.690994" level="INFO">${value} = c7d408a4-1ccf-4f0e-bca6-d9f679f91e84</msg>
<var>${value}</var>
<arg>${option}</arg>
<arg>value</arg>
<doc>Returns the value of ``attribute`` from the element ``locator``.</doc>
<status status="PASS" start="2026-08-20T16:29:17.684758" elapsed="0.006236"/>
</kw>
<kw name="Select From List By Value" owner="SeleniumLibrary">
<msg time="2026-08-20T16:29:17.691995" level="INFO">Selecting options from selection list 'css:[data-testid="defect-task"]' by value c7d408a4-1ccf-4f0e-bca6-d9f679f91e84.</msg>
<arg>css:[data-testid="defect-task"]</arg>
<arg>${value}</arg>
<doc>Selects options from selection list ``locator`` by ``values``.</doc>
<status status="PASS" start="2026-08-20T16:29:17.691995" elapsed="0.073647"/>
</kw>
<return>
<status status="PASS" start="2026-08-20T16:29:17.765642" elapsed="0.001282"/>
</return>
<status status="PASS" start="2026-08-20T16:29:17.684758" elapsed="0.082166"/>
</branch>
<status status="PASS" start="2026-08-20T16:29:17.684758" elapsed="0.082166"/>
</if>
<var name="${option}">&lt;selenium.webdriver.remote.webelement.WebElement (session="59164fdd523fe5ce39f4055c0a8234bc", element="f.0BA60425D87230E1382A01634FAFEA0E.d.3421B09892A30A3E43FCE0808ED33AFE.e.67")&gt;</var>
<status status="PASS" start="2026-08-20T16:29:17.672282" elapsed="0.094642"/>
</iter>
<var>${option}</var>
<value>@{options}</value>
<status status="PASS" start="2026-08-20T16:29:17.653310" elapsed="0.113614"/>
</for>
<kw name="Fail" owner="BuiltIn">
<arg>ไม่พบตัวเลือก "${task_text}" ใน dropdown</arg>
<doc>Fails the test with the given message and optionally alters its tags.</doc>
<status status="NOT RUN" start="2026-08-20T16:29:17.766924" elapsed="0.000000"/>
</kw>
<arg>${task_text}</arg>
<doc>เลือก Task ต้นทาง (เลือกจากข้อความที่เห็น)</doc>
<status status="PASS" start="2026-08-20T16:29:17.644804" elapsed="0.123360"/>
</kw>
<kw name="Select Defect Type" owner="robot_keywords">
<kw name="Select From List By Value" owner="SeleniumLibrary">
<msg time="2026-08-20T16:29:17.769377" level="INFO">Selecting options from selection list 'css:[data-testid="defect-type"]' by value Code Bug.</msg>
<arg>css:[data-testid="defect-type"]</arg>
<arg>${type}</arg>
<doc>Selects options from selection list ``locator`` by ``values``.</doc>
<status status="PASS" start="2026-08-20T16:29:17.768164" elapsed="0.101526"/>
</kw>
<arg>${type}</arg>
<doc>เลือกประเภท Defect</doc>
<status status="PASS" start="2026-08-20T16:29:17.768164" elapsed="0.101526"/>
</kw>
<kw name="Select Defect Severity" owner="robot_keywords">
<kw name="Select From List By Value" owner="SeleniumLibrary">
<msg time="2026-08-20T16:29:17.871035" level="INFO">Selecting options from selection list 'css:[data-testid="defect-severity"]' by value High.</msg>
<arg>css:[data-testid="defect-severity"]</arg>
<arg>${severity}</arg>
<doc>Selects options from selection list ``locator`` by ``values``.</doc>
<status status="PASS" start="2026-08-20T16:29:17.871035" elapsed="0.132716"/>
</kw>
<arg>${severity}</arg>
<doc>เลือกความรุนแรง</doc>
<status status="PASS" start="2026-08-20T16:29:17.869690" elapsed="0.134061"/>
</kw>
<kw name="Submit Defect Form" owner="robot_keywords">
<kw name="Click Element" owner="SeleniumLibrary">
<msg time="2026-08-20T16:29:18.005783" level="INFO">Clicking element 'css:[data-testid="defect-submit"]'.</msg>
<arg>css:[data-testid="defect-submit"]</arg>
<doc>Click the element identified by ``locator``.</doc>
<status status="PASS" start="2026-08-20T16:29:18.005783" elapsed="0.085291"/>
</kw>
<doc>กดบันทึก Defect</doc>
<status status="PASS" start="2026-08-20T16:29:18.004765" elapsed="0.086309"/>
</kw>
<kw name="Wait Until Element Is Visible" owner="SeleniumLibrary">
<arg>css:.board-card__title</arg>
<arg>timeout=5s</arg>
<doc>Waits until the element ``locator`` is visible.</doc>
<status status="PASS" start="2026-08-20T16:29:18.092085" elapsed="0.019930"/>
</kw>
<arg>ปุ่ม Login ไม่ทำงาน</arg>
<arg>Task Login</arg>
<arg>Code Bug</arg>
<arg>High</arg>
<doc>สร้าง Defect ครบวงจร</doc>
<status status="PASS" start="2026-08-20T16:29:17.477926" elapsed="0.634089"/>
</kw>
<kw name="Card Should Be Visible" owner="robot_keywords">
<kw name="Wait Until Element Is Visible" owner="SeleniumLibrary">
<arg>xpath://span[contains(@class,'board-card__title') and text()='${title}']</arg>
<arg>timeout=5s</arg>
<doc>Waits until the element ``locator`` is visible.</doc>
<status status="PASS" start="2026-08-20T16:29:18.112015" elapsed="0.018462"/>
</kw>
<arg>ปุ่ม Login ไม่ทำงาน</arg>
<doc>ตรวจสอบว่าการ์ดแสดงอยู่</doc>
<status status="PASS" start="2026-08-20T16:29:18.112015" elapsed="0.018462"/>
</kw>
<doc>สร้าง Defect ผูกกับ Task → ปรากฏใน board ทันที</doc>
<tag>create</tag>
<tag>FR3.1</tag>
<tag>happy-path</tag>
<tag>M03</tag>
<status status="PASS" start="2026-08-20T16:29:16.044394" elapsed="2.086083"/>
</test>
<test id="s1-t2" name="ไม่เลือก Type ระบบต้องปฏิเสธ" line="40">
<kw name="Reset Page">
<kw name="Go To" owner="SeleniumLibrary">
<msg time="2026-08-20T16:29:18.133594" level="INFO">Opening url 'http://localhost:5173/requirements'</msg>
<arg>${BASE_URL}/requirements</arg>
<doc>Navigates the current browser window to the provided ``url``.</doc>
<status status="PASS" start="2026-08-20T16:29:18.133594" elapsed="0.119677"/>
</kw>
<kw name="Wait Until Element Is Visible" owner="SeleniumLibrary">
<arg>css:[data-testid="nav-requirements"]</arg>
<arg>timeout=5s</arg>
<doc>Waits until the element ``locator`` is visible.</doc>
<status status="PASS" start="2026-08-20T16:29:18.254063" elapsed="0.018103"/>
</kw>
<doc>รีเซ็ตหน้าก่อนทุก test</doc>
<status status="PASS" start="2026-08-20T16:29:18.133594" elapsed="0.138572"/>
</kw>
<kw name="Setup Requirement And Task">
<kw name="Navigate To Requirement Page" owner="robot_keywords">
<kw name="Click Element" owner="SeleniumLibrary">
<msg time="2026-08-20T16:29:18.273169" level="INFO">Clicking element 'css:[data-testid="nav-requirements"]'.</msg>
<arg>css:[data-testid="nav-requirements"]</arg>
<doc>Click the element identified by ``locator``.</doc>
<status status="PASS" start="2026-08-20T16:29:18.273169" elapsed="0.057545"/>
</kw>
<kw name="Wait Until Element Is Visible" owner="SeleniumLibrary">
<arg>css:h1</arg>
<doc>Waits until the element ``locator`` is visible.</doc>
<status status="PASS" start="2026-08-20T16:29:18.330714" elapsed="0.016007"/>
</kw>
<doc>ไปยังหน้าจัดการ Requirement</doc>
<status status="PASS" start="2026-08-20T16:29:18.273169" elapsed="0.073552"/>
</kw>
<kw name="Create Requirement" owner="robot_keywords">
<kw name="Click New Button" owner="robot_keywords">
<kw name="Click Element" owner="SeleniumLibrary">
<msg time="2026-08-20T16:29:18.347794" level="INFO">Clicking element 'css:[data-testid="toolbar-new"]'.</msg>
<arg>css:[data-testid="toolbar-new"]</arg>
<doc>Click the element identified by ``locator``.</doc>
<status status="PASS" start="2026-08-20T16:29:18.347794" elapsed="0.053417"/>
</kw>
<doc>คลิกปุ่มสร้างรายการใหม่</doc>
<status status="PASS" start="2026-08-20T16:29:18.347794" elapsed="0.053417"/>
</kw>
<kw name="Fill Requirement Title" owner="robot_keywords">
<kw name="Input Text" owner="SeleniumLibrary">
<msg time="2026-08-20T16:29:18.402214" level="INFO">Typing text 'Req Test' into text field 'css:[data-testid="req-title"]'.</msg>
<arg>css:[data-testid="req-title"]</arg>
<arg>${title}</arg>
<doc>Types the given ``text`` into the text field identified by ``locator``.</doc>
<status status="PASS" start="2026-08-20T16:29:18.402214" elapsed="0.082642"/>
</kw>
<arg>${title}</arg>
<doc>กรอกหัวข้อ Requirement</doc>
<status status="PASS" start="2026-08-20T16:29:18.401211" elapsed="0.083645"/>
</kw>
<kw name="Select Requirement Category" owner="robot_keywords">
<kw name="Select From List By Value" owner="SeleniumLibrary">
<msg time="2026-08-20T16:29:18.486162" level="INFO">Selecting options from selection list 'css:[data-testid="req-category"]' by value Functional.</msg>
<arg>css:[data-testid="req-category"]</arg>
<arg>${category}</arg>
<doc>Selects options from selection list ``locator`` by ``values``.</doc>
<status status="PASS" start="2026-08-20T16:29:18.484856" elapsed="0.066884"/>
</kw>
<arg>${category}</arg>
<doc>เลือกประเภท Requirement</doc>
<status status="PASS" start="2026-08-20T16:29:18.484856" elapsed="0.066884"/>
</kw>
<kw name="Select Requirement Priority" owner="robot_keywords">
<kw name="Select From List By Value" owner="SeleniumLibrary">
<msg time="2026-08-20T16:29:18.552844" level="INFO">Selecting options from selection list 'css:[data-testid="req-priority"]' by value Must.</msg>
<arg>css:[data-testid="req-priority"]</arg>
<arg>${priority}</arg>
<doc>Selects options from selection list ``locator`` by ``values``.</doc>
<status status="PASS" start="2026-08-20T16:29:18.552844" elapsed="0.055617"/>
</kw>
<arg>${priority}</arg>
<doc>เลือกระดับความสำคัญ</doc>
<status status="PASS" start="2026-08-20T16:29:18.552844" elapsed="0.056848"/>
</kw>
<kw name="Submit Requirement Form" owner="robot_keywords">
<kw name="Click Element" owner="SeleniumLibrary">
<msg time="2026-08-20T16:29:18.609692" level="INFO">Clicking element 'css:[data-testid="req-submit"]'.</msg>
<arg>css:[data-testid="req-submit"]</arg>
<doc>Click the element identified by ``locator``.</doc>
<status status="PASS" start="2026-08-20T16:29:18.609692" elapsed="0.053942"/>
</kw>
<doc>กดบันทึก Requirement</doc>
<status status="PASS" start="2026-08-20T16:29:18.609692" elapsed="0.053942"/>
</kw>
<kw name="Wait Until Element Is Visible" owner="SeleniumLibrary">
<arg>css:.board-card__title</arg>
<arg>timeout=5s</arg>
<doc>Waits until the element ``locator`` is visible.</doc>
<status status="PASS" start="2026-08-20T16:29:18.663634" elapsed="0.014941"/>
</kw>
<arg>${req_title}</arg>
<arg>Functional</arg>
<arg>Must</arg>
<doc>สร้าง Requirement ครบวงจร</doc>
<status status="PASS" start="2026-08-20T16:29:18.346721" elapsed="0.331854"/>
</kw>
<kw name="Navigate To Task Page" owner="robot_keywords">
<kw name="Click Element" owner="SeleniumLibrary">
<msg time="2026-08-20T16:29:18.679576" level="INFO">Clicking element 'css:[data-testid="nav-tasks"]'.</msg>
<arg>css:[data-testid="nav-tasks"]</arg>
<doc>Click the element identified by ``locator``.</doc>
<status status="PASS" start="2026-08-20T16:29:18.678575" elapsed="0.057335"/>
</kw>
<kw name="Wait Until Element Is Visible" owner="SeleniumLibrary">
<arg>css:h1</arg>
<doc>Waits until the element ``locator`` is visible.</doc>
<status status="PASS" start="2026-08-20T16:29:18.735910" elapsed="0.015649"/>
</kw>
<doc>ไปยังหน้าจัดการ Task</doc>
<status status="PASS" start="2026-08-20T16:29:18.678575" elapsed="0.072984"/>
</kw>
<kw name="Create Task" owner="robot_keywords">
<kw name="Click New Button" owner="robot_keywords">
<kw name="Click Element" owner="SeleniumLibrary">
<msg time="2026-08-20T16:29:18.752561" level="INFO">Clicking element 'css:[data-testid="toolbar-new"]'.</msg>
<arg>css:[data-testid="toolbar-new"]</arg>
<doc>Click the element identified by ``locator``.</doc>
<status status="PASS" start="2026-08-20T16:29:18.752561" elapsed="0.052115"/>
</kw>
<doc>คลิกปุ่มสร้างรายการใหม่</doc>
<status status="PASS" start="2026-08-20T16:29:18.752561" elapsed="0.052115"/>
</kw>
<kw name="Fill Task Title" owner="robot_keywords">
<kw name="Input Text" owner="SeleniumLibrary">
<msg time="2026-08-20T16:29:18.805678" level="INFO">Typing text 'Task Test' into text field 'css:[data-testid="task-title"]'.</msg>
<arg>css:[data-testid="task-title"]</arg>
<arg>${title}</arg>
<doc>Types the given ``text`` into the text field identified by ``locator``.</doc>
<status status="PASS" start="2026-08-20T16:29:18.805678" elapsed="0.091715"/>
</kw>
<arg>${title}</arg>
<doc>กรอกหัวข้อ Task</doc>
<status status="PASS" start="2026-08-20T16:29:18.805678" elapsed="0.091715"/>
</kw>
<kw name="Select Task Requirement" owner="robot_keywords">
<kw name="Get WebElements" owner="SeleniumLibrary">
<msg time="2026-08-20T16:29:18.904783" level="INFO">${options} = [&lt;selenium.webdriver.remote.webelement.WebElement (session="59164fdd523fe5ce39f4055c0a8234bc", element="f.0BA60425D87230E1382A01634FAFEA0E.d.AF398349DB9AEB69EC37CCD808DB8E89.e.115")&gt;, &lt;selenium.webdri...</msg>
<var>${options}</var>
<arg>css:[data-testid="task-requirement"] option</arg>
<doc>Returns a list of WebElement objects matching the ``locator``.</doc>
<status status="PASS" start="2026-08-20T16:29:18.898390" elapsed="0.006393"/>
</kw>
<for flavor="IN">
<iter>
<kw name="Get Text" owner="SeleniumLibrary">
<msg time="2026-08-20T16:29:18.913386" level="INFO">${text} = — เลือก Requirement —</msg>
<var>${text}</var>
<arg>${option}</arg>
<doc>Returns the text value of the element identified by ``locator``.</doc>
<status status="PASS" start="2026-08-20T16:29:18.905784" elapsed="0.007602"/>
</kw>
<kw name="Run Keyword And Return Status" owner="BuiltIn">
<kw name="Should Contain" owner="BuiltIn">
<msg time="2026-08-20T16:29:18.914388" level="FAIL">'— เลือก Requirement —' does not contain 'Req Test'</msg>
<arg>${text}</arg>
<arg>${requirement_text}</arg>
<doc>Fails if ``container`` does not contain ``item`` one or more times.</doc>
<status status="FAIL" start="2026-08-20T16:29:18.913386" elapsed="0.001002">'— เลือก Requirement —' does not contain 'Req Test'</status>
</kw>
<msg time="2026-08-20T16:29:18.914388" level="INFO">${contains} = False</msg>
<var>${contains}</var>
<arg>Should Contain</arg>
<arg>${text}</arg>
<arg>${requirement_text}</arg>
<doc>Runs the given keyword with given arguments and returns the status as a Boolean value.</doc>
<status status="PASS" start="2026-08-20T16:29:18.913386" elapsed="0.001002"/>
</kw>
<if>
<branch type="IF" condition="${contains}">
<kw name="Get Element Attribute" owner="SeleniumLibrary">
<var>${value}</var>
<arg>${option}</arg>
<arg>value</arg>
<doc>Returns the value of ``attribute`` from the element ``locator``.</doc>
<status status="NOT RUN" start="2026-08-20T16:29:18.914388" elapsed="0.000000"/>
</kw>
<kw name="Select From List By Value" owner="SeleniumLibrary">
<arg>css:[data-testid="task-requirement"]</arg>
<arg>${value}</arg>
<doc>Selects options from selection list ``locator`` by ``values``.</doc>
<status status="NOT RUN" start="2026-08-20T16:29:18.914388" elapsed="0.000000"/>
</kw>
<return>
<status status="NOT RUN" start="2026-08-20T16:29:18.914388" elapsed="0.000000"/>
</return>
<status status="NOT RUN" start="2026-08-20T16:29:18.914388" elapsed="0.000000"/>
</branch>
<status status="PASS" start="2026-08-20T16:29:18.914388" elapsed="0.000000"/>
</if>
<var name="${option}">&lt;selenium.webdriver.remote.webelement.WebElement (session="59164fdd523fe5ce39f4055c0a8234bc", element="f.0BA60425D87230E1382A01634FAFEA0E.d.AF398349DB9AEB69EC37CCD808DB8E89.e.115")&gt;</var>
<status status="PASS" start="2026-08-20T16:29:18.904783" elapsed="0.009605"/>
</iter>
<iter>
<kw name="Get Text" owner="SeleniumLibrary">
<msg time="2026-08-20T16:29:18.922301" level="INFO">${text} = Req Login (Must)</msg>
<var>${text}</var>
<arg>${option}</arg>
<doc>Returns the text value of the element identified by ``locator``.</doc>
<status status="PASS" start="2026-08-20T16:29:18.914388" elapsed="0.007913"/>
</kw>
<kw name="Run Keyword And Return Status" owner="BuiltIn">
<kw name="Should Contain" owner="BuiltIn">
<msg time="2026-08-20T16:29:18.923303" level="FAIL">'Req Login (Must)' does not contain 'Req Test'</msg>
<arg>${text}</arg>
<arg>${requirement_text}</arg>
<doc>Fails if ``container`` does not contain ``item`` one or more times.</doc>
<status status="FAIL" start="2026-08-20T16:29:18.922301" elapsed="0.001002">'Req Login (Must)' does not contain 'Req Test'</status>
</kw>
<msg time="2026-08-20T16:29:18.923303" level="INFO">${contains} = False</msg>
<var>${contains}</var>
<arg>Should Contain</arg>
<arg>${text}</arg>
<arg>${requirement_text}</arg>
<doc>Runs the given keyword with given arguments and returns the status as a Boolean value.</doc>
<status status="PASS" start="2026-08-20T16:29:18.922301" elapsed="0.001002"/>
</kw>
<if>
<branch type="IF" condition="${contains}">
<kw name="Get Element Attribute" owner="SeleniumLibrary">
<var>${value}</var>
<arg>${option}</arg>
<arg>value</arg>
<doc>Returns the value of ``attribute`` from the element ``locator``.</doc>
<status status="NOT RUN" start="2026-08-20T16:29:18.923303" elapsed="0.000000"/>
</kw>
<kw name="Select From List By Value" owner="SeleniumLibrary">
<arg>css:[data-testid="task-requirement"]</arg>
<arg>${value}</arg>
<doc>Selects options from selection list ``locator`` by ``values``.</doc>
<status status="NOT RUN" start="2026-08-20T16:29:18.923303" elapsed="0.000000"/>
</kw>
<return>
<status status="NOT RUN" start="2026-08-20T16:29:18.923303" elapsed="0.000000"/>
</return>
<status status="NOT RUN" start="2026-08-20T16:29:18.923303" elapsed="0.000000"/>
</branch>
<status status="PASS" start="2026-08-20T16:29:18.923303" elapsed="0.000000"/>
</if>
<var name="${option}">&lt;selenium.webdriver.remote.webelement.WebElement (session="59164fdd523fe5ce39f4055c0a8234bc", element="f.0BA60425D87230E1382A01634FAFEA0E.d.AF398349DB9AEB69EC37CCD808DB8E89.e.117")&gt;</var>
<status status="PASS" start="2026-08-20T16:29:18.914388" elapsed="0.008915"/>
</iter>
<iter>
<kw name="Get Text" owner="SeleniumLibrary">
<msg time="2026-08-20T16:29:18.931731" level="INFO">${text} = Req Test (Must)</msg>
<var>${text}</var>
<arg>${option}</arg>
<doc>Returns the text value of the element identified by ``locator``.</doc>
<status status="PASS" start="2026-08-20T16:29:18.924777" elapsed="0.006954"/>
</kw>
<kw name="Run Keyword And Return Status" owner="BuiltIn">
<kw name="Should Contain" owner="BuiltIn">
<arg>${text}</arg>
<arg>${requirement_text}</arg>
<doc>Fails if ``container`` does not contain ``item`` one or more times.</doc>
<status status="PASS" start="2026-08-20T16:29:18.932780" elapsed="0.000000"/>
</kw>
<msg time="2026-08-20T16:29:18.932780" level="INFO">${contains} = True</msg>
<var>${contains}</var>
<arg>Should Contain</arg>
<arg>${text}</arg>
<arg>${requirement_text}</arg>
<doc>Runs the given keyword with given arguments and returns the status as a Boolean value.</doc>
<status status="PASS" start="2026-08-20T16:29:18.932780" elapsed="0.000000"/>
</kw>
<if>
<branch type="IF" condition="${contains}">
<kw name="Get Element Attribute" owner="SeleniumLibrary">
<msg time="2026-08-20T16:29:18.939288" level="INFO">${value} = c921341c-2790-414f-846f-917b7b62c534</msg>
<var>${value}</var>
<arg>${option}</arg>
<arg>value</arg>
<doc>Returns the value of ``attribute`` from the element ``locator``.</doc>
<status status="PASS" start="2026-08-20T16:29:18.933781" elapsed="0.005507"/>
</kw>
<kw name="Select From List By Value" owner="SeleniumLibrary">
<msg time="2026-08-20T16:29:18.940294" level="INFO">Selecting options from selection list 'css:[data-testid="task-requirement"]' by value c921341c-2790-414f-846f-917b7b62c534.</msg>
<arg>css:[data-testid="task-requirement"]</arg>
<arg>${value}</arg>
<doc>Selects options from selection list ``locator`` by ``values``.</doc>
<status status="PASS" start="2026-08-20T16:29:18.939288" elapsed="0.055661"/>
</kw>
<return>
<status status="PASS" start="2026-08-20T16:29:18.994949" elapsed="0.000000"/>
</return>
<status status="PASS" start="2026-08-20T16:29:18.932780" elapsed="0.062169"/>
</branch>
<status status="PASS" start="2026-08-20T16:29:18.932780" elapsed="0.063274"/>
</if>
<var name="${option}">&lt;selenium.webdriver.remote.webelement.WebElement (session="59164fdd523fe5ce39f4055c0a8234bc", element="f.0BA60425D87230E1382A01634FAFEA0E.d.AF398349DB9AEB69EC37CCD808DB8E89.e.119")&gt;</var>
<status status="PASS" start="2026-08-20T16:29:18.924777" elapsed="0.071277"/>
</iter>
<var>${option}</var>
<value>@{options}</value>
<status status="PASS" start="2026-08-20T16:29:18.904783" elapsed="0.091271"/>
</for>
<kw name="Fail" owner="BuiltIn">
<arg>ไม่พบตัวเลือก "${requirement_text}" ใน dropdown</arg>
<doc>Fails the test with the given message and optionally alters its tags.</doc>
<status status="NOT RUN" start="2026-08-20T16:29:18.996054" elapsed="0.000000"/>
</kw>
<arg>${requirement_text}</arg>
<doc>เลือก Requirement ต้นทาง (เลือกจากข้อความที่เห็น)</doc>
<status status="PASS" start="2026-08-20T16:29:18.897393" elapsed="0.098661"/>
</kw>
<kw name="Select Task Role" owner="robot_keywords">
<kw name="Select From List By Value" owner="SeleniumLibrary">
<msg time="2026-08-20T16:29:18.997060" level="INFO">Selecting options from selection list 'css:[data-testid="task-role"]' by value Dev.</msg>
<arg>css:[data-testid="task-role"]</arg>
<arg>${role}</arg>
<doc>Selects options from selection list ``locator`` by ``values``.</doc>
<status status="PASS" start="2026-08-20T16:29:18.996054" elapsed="0.058362"/>
</kw>
<arg>${role}</arg>
<doc>เลือกตำแหน่งผู้รับผิดชอบ</doc>
<status status="PASS" start="2026-08-20T16:29:18.996054" elapsed="0.058362"/>
</kw>
<kw name="Submit Task Form" owner="robot_keywords">
<kw name="Click Element" owner="SeleniumLibrary">
<msg time="2026-08-20T16:29:19.054416" level="INFO">Clicking element 'css:[data-testid="task-submit"]'.</msg>
<arg>css:[data-testid="task-submit"]</arg>
<doc>Click the element identified by ``locator``.</doc>
<status status="PASS" start="2026-08-20T16:29:19.054416" elapsed="0.052612"/>
</kw>
<doc>กดบันทึก Task</doc>
<status status="PASS" start="2026-08-20T16:29:19.054416" elapsed="0.053619"/>
</kw>
<kw name="Wait Until Element Is Visible" owner="SeleniumLibrary">
<arg>css:.board-card__title</arg>
<arg>timeout=5s</arg>
<doc>Waits until the element ``locator`` is visible.</doc>
<status status="PASS" start="2026-08-20T16:29:19.108035" elapsed="0.013724"/>
</kw>
<arg>${task_title}</arg>
<arg>${req_title}</arg>
<arg>Dev</arg>
<doc>สร้าง Task ครบวงจร</doc>
<status status="PASS" start="2026-08-20T16:29:18.751559" elapsed="0.370200"/>
</kw>
<arg>Req Test</arg>
<arg>Task Test</arg>
<doc>สร้าง Requirement + Task สำหรับผูก Defect</doc>
<status status="PASS" start="2026-08-20T16:29:18.272166" elapsed="0.849593"/>
</kw>
<kw name="Navigate To Defect Page" owner="robot_keywords">
<kw name="Click Element" owner="SeleniumLibrary">
<msg time="2026-08-20T16:29:19.122769" level="INFO">Clicking element 'css:[data-testid="nav-defects"]'.</msg>
<arg>css:[data-testid="nav-defects"]</arg>
<doc>Click the element identified by ``locator``.</doc>
<status status="PASS" start="2026-08-20T16:29:19.122769" elapsed="0.055306"/>
</kw>
<kw name="Wait Until Element Is Visible" owner="SeleniumLibrary">
<arg>css:h1</arg>
<doc>Waits until the element ``locator`` is visible.</doc>
<status status="PASS" start="2026-08-20T16:29:19.178075" elapsed="0.012300"/>
</kw>
<doc>ไปยังหน้าจัดการ Defect</doc>
<status status="PASS" start="2026-08-20T16:29:19.122769" elapsed="0.067606"/>
</kw>
<kw name="Click New Button" owner="robot_keywords">
<kw name="Click Element" owner="SeleniumLibrary">
<msg time="2026-08-20T16:29:19.191774" level="INFO">Clicking element 'css:[data-testid="toolbar-new"]'.</msg>
<arg>css:[data-testid="toolbar-new"]</arg>
<doc>Click the element identified by ``locator``.</doc>
<status status="PASS" start="2026-08-20T16:29:19.190375" elapsed="0.049580"/>
</kw>
<doc>คลิกปุ่มสร้างรายการใหม่</doc>
<status status="PASS" start="2026-08-20T16:29:19.190375" elapsed="0.049580"/>
</kw>
<kw name="Fill Defect Title" owner="robot_keywords">
<kw name="Input Text" owner="SeleniumLibrary">
<msg time="2026-08-20T16:29:19.239955" level="INFO">Typing text 'ไม่เลือกประเภท' into text field 'css:[data-testid="defect-title"]'.</msg>
<arg>css:[data-testid="defect-title"]</arg>
<arg>${title}</arg>
<doc>Types the given ``text`` into the text field identified by ``locator``.</doc>
<status status="PASS" start="2026-08-20T16:29:19.239955" elapsed="0.089761"/>
</kw>
<arg>ไม่เลือกประเภท</arg>
<doc>กรอกหัวข้อ Defect</doc>
<status status="PASS" start="2026-08-20T16:29:19.239955" elapsed="0.089761"/>
</kw>
<kw name="Select Defect Task" owner="robot_keywords">
<kw name="Get WebElements" owner="SeleniumLibrary">
<msg time="2026-08-20T16:29:19.336855" level="INFO">${options} = [&lt;selenium.webdriver.remote.webelement.WebElement (session="59164fdd523fe5ce39f4055c0a8234bc", element="f.0BA60425D87230E1382A01634FAFEA0E.d.AF398349DB9AEB69EC37CCD808DB8E89.e.142")&gt;, &lt;selenium.webdri...</msg>
<var>${options}</var>
<arg>css:[data-testid="defect-task"] option</arg>
<doc>Returns a list of WebElement objects matching the ``locator``.</doc>
<status status="PASS" start="2026-08-20T16:29:19.330745" elapsed="0.006110"/>
</kw>
<for flavor="IN">
<iter>
<kw name="Get Text" owner="SeleniumLibrary">
<msg time="2026-08-20T16:29:19.343795" level="INFO">${text} = — เลือก Task —</msg>
<var>${text}</var>
<arg>${option}</arg>
<doc>Returns the text value of the element identified by ``locator``.</doc>
<status status="PASS" start="2026-08-20T16:29:19.336855" elapsed="0.006940"/>
</kw>
<kw name="Run Keyword And Return Status" owner="BuiltIn">
<kw name="Should Contain" owner="BuiltIn">
<msg time="2026-08-20T16:29:19.345255" level="FAIL">'— เลือก Task —' does not contain 'Task Test'</msg>
<arg>${text}</arg>
<arg>${task_text}</arg>
<doc>Fails if ``container`` does not contain ``item`` one or more times.</doc>
<status status="FAIL" start="2026-08-20T16:29:19.343795" elapsed="0.001460">'— เลือก Task —' does not contain 'Task Test'</status>
</kw>
<msg time="2026-08-20T16:29:19.345255" level="INFO">${contains} = False</msg>
<var>${contains}</var>
<arg>Should Contain</arg>
<arg>${text}</arg>
<arg>${task_text}</arg>
<doc>Runs the given keyword with given arguments and returns the status as a Boolean value.</doc>
<status status="PASS" start="2026-08-20T16:29:19.343795" elapsed="0.001460"/>
</kw>
<if>
<branch type="IF" condition="${contains}">
<kw name="Get Element Attribute" owner="SeleniumLibrary">
<var>${value}</var>
<arg>${option}</arg>
<arg>value</arg>
<doc>Returns the value of ``attribute`` from the element ``locator``.</doc>
<status status="NOT RUN" start="2026-08-20T16:29:19.345255" elapsed="0.000000"/>
</kw>
<kw name="Select From List By Value" owner="SeleniumLibrary">
<arg>css:[data-testid="defect-task"]</arg>
<arg>${value}</arg>
<doc>Selects options from selection list ``locator`` by ``values``.</doc>
<status status="NOT RUN" start="2026-08-20T16:29:19.346268" elapsed="0.000000"/>
</kw>
<return>
<status status="NOT RUN" start="2026-08-20T16:29:19.346268" elapsed="0.000000"/>
</return>
<status status="NOT RUN" start="2026-08-20T16:29:19.345255" elapsed="0.001013"/>
</branch>
<status status="PASS" start="2026-08-20T16:29:19.345255" elapsed="0.001013"/>
</if>
<var name="${option}">&lt;selenium.webdriver.remote.webelement.WebElement (session="59164fdd523fe5ce39f4055c0a8234bc", element="f.0BA60425D87230E1382A01634FAFEA0E.d.AF398349DB9AEB69EC37CCD808DB8E89.e.142")&gt;</var>
<status status="PASS" start="2026-08-20T16:29:19.336855" elapsed="0.009413"/>
</iter>
<iter>
<kw name="Get Text" owner="SeleniumLibrary">
<msg time="2026-08-20T16:29:19.353669" level="INFO">${text} = Task Login (Dev · Req Login)</msg>
<var>${text}</var>
<arg>${option}</arg>
<doc>Returns the text value of the element identified by ``locator``.</doc>
<status status="PASS" start="2026-08-20T16:29:19.346268" elapsed="0.007401"/>
</kw>
<kw name="Run Keyword And Return Status" owner="BuiltIn">
<kw name="Should Contain" owner="BuiltIn">
<msg time="2026-08-20T16:29:19.354713" level="FAIL">'Task Login (Dev · Req Login)' does not contain 'Task Test'</msg>
<arg>${text}</arg>
<arg>${task_text}</arg>
<doc>Fails if ``container`` does not contain ``item`` one or more times.</doc>
<status status="FAIL" start="2026-08-20T16:29:19.354713" elapsed="0.000000">'Task Login (Dev · Req Login)' does not contain 'Task Test'</status>
</kw>
<msg time="2026-08-20T16:29:19.354713" level="INFO">${contains} = False</msg>
<var>${contains}</var>
<arg>Should Contain</arg>
<arg>${text}</arg>
<arg>${task_text}</arg>
<doc>Runs the given keyword with given arguments and returns the status as a Boolean value.</doc>
<status status="PASS" start="2026-08-20T16:29:19.354713" elapsed="0.000000"/>
</kw>
<if>
<branch type="IF" condition="${contains}">
<kw name="Get Element Attribute" owner="SeleniumLibrary">
<var>${value}</var>
<arg>${option}</arg>
<arg>value</arg>
<doc>Returns the value of ``attribute`` from the element ``locator``.</doc>
<status status="NOT RUN" start="2026-08-20T16:29:19.354713" elapsed="0.001004"/>
</kw>
<kw name="Select From List By Value" owner="SeleniumLibrary">
<arg>css:[data-testid="defect-task"]</arg>
<arg>${value}</arg>
<doc>Selects options from selection list ``locator`` by ``values``.</doc>
<status status="NOT RUN" start="2026-08-20T16:29:19.355717" elapsed="0.000000"/>
</kw>
<return>
<status status="NOT RUN" start="2026-08-20T16:29:19.355717" elapsed="0.000000"/>
</return>
<status status="NOT RUN" start="2026-08-20T16:29:19.354713" elapsed="0.001004"/>
</branch>
<status status="PASS" start="2026-08-20T16:29:19.354713" elapsed="0.001004"/>
</if>
<var name="${option}">&lt;selenium.webdriver.remote.webelement.WebElement (session="59164fdd523fe5ce39f4055c0a8234bc", element="f.0BA60425D87230E1382A01634FAFEA0E.d.AF398349DB9AEB69EC37CCD808DB8E89.e.144")&gt;</var>
<status status="PASS" start="2026-08-20T16:29:19.346268" elapsed="0.009449"/>
</iter>
<iter>
<kw name="Get Text" owner="SeleniumLibrary">
<msg time="2026-08-20T16:29:19.362877" level="INFO">${text} = Task Test (Dev · Req Test)</msg>
<var>${text}</var>
<arg>${option}</arg>
<doc>Returns the text value of the element identified by ``locator``.</doc>
<status status="PASS" start="2026-08-20T16:29:19.355717" elapsed="0.007160"/>
</kw>
<kw name="Run Keyword And Return Status" owner="BuiltIn">
<kw name="Should Contain" owner="BuiltIn">
<arg>${text}</arg>
<arg>${task_text}</arg>
<doc>Fails if ``container`` does not contain ``item`` one or more times.</doc>
<status status="PASS" start="2026-08-20T16:29:19.362877" elapsed="0.000000"/>
</kw>
<msg time="2026-08-20T16:29:19.362877" level="INFO">${contains} = True</msg>
<var>${contains}</var>
<arg>Should Contain</arg>
<arg>${text}</arg>
<arg>${task_text}</arg>
<doc>Runs the given keyword with given arguments and returns the status as a Boolean value.</doc>
<status status="PASS" start="2026-08-20T16:29:19.362877" elapsed="0.000000"/>
</kw>
<if>
<branch type="IF" condition="${contains}">
<kw name="Get Element Attribute" owner="SeleniumLibrary">
<msg time="2026-08-20T16:29:19.368847" level="INFO">${value} = ef816014-0e49-4cd6-b311-7f217c40539b</msg>
<var>${value}</var>
<arg>${option}</arg>
<arg>value</arg>
<doc>Returns the value of ``attribute`` from the element ``locator``.</doc>
<status status="PASS" start="2026-08-20T16:29:19.363878" elapsed="0.004969"/>
</kw>
<kw name="Select From List By Value" owner="SeleniumLibrary">
<msg time="2026-08-20T16:29:19.369853" level="INFO">Selecting options from selection list 'css:[data-testid="defect-task"]' by value ef816014-0e49-4cd6-b311-7f217c40539b.</msg>
<arg>css:[data-testid="defect-task"]</arg>
<arg>${value}</arg>
<doc>Selects options from selection list ``locator`` by ``values``.</doc>
<status status="PASS" start="2026-08-20T16:29:19.369853" elapsed="0.049248"/>
</kw>
<return>
<status status="PASS" start="2026-08-20T16:29:19.420168" elapsed="0.000000"/>
</return>
<status status="PASS" start="2026-08-20T16:29:19.362877" elapsed="0.057291"/>
</branch>
<status status="PASS" start="2026-08-20T16:29:19.362877" elapsed="0.057291"/>
</if>
<var name="${option}">&lt;selenium.webdriver.remote.webelement.WebElement (session="59164fdd523fe5ce39f4055c0a8234bc", element="f.0BA60425D87230E1382A01634FAFEA0E.d.AF398349DB9AEB69EC37CCD808DB8E89.e.146")&gt;</var>
<status status="PASS" start="2026-08-20T16:29:19.355717" elapsed="0.064451"/>
</iter>
<var>${option}</var>
<value>@{options}</value>
<status status="PASS" start="2026-08-20T16:29:19.336855" elapsed="0.083313"/>
</for>
<kw name="Fail" owner="BuiltIn">
<arg>ไม่พบตัวเลือก "${task_text}" ใน dropdown</arg>
<doc>Fails the test with the given message and optionally alters its tags.</doc>
<status status="NOT RUN" start="2026-08-20T16:29:19.420168" elapsed="0.000000"/>
</kw>
<arg>Task Test</arg>
<doc>เลือก Task ต้นทาง (เลือกจากข้อความที่เห็น)</doc>
<status status="PASS" start="2026-08-20T16:29:19.330745" elapsed="0.089423"/>
</kw>
<kw name="Select Defect Severity" owner="robot_keywords">
<kw name="Select From List By Value" owner="SeleniumLibrary">
<msg time="2026-08-20T16:29:19.421174" level="INFO">Selecting options from selection list 'css:[data-testid="defect-severity"]' by value Medium.</msg>
<arg>css:[data-testid="defect-severity"]</arg>
<arg>${severity}</arg>
<doc>Selects options from selection list ``locator`` by ``values``.</doc>
<status status="PASS" start="2026-08-20T16:29:19.421174" elapsed="0.055012"/>
</kw>
<arg>Medium</arg>
<doc>เลือกความรุนแรง</doc>
<status status="PASS" start="2026-08-20T16:29:19.420168" elapsed="0.056018"/>
</kw>
<kw name="Submit Defect Form" owner="robot_keywords">
<kw name="Click Element" owner="SeleniumLibrary">
<msg time="2026-08-20T16:29:19.477377" level="INFO">Clicking element 'css:[data-testid="defect-submit"]'.</msg>
<arg>css:[data-testid="defect-submit"]</arg>
<doc>Click the element identified by ``locator``.</doc>
<status status="PASS" start="2026-08-20T16:29:19.476186" elapsed="0.054666"/>
</kw>
<doc>กดบันทึก Defect</doc>
<status status="PASS" start="2026-08-20T16:29:19.476186" elapsed="0.054666"/>
</kw>
<kw name="Field Should Be Invalid" owner="robot_keywords">
<kw name="Element Attribute Value Should Be" owner="SeleniumLibrary">
<msg time="2026-08-20T16:29:19.544883" level="INFO">Element 'css:[data-testid="defect-type"]' attribute 'aria-invalid' contains value 'true'.</msg>
<arg>css:[data-testid="${testid}"]</arg>
<arg>aria-invalid</arg>
<arg>true</arg>
<doc>Verifies element identified by ``locator`` contains expected attribute value.</doc>
<status status="PASS" start="2026-08-20T16:29:19.531870" elapsed="0.013013"/>
</kw>
<arg>defect-type</arg>
<doc>ตรวจสอบว่า field มี aria-invalid</doc>
<status status="PASS" start="2026-08-20T16:29:19.530852" elapsed="0.014031"/>
</kw>
<doc>ไม่เลือกประเภท Defect → ระบบปฏิเสธ</doc>
<tag>FR3.2</tag>
<tag>M03</tag>
<tag>type</tag>
<tag>validation</tag>
<status status="PASS" start="2026-08-20T16:29:18.130477" elapsed="1.414406"/>
</test>
<test id="s1-t3" name="ไม่เลือก Severity ระบบต้องปฏิเสธ" line="57">
<kw name="Reset Page">
<kw name="Go To" owner="SeleniumLibrary">
<msg time="2026-08-20T16:29:19.548479" level="INFO">Opening url 'http://localhost:5173/requirements'</msg>
<arg>${BASE_URL}/requirements</arg>
<doc>Navigates the current browser window to the provided ``url``.</doc>
<status status="PASS" start="2026-08-20T16:29:19.548479" elapsed="0.119560"/>
</kw>
<kw name="Wait Until Element Is Visible" owner="SeleniumLibrary">
<arg>css:[data-testid="nav-requirements"]</arg>
<arg>timeout=5s</arg>
<doc>Waits until the element ``locator`` is visible.</doc>
<status status="PASS" start="2026-08-20T16:29:19.668039" elapsed="0.028867"/>
</kw>
<doc>รีเซ็ตหน้าก่อนทุก test</doc>
<status status="PASS" start="2026-08-20T16:29:19.547291" elapsed="0.149615"/>
</kw>
<kw name="Setup Requirement And Task">
<kw name="Navigate To Requirement Page" owner="robot_keywords">
<kw name="Click Element" owner="SeleniumLibrary">
<msg time="2026-08-20T16:29:19.698021" level="INFO">Clicking element 'css:[data-testid="nav-requirements"]'.</msg>
<arg>css:[data-testid="nav-requirements"]</arg>
<doc>Click the element identified by ``locator``.</doc>
<status status="PASS" start="2026-08-20T16:29:19.698021" elapsed="0.067413"/>
</kw>
<kw name="Wait Until Element Is Visible" owner="SeleniumLibrary">
<arg>css:h1</arg>
<doc>Waits until the element ``locator`` is visible.</doc>
<status status="PASS" start="2026-08-20T16:29:19.765434" elapsed="0.018051"/>
</kw>
<doc>ไปยังหน้าจัดการ Requirement</doc>
<status status="PASS" start="2026-08-20T16:29:19.698021" elapsed="0.085464"/>
</kw>
<kw name="Create Requirement" owner="robot_keywords">
<kw name="Click New Button" owner="robot_keywords">
<kw name="Click Element" owner="SeleniumLibrary">
<msg time="2026-08-20T16:29:19.784490" level="INFO">Clicking element 'css:[data-testid="toolbar-new"]'.</msg>
<arg>css:[data-testid="toolbar-new"]</arg>
<doc>Click the element identified by ``locator``.</doc>
<status status="PASS" start="2026-08-20T16:29:19.784490" elapsed="0.057054"/>
</kw>
<doc>คลิกปุ่มสร้างรายการใหม่</doc>
<status status="PASS" start="2026-08-20T16:29:19.784490" elapsed="0.057054"/>
</kw>
<kw name="Fill Requirement Title" owner="robot_keywords">
<kw name="Input Text" owner="SeleniumLibrary">
<msg time="2026-08-20T16:29:19.843054" level="INFO">Typing text 'Req Test' into text field 'css:[data-testid="req-title"]'.</msg>
<arg>css:[data-testid="req-title"]</arg>
<arg>${title}</arg>
<doc>Types the given ``text`` into the text field identified by ``locator``.</doc>
<status status="PASS" start="2026-08-20T16:29:19.841544" elapsed="0.088670"/>
</kw>
<arg>${title}</arg>
<doc>กรอกหัวข้อ Requirement</doc>
<status status="PASS" start="2026-08-20T16:29:19.841544" elapsed="0.089943"/>
</kw>
<kw name="Select Requirement Category" owner="robot_keywords">
<kw name="Select From List By Value" owner="SeleniumLibrary">
<msg time="2026-08-20T16:29:19.931487" level="INFO">Selecting options from selection list 'css:[data-testid="req-category"]' by value Functional.</msg>
<arg>css:[data-testid="req-category"]</arg>
<arg>${category}</arg>
<doc>Selects options from selection list ``locator`` by ``values``.</doc>
<status status="PASS" start="2026-08-20T16:29:19.931487" elapsed="0.073132"/>
</kw>
<arg>${category}</arg>
<doc>เลือกประเภท Requirement</doc>
<status status="PASS" start="2026-08-20T16:29:19.931487" elapsed="0.074412"/>
</kw>
<kw name="Select Requirement Priority" owner="robot_keywords">
<kw name="Select From List By Value" owner="SeleniumLibrary">
<msg time="2026-08-20T16:29:20.005899" level="INFO">Selecting options from selection list 'css:[data-testid="req-priority"]' by value Must.</msg>
<arg>css:[data-testid="req-priority"]</arg>
<arg>${priority}</arg>
<doc>Selects options from selection list ``locator`` by ``values``.</doc>
<status status="PASS" start="2026-08-20T16:29:20.005899" elapsed="0.050546"/>
</kw>
<arg>${priority}</arg>
<doc>เลือกระดับความสำคัญ</doc>
<status status="PASS" start="2026-08-20T16:29:20.005899" elapsed="0.051782"/>
</kw>
<kw name="Submit Requirement Form" owner="robot_keywords">
<kw name="Click Element" owner="SeleniumLibrary">
<msg time="2026-08-20T16:29:20.057681" level="INFO">Clicking element 'css:[data-testid="req-submit"]'.</msg>
<arg>css:[data-testid="req-submit"]</arg>
<doc>Click the element identified by ``locator``.</doc>
<status status="PASS" start="2026-08-20T16:29:20.057681" elapsed="0.048664"/>
</kw>
<doc>กดบันทึก Requirement</doc>
<status status="PASS" start="2026-08-20T16:29:20.057681" elapsed="0.049756"/>
</kw>
<kw name="Wait Until Element Is Visible" owner="SeleniumLibrary">
<arg>css:.board-card__title</arg>
<arg>timeout=5s</arg>
<doc>Waits until the element ``locator`` is visible.</doc>
<status status="PASS" start="2026-08-20T16:29:20.107437" elapsed="0.013280"/>
</kw>
<arg>${req_title}</arg>
<arg>Functional</arg>
<arg>Must</arg>
<doc>สร้าง Requirement ครบวงจร</doc>
<status status="PASS" start="2026-08-20T16:29:19.783485" elapsed="0.337232"/>
</kw>
<kw name="Navigate To Task Page" owner="robot_keywords">
<kw name="Click Element" owner="SeleniumLibrary">
<msg time="2026-08-20T16:29:20.121735" level="INFO">Clicking element 'css:[data-testid="nav-tasks"]'.</msg>
<arg>css:[data-testid="nav-tasks"]</arg>
<doc>Click the element identified by ``locator``.</doc>
<status status="PASS" start="2026-08-20T16:29:20.120717" elapsed="0.052822"/>
</kw>
<kw name="Wait Until Element Is Visible" owner="SeleniumLibrary">
<arg>css:h1</arg>
<doc>Waits until the element ``locator`` is visible.</doc>
<status status="PASS" start="2026-08-20T16:29:20.174714" elapsed="0.012945"/>
</kw>
<doc>ไปยังหน้าจัดการ Task</doc>
<status status="PASS" start="2026-08-20T16:29:20.120717" elapsed="0.067947"/>
</kw>
<kw name="Create Task" owner="robot_keywords">
<kw name="Click New Button" owner="robot_keywords">
<kw name="Click Element" owner="SeleniumLibrary">
<msg time="2026-08-20T16:29:20.188664" level="INFO">Clicking element 'css:[data-testid="toolbar-new"]'.</msg>
<arg>css:[data-testid="toolbar-new"]</arg>
<doc>Click the element identified by ``locator``.</doc>
<status status="PASS" start="2026-08-20T16:29:20.188664" elapsed="0.047629"/>
</kw>
<doc>คลิกปุ่มสร้างรายการใหม่</doc>
<status status="PASS" start="2026-08-20T16:29:20.188664" elapsed="0.048642"/>
</kw>
<kw name="Fill Task Title" owner="robot_keywords">
<kw name="Input Text" owner="SeleniumLibrary">
<msg time="2026-08-20T16:29:20.237306" level="INFO">Typing text 'Task Test' into text field 'css:[data-testid="task-title"]'.</msg>
<arg>css:[data-testid="task-title"]</arg>
<arg>${title}</arg>
<doc>Types the given ``text`` into the text field identified by ``locator``.</doc>
<status status="PASS" start="2026-08-20T16:29:20.237306" elapsed="0.092083"/>
</kw>
<arg>${title}</arg>
<doc>กรอกหัวข้อ Task</doc>
<status status="PASS" start="2026-08-20T16:29:20.237306" elapsed="0.093081"/>
</kw>
<kw name="Select Task Requirement" owner="robot_keywords">
<kw name="Get WebElements" owner="SeleniumLibrary">
<msg time="2026-08-20T16:29:20.337979" level="INFO">${options} = [&lt;selenium.webdriver.remote.webelement.WebElement (session="59164fdd523fe5ce39f4055c0a8234bc", element="f.0BA60425D87230E1382A01634FAFEA0E.d.9E38D0B246FAFFF18B685F763A5A728C.e.194")&gt;, &lt;selenium.webdri...</msg>
<var>${options}</var>
<arg>css:[data-testid="task-requirement"] option</arg>
<doc>Returns a list of WebElement objects matching the ``locator``.</doc>
<status status="PASS" start="2026-08-20T16:29:20.330387" elapsed="0.007592"/>
</kw>
<for flavor="IN">
<iter>
<kw name="Get Text" owner="SeleniumLibrary">
<msg time="2026-08-20T16:29:20.347158" level="INFO">${text} = — เลือก Requirement —</msg>
<var>${text}</var>
<arg>${option}</arg>
<doc>Returns the text value of the element identified by ``locator``.</doc>
<status status="PASS" start="2026-08-20T16:29:20.339268" elapsed="0.007890"/>
</kw>
<kw name="Run Keyword And Return Status" owner="BuiltIn">
<kw name="Should Contain" owner="BuiltIn">
<msg time="2026-08-20T16:29:20.347158" level="FAIL">'— เลือก Requirement —' does not contain 'Req Test'</msg>
<arg>${text}</arg>
<arg>${requirement_text}</arg>
<doc>Fails if ``container`` does not contain ``item`` one or more times.</doc>
<status status="FAIL" start="2026-08-20T16:29:20.347158" elapsed="0.000000">'— เลือก Requirement —' does not contain 'Req Test'</status>
</kw>
<msg time="2026-08-20T16:29:20.347158" level="INFO">${contains} = False</msg>
<var>${contains}</var>
<arg>Should Contain</arg>
<arg>${text}</arg>
<arg>${requirement_text}</arg>
<doc>Runs the given keyword with given arguments and returns the status as a Boolean value.</doc>
<status status="PASS" start="2026-08-20T16:29:20.347158" elapsed="0.000000"/>
</kw>
<if>
<branch type="IF" condition="${contains}">
<kw name="Get Element Attribute" owner="SeleniumLibrary">
<var>${value}</var>
<arg>${option}</arg>
<arg>value</arg>
<doc>Returns the value of ``attribute`` from the element ``locator``.</doc>
<status status="NOT RUN" start="2026-08-20T16:29:20.348159" elapsed="0.000000"/>
</kw>
<kw name="Select From List By Value" owner="SeleniumLibrary">
<arg>css:[data-testid="task-requirement"]</arg>
<arg>${value}</arg>
<doc>Selects options from selection list ``locator`` by ``values``.</doc>
<status status="NOT RUN" start="2026-08-20T16:29:20.348159" elapsed="0.000000"/>
</kw>
<return>
<status status="NOT RUN" start="2026-08-20T16:29:20.348159" elapsed="0.000000"/>
</return>
<status status="NOT RUN" start="2026-08-20T16:29:20.347158" elapsed="0.001001"/>
</branch>
<status status="PASS" start="2026-08-20T16:29:20.347158" elapsed="0.001001"/>
</if>
<var name="${option}">&lt;selenium.webdriver.remote.webelement.WebElement (session="59164fdd523fe5ce39f4055c0a8234bc", element="f.0BA60425D87230E1382A01634FAFEA0E.d.9E38D0B246FAFFF18B685F763A5A728C.e.194")&gt;</var>
<status status="PASS" start="2026-08-20T16:29:20.337979" elapsed="0.010180"/>
</iter>
<iter>
<kw name="Get Text" owner="SeleniumLibrary">
<msg time="2026-08-20T16:29:20.354462" level="INFO">${text} = Req Login (Must)</msg>
<var>${text}</var>
<arg>${option}</arg>
<doc>Returns the text value of the element identified by ``locator``.</doc>
<status status="PASS" start="2026-08-20T16:29:20.348159" elapsed="0.006303"/>
</kw>
<kw name="Run Keyword And Return Status" owner="BuiltIn">
<kw name="Should Contain" owner="BuiltIn">
<msg time="2026-08-20T16:29:20.355976" level="FAIL">'Req Login (Must)' does not contain 'Req Test'</msg>
<arg>${text}</arg>
<arg>${requirement_text}</arg>
<doc>Fails if ``container`` does not contain ``item`` one or more times.</doc>
<status status="FAIL" start="2026-08-20T16:29:20.354462" elapsed="0.001514">'Req Login (Must)' does not contain 'Req Test'</status>
</kw>
<msg time="2026-08-20T16:29:20.355976" level="INFO">${contains} = False</msg>
<var>${contains}</var>
<arg>Should Contain</arg>
<arg>${text}</arg>
<arg>${requirement_text}</arg>
<doc>Runs the given keyword with given arguments and returns the status as a Boolean value.</doc>
<status status="PASS" start="2026-08-20T16:29:20.354462" elapsed="0.001514"/>
</kw>
<if>
<branch type="IF" condition="${contains}">
<kw name="Get Element Attribute" owner="SeleniumLibrary">
<var>${value}</var>
<arg>${option}</arg>
<arg>value</arg>
<doc>Returns the value of ``attribute`` from the element ``locator``.</doc>
<status status="NOT RUN" start="2026-08-20T16:29:20.355976" elapsed="0.000000"/>
</kw>
<kw name="Select From List By Value" owner="SeleniumLibrary">
<arg>css:[data-testid="task-requirement"]</arg>
<arg>${value}</arg>
<doc>Selects options from selection list ``locator`` by ``values``.</doc>
<status status="NOT RUN" start="2026-08-20T16:29:20.355976" elapsed="0.000000"/>
</kw>
<return>
<status status="NOT RUN" start="2026-08-20T16:29:20.355976" elapsed="0.000000"/>
</return>
<status status="NOT RUN" start="2026-08-20T16:29:20.355976" elapsed="0.000000"/>
</branch>
<status status="PASS" start="2026-08-20T16:29:20.355976" elapsed="0.001002"/>
</if>
<var name="${option}">&lt;selenium.webdriver.remote.webelement.WebElement (session="59164fdd523fe5ce39f4055c0a8234bc", element="f.0BA60425D87230E1382A01634FAFEA0E.d.9E38D0B246FAFFF18B685F763A5A728C.e.196")&gt;</var>
<status status="PASS" start="2026-08-20T16:29:20.348159" elapsed="0.008819"/>
</iter>
<iter>
<kw name="Get Text" owner="SeleniumLibrary">
<msg time="2026-08-20T16:29:20.363875" level="INFO">${text} = Req Test (Must)</msg>
<var>${text}</var>
<arg>${option}</arg>
<doc>Returns the text value of the element identified by ``locator``.</doc>
<status status="PASS" start="2026-08-20T16:29:20.356978" elapsed="0.006897"/>
</kw>
<kw name="Run Keyword And Return Status" owner="BuiltIn">
<kw name="Should Contain" owner="BuiltIn">
<arg>${text}</arg>
<arg>${requirement_text}</arg>
<doc>Fails if ``container`` does not contain ``item`` one or more times.</doc>
<status status="PASS" start="2026-08-20T16:29:20.363875" elapsed="0.000000"/>
</kw>
<msg time="2026-08-20T16:29:20.363875" level="INFO">${contains} = True</msg>
<var>${contains}</var>
<arg>Should Contain</arg>
<arg>${text}</arg>
<arg>${requirement_text}</arg>
<doc>Runs the given keyword with given arguments and returns the status as a Boolean value.</doc>
<status status="PASS" start="2026-08-20T16:29:20.363875" elapsed="0.000000"/>
</kw>
<if>
<branch type="IF" condition="${contains}">
<kw name="Get Element Attribute" owner="SeleniumLibrary">
<msg time="2026-08-20T16:29:20.369694" level="INFO">${value} = c921341c-2790-414f-846f-917b7b62c534</msg>
<var>${value}</var>
<arg>${option}</arg>
<arg>value</arg>
<doc>Returns the value of ``attribute`` from the element ``locator``.</doc>
<status status="PASS" start="2026-08-20T16:29:20.363875" elapsed="0.006924"/>
</kw>
<kw name="Select From List By Value" owner="SeleniumLibrary">
<msg time="2026-08-20T16:29:20.370799" level="INFO">Selecting options from selection list 'css:[data-testid="task-requirement"]' by value c921341c-2790-414f-846f-917b7b62c534.</msg>
<arg>css:[data-testid="task-requirement"]</arg>
<arg>${value}</arg>
<doc>Selects options from selection list ``locator`` by ``values``.</doc>
<status status="PASS" start="2026-08-20T16:29:20.370799" elapsed="0.048198"/>
</kw>
<return>
<status status="PASS" start="2026-08-20T16:29:20.420002" elapsed="0.000000"/>
</return>
<status status="PASS" start="2026-08-20T16:29:20.363875" elapsed="0.056127"/>
</branch>
<status status="PASS" start="2026-08-20T16:29:20.363875" elapsed="0.056127"/>
</if>
<var name="${option}">&lt;selenium.webdriver.remote.webelement.WebElement (session="59164fdd523fe5ce39f4055c0a8234bc", element="f.0BA60425D87230E1382A01634FAFEA0E.d.9E38D0B246FAFFF18B685F763A5A728C.e.198")&gt;</var>
<status status="PASS" start="2026-08-20T16:29:20.356978" elapsed="0.063024"/>
</iter>
<var>${option}</var>
<value>@{options}</value>
<status status="PASS" start="2026-08-20T16:29:20.337979" elapsed="0.082023"/>
</for>
<kw name="Fail" owner="BuiltIn">
<arg>ไม่พบตัวเลือก "${requirement_text}" ใน dropdown</arg>
<doc>Fails the test with the given message and optionally alters its tags.</doc>
<status status="NOT RUN" start="2026-08-20T16:29:20.420002" elapsed="0.000000"/>
</kw>
<arg>${requirement_text}</arg>
<doc>เลือก Requirement ต้นทาง (เลือกจากข้อความที่เห็น)</doc>
<status status="PASS" start="2026-08-20T16:29:20.330387" elapsed="0.089615"/>
</kw>
<kw name="Select Task Role" owner="robot_keywords">
<kw name="Select From List By Value" owner="SeleniumLibrary">
<msg time="2026-08-20T16:29:20.421015" level="INFO">Selecting options from selection list 'css:[data-testid="task-role"]' by value Dev.</msg>
<arg>css:[data-testid="task-role"]</arg>
<arg>${role}</arg>
<doc>Selects options from selection list ``locator`` by ``values``.</doc>
<status status="PASS" start="2026-08-20T16:29:20.421015" elapsed="0.051177"/>
</kw>
<arg>${role}</arg>
<doc>เลือกตำแหน่งผู้รับผิดชอบ</doc>
<status status="PASS" start="2026-08-20T16:29:20.420002" elapsed="0.052190"/>
</kw>
<kw name="Submit Task Form" owner="robot_keywords">
<kw name="Click Element" owner="SeleniumLibrary">
<msg time="2026-08-20T16:29:20.473192" level="INFO">Clicking element 'css:[data-testid="task-submit"]'.</msg>
<arg>css:[data-testid="task-submit"]</arg>
<doc>Click the element identified by ``locator``.</doc>
<status status="PASS" start="2026-08-20T16:29:20.472192" elapsed="0.047708"/>
</kw>
<doc>กดบันทึก Task</doc>
<status status="PASS" start="2026-08-20T16:29:20.472192" elapsed="0.047708"/>
</kw>
<kw name="Wait Until Element Is Visible" owner="SeleniumLibrary">
<arg>css:.board-card__title</arg>
<arg>timeout=5s</arg>
<doc>Waits until the element ``locator`` is visible.</doc>
<status status="PASS" start="2026-08-20T16:29:20.519900" elapsed="0.012484"/>
</kw>
<arg>${task_title}</arg>
<arg>${req_title}</arg>
<arg>Dev</arg>
<doc>สร้าง Task ครบวงจร</doc>
<status status="PASS" start="2026-08-20T16:29:20.188664" elapsed="0.343720"/>
</kw>
<arg>Req Test</arg>
<arg>Task Test</arg>
<doc>สร้าง Requirement + Task สำหรับผูก Defect</doc>
<status status="PASS" start="2026-08-20T16:29:19.696906" elapsed="0.835478"/>
</kw>
<kw name="Navigate To Defect Page" owner="robot_keywords">
<kw name="Click Element" owner="SeleniumLibrary">
<msg time="2026-08-20T16:29:20.533491" level="INFO">Clicking element 'css:[data-testid="nav-defects"]'.</msg>
<arg>css:[data-testid="nav-defects"]</arg>
<doc>Click the element identified by ``locator``.</doc>
<status status="PASS" start="2026-08-20T16:29:20.533491" elapsed="0.056548"/>
</kw>
<kw name="Wait Until Element Is Visible" owner="SeleniumLibrary">
<arg>css:h1</arg>
<doc>Waits until the element ``locator`` is visible.</doc>
<status status="PASS" start="2026-08-20T16:29:20.590039" elapsed="0.013899"/>
</kw>
<doc>ไปยังหน้าจัดการ Defect</doc>
<status status="PASS" start="2026-08-20T16:29:20.533491" elapsed="0.070447"/>
</kw>
<kw name="Click New Button" owner="robot_keywords">
<kw name="Click Element" owner="SeleniumLibrary">
<msg time="2026-08-20T16:29:20.604979" level="INFO">Clicking element 'css:[data-testid="toolbar-new"]'.</msg>
<arg>css:[data-testid="toolbar-new"]</arg>
<doc>Click the element identified by ``locator``.</doc>
<status status="PASS" start="2026-08-20T16:29:20.603938" elapsed="0.049783"/>
</kw>
<doc>คลิกปุ่มสร้างรายการใหม่</doc>
<status status="PASS" start="2026-08-20T16:29:20.603938" elapsed="0.050800"/>
</kw>
<kw name="Fill Defect Title" owner="robot_keywords">
<kw name="Input Text" owner="SeleniumLibrary">
<msg time="2026-08-20T16:29:20.655737" level="INFO">Typing text 'ไม่เลือกความรุนแรง' into text field 'css:[data-testid="defect-title"]'.</msg>
<arg>css:[data-testid="defect-title"]</arg>
<arg>${title}</arg>
<doc>Types the given ``text`` into the text field identified by ``locator``.</doc>
<status status="PASS" start="2026-08-20T16:29:20.654738" elapsed="0.101639"/>
</kw>
<arg>ไม่เลือกความรุนแรง</arg>
<doc>กรอกหัวข้อ Defect</doc>
<status status="PASS" start="2026-08-20T16:29:20.654738" elapsed="0.101639"/>
</kw>
<kw name="Select Defect Task" owner="robot_keywords">
<kw name="Get WebElements" owner="SeleniumLibrary">
<msg time="2026-08-20T16:29:20.763399" level="INFO">${options} = [&lt;selenium.webdriver.remote.webelement.WebElement (session="59164fdd523fe5ce39f4055c0a8234bc", element="f.0BA60425D87230E1382A01634FAFEA0E.d.9E38D0B246FAFFF18B685F763A5A728C.e.223")&gt;, &lt;selenium.webdri...</msg>
<var>${options}</var>
<arg>css:[data-testid="defect-task"] option</arg>
<doc>Returns a list of WebElement objects matching the ``locator``.</doc>
<status status="PASS" start="2026-08-20T16:29:20.756377" elapsed="0.007022"/>
</kw>
<for flavor="IN">
<iter>
<kw name="Get Text" owner="SeleniumLibrary">
<msg time="2026-08-20T16:29:20.770847" level="INFO">${text} = — เลือก Task —</msg>
<var>${text}</var>
<arg>${option}</arg>
<doc>Returns the text value of the element identified by ``locator``.</doc>
<status status="PASS" start="2026-08-20T16:29:20.763399" elapsed="0.007448"/>
</kw>
<kw name="Run Keyword And Return Status" owner="BuiltIn">
<kw name="Should Contain" owner="BuiltIn">
<msg time="2026-08-20T16:29:20.770847" level="FAIL">'— เลือก Task —' does not contain 'Task Test'</msg>
<arg>${text}</arg>
<arg>${task_text}</arg>
<doc>Fails if ``container`` does not contain ``item`` one or more times.</doc>
<status status="FAIL" start="2026-08-20T16:29:20.770847" elapsed="0.001169">'— เลือก Task —' does not contain 'Task Test'</status>
</kw>
<msg time="2026-08-20T16:29:20.772016" level="INFO">${contains} = False</msg>
<var>${contains}</var>
<arg>Should Contain</arg>
<arg>${text}</arg>
<arg>${task_text}</arg>
<doc>Runs the given keyword with given arguments and returns the status as a Boolean value.</doc>
<status status="PASS" start="2026-08-20T16:29:20.770847" elapsed="0.001169"/>
</kw>
<if>
<branch type="IF" condition="${contains}">
<kw name="Get Element Attribute" owner="SeleniumLibrary">
<var>${value}</var>
<arg>${option}</arg>
<arg>value</arg>
<doc>Returns the value of ``attribute`` from the element ``locator``.</doc>
<status status="NOT RUN" start="2026-08-20T16:29:20.772016" elapsed="0.000000"/>
</kw>
<kw name="Select From List By Value" owner="SeleniumLibrary">
<arg>css:[data-testid="defect-task"]</arg>
<arg>${value}</arg>
<doc>Selects options from selection list ``locator`` by ``values``.</doc>
<status status="NOT RUN" start="2026-08-20T16:29:20.772016" elapsed="0.000000"/>
</kw>
<return>
<status status="NOT RUN" start="2026-08-20T16:29:20.772016" elapsed="0.000000"/>
</return>
<status status="NOT RUN" start="2026-08-20T16:29:20.772016" elapsed="0.000000"/>
</branch>
<status status="PASS" start="2026-08-20T16:29:20.772016" elapsed="0.000000"/>
</if>
<var name="${option}">&lt;selenium.webdriver.remote.webelement.WebElement (session="59164fdd523fe5ce39f4055c0a8234bc", element="f.0BA60425D87230E1382A01634FAFEA0E.d.9E38D0B246FAFFF18B685F763A5A728C.e.223")&gt;</var>
<status status="PASS" start="2026-08-20T16:29:20.763399" elapsed="0.008617"/>
</iter>
<iter>
<kw name="Get Text" owner="SeleniumLibrary">
<msg time="2026-08-20T16:29:20.779164" level="INFO">${text} = Task Login (Dev · Req Login)</msg>
<var>${text}</var>
<arg>${option}</arg>
<doc>Returns the text value of the element identified by ``locator``.</doc>
<status status="PASS" start="2026-08-20T16:29:20.773017" elapsed="0.006147"/>
</kw>
<kw name="Run Keyword And Return Status" owner="BuiltIn">
<kw name="Should Contain" owner="BuiltIn">
<msg time="2026-08-20T16:29:20.780189" level="FAIL">'Task Login (Dev · Req Login)' does not contain 'Task Test'</msg>
<arg>${text}</arg>
<arg>${task_text}</arg>
<doc>Fails if ``container`` does not contain ``item`` one or more times.</doc>
<status status="FAIL" start="2026-08-20T16:29:20.780189" elapsed="0.000000">'Task Login (Dev · Req Login)' does not contain 'Task Test'</status>
</kw>
<msg time="2026-08-20T16:29:20.780189" level="INFO">${contains} = False</msg>
<var>${contains}</var>
<arg>Should Contain</arg>
<arg>${text}</arg>
<arg>${task_text}</arg>
<doc>Runs the given keyword with given arguments and returns the status as a Boolean value.</doc>
<status status="PASS" start="2026-08-20T16:29:20.780189" elapsed="0.000000"/>
</kw>
<if>
<branch type="IF" condition="${contains}">
<kw name="Get Element Attribute" owner="SeleniumLibrary">
<var>${value}</var>
<arg>${option}</arg>
<arg>value</arg>
<doc>Returns the value of ``attribute`` from the element ``locator``.</doc>
<status status="NOT RUN" start="2026-08-20T16:29:20.780189" elapsed="0.000000"/>
</kw>
<kw name="Select From List By Value" owner="SeleniumLibrary">
<arg>css:[data-testid="defect-task"]</arg>
<arg>${value}</arg>
[...]
</branch>
<status status="PASS" start="2026-08-20T16:29:34.650880" elapsed="0.000000"/>
</if>
<var name="${option}">&lt;selenium.webdriver.remote.webelement.WebElement (session="59164fdd523fe5ce39f4055c0a8234bc", element="f.0BA60425D87230E1382A01634FAFEA0E.d.9FF94B06E795CF530E03FE56EB204A75.e.1107")&gt;</var>
<status status="PASS" start="2026-08-20T16:29:34.642424" elapsed="0.008456"/>
</iter>
<iter>
<kw name="Get Text" owner="SeleniumLibrary">
<msg time="2026-08-20T16:29:34.659016" level="INFO">${text} = Task Test (Dev · Req Test)</msg>
<var>${text}</var>
<arg>${option}</arg>
<doc>Returns the text value of the element identified by ``locator``.</doc>
<status status="PASS" start="2026-08-20T16:29:34.650880" elapsed="0.008136"/>
</kw>
<kw name="Run Keyword And Return Status" owner="BuiltIn">
<kw name="Should Contain" owner="BuiltIn">
<msg time="2026-08-20T16:29:34.659016" level="FAIL">'Task Test (Dev · Req Test)' does not contain 'Task Count'</msg>
<arg>${text}</arg>
<arg>${task_text}</arg>
<doc>Fails if ``container`` does not contain ``item`` one or more times.</doc>
<status status="FAIL" start="2026-08-20T16:29:34.659016" elapsed="0.000000">'Task Test (Dev · Req Test)' does not contain 'Task Count'</status>
</kw>
<msg time="2026-08-20T16:29:34.659016" level="INFO">${contains} = False</msg>
<var>${contains}</var>
<arg>Should Contain</arg>
<arg>${text}</arg>
<arg>${task_text}</arg>
<doc>Runs the given keyword with given arguments and returns the status as a Boolean value.</doc>
<status status="PASS" start="2026-08-20T16:29:34.659016" elapsed="0.000000"/>
</kw>
<if>
<branch type="IF" condition="${contains}">
<kw name="Get Element Attribute" owner="SeleniumLibrary">
<var>${value}</var>
<arg>${option}</arg>
<arg>value</arg>
<doc>Returns the value of ``attribute`` from the element ``locator``.</doc>
<status status="NOT RUN" start="2026-08-20T16:29:34.660072" elapsed="0.000000"/>
</kw>
<kw name="Select From List By Value" owner="SeleniumLibrary">
<arg>css:[data-testid="defect-task"]</arg>
<arg>${value}</arg>
<doc>Selects options from selection list ``locator`` by ``values``.</doc>
<status status="NOT RUN" start="2026-08-20T16:29:34.660072" elapsed="0.000000"/>
</kw>
<return>
<status status="NOT RUN" start="2026-08-20T16:29:34.660072" elapsed="0.000000"/>
</return>
<status status="NOT RUN" start="2026-08-20T16:29:34.659016" elapsed="0.001056"/>
</branch>
<status status="PASS" start="2026-08-20T16:29:34.659016" elapsed="0.001056"/>
</if>
<var name="${option}">&lt;selenium.webdriver.remote.webelement.WebElement (session="59164fdd523fe5ce39f4055c0a8234bc", element="f.0BA60425D87230E1382A01634FAFEA0E.d.9FF94B06E795CF530E03FE56EB204A75.e.1109")&gt;</var>
<status status="PASS" start="2026-08-20T16:29:34.650880" elapsed="0.009192"/>
</iter>
<iter>
<kw name="Get Text" owner="SeleniumLibrary">
<msg time="2026-08-20T16:29:34.667107" level="INFO">${text} = Task Filter (Dev · Req Filter)</msg>
<var>${text}</var>
<arg>${option}</arg>
<doc>Returns the text value of the element identified by ``locator``.</doc>
<status status="PASS" start="2026-08-20T16:29:34.660072" elapsed="0.007035"/>
</kw>
<kw name="Run Keyword And Return Status" owner="BuiltIn">
<kw name="Should Contain" owner="BuiltIn">
<msg time="2026-08-20T16:29:34.668250" level="FAIL">'Task Filter (Dev · Req Filter)' does not contain 'Task Count'</msg>
<arg>${text}</arg>
<arg>${task_text}</arg>
<doc>Fails if ``container`` does not contain ``item`` one or more times.</doc>
<status status="FAIL" start="2026-08-20T16:29:34.667107" elapsed="0.001143">'Task Filter (Dev · Req Filter)' does not contain 'Task Count'</status>
</kw>
<msg time="2026-08-20T16:29:34.668250" level="INFO">${contains} = False</msg>
<var>${contains}</var>
<arg>Should Contain</arg>
<arg>${text}</arg>
<arg>${task_text}</arg>
<doc>Runs the given keyword with given arguments and returns the status as a Boolean value.</doc>
<status status="PASS" start="2026-08-20T16:29:34.667107" elapsed="0.001143"/>
</kw>
<if>
<branch type="IF" condition="${contains}">
<kw name="Get Element Attribute" owner="SeleniumLibrary">
<var>${value}</var>
<arg>${option}</arg>
<arg>value</arg>
<doc>Returns the value of ``attribute`` from the element ``locator``.</doc>
<status status="NOT RUN" start="2026-08-20T16:29:34.668250" elapsed="0.000000"/>
</kw>
<kw name="Select From List By Value" owner="SeleniumLibrary">
<arg>css:[data-testid="defect-task"]</arg>
<arg>${value}</arg>
<doc>Selects options from selection list ``locator`` by ``values``.</doc>
<status status="NOT RUN" start="2026-08-20T16:29:34.668250" elapsed="0.000000"/>
</kw>
<return>
<status status="NOT RUN" start="2026-08-20T16:29:34.668250" elapsed="0.000000"/>
</return>
<status status="NOT RUN" start="2026-08-20T16:29:34.668250" elapsed="0.000000"/>
</branch>
<status status="PASS" start="2026-08-20T16:29:34.668250" elapsed="0.000000"/>
</if>
<var name="${option}">&lt;selenium.webdriver.remote.webelement.WebElement (session="59164fdd523fe5ce39f4055c0a8234bc", element="f.0BA60425D87230E1382A01634FAFEA0E.d.9FF94B06E795CF530E03FE56EB204A75.e.1111")&gt;</var>
<status status="PASS" start="2026-08-20T16:29:34.660072" elapsed="0.008178"/>
</iter>
<iter>
<kw name="Get Text" owner="SeleniumLibrary">
<msg time="2026-08-20T16:29:34.675793" level="INFO">${text} = Task Sev (Dev · Req Sev)</msg>
<var>${text}</var>
<arg>${option}</arg>
<doc>Returns the text value of the element identified by ``locator``.</doc>
<status status="PASS" start="2026-08-20T16:29:34.669313" elapsed="0.006480"/>
</kw>
<kw name="Run Keyword And Return Status" owner="BuiltIn">
<kw name="Should Contain" owner="BuiltIn">
<msg time="2026-08-20T16:29:34.676839" level="FAIL">'Task Sev (Dev · Req Sev)' does not contain 'Task Count'</msg>
<arg>${text}</arg>
<arg>${task_text}</arg>
<doc>Fails if ``container`` does not contain ``item`` one or more times.</doc>
<status status="FAIL" start="2026-08-20T16:29:34.676839" elapsed="0.000000">'Task Sev (Dev · Req Sev)' does not contain 'Task Count'</status>
</kw>
<msg time="2026-08-20T16:29:34.676839" level="INFO">${contains} = False</msg>
<var>${contains}</var>
<arg>Should Contain</arg>
<arg>${text}</arg>
<arg>${task_text}</arg>
<doc>Runs the given keyword with given arguments and returns the status as a Boolean value.</doc>
<status status="PASS" start="2026-08-20T16:29:34.676839" elapsed="0.000000"/>
</kw>
<if>
<branch type="IF" condition="${contains}">
<kw name="Get Element Attribute" owner="SeleniumLibrary">
<var>${value}</var>
<arg>${option}</arg>
<arg>value</arg>
<doc>Returns the value of ``attribute`` from the element ``locator``.</doc>
<status status="NOT RUN" start="2026-08-20T16:29:34.676839" elapsed="0.000000"/>
</kw>
<kw name="Select From List By Value" owner="SeleniumLibrary">
<arg>css:[data-testid="defect-task"]</arg>
<arg>${value}</arg>
<doc>Selects options from selection list ``locator`` by ``values``.</doc>
<status status="NOT RUN" start="2026-08-20T16:29:34.677971" elapsed="0.000000"/>
</kw>
<return>
<status status="NOT RUN" start="2026-08-20T16:29:34.677971" elapsed="0.000000"/>
</return>
<status status="NOT RUN" start="2026-08-20T16:29:34.676839" elapsed="0.001132"/>
</branch>
<status status="PASS" start="2026-08-20T16:29:34.676839" elapsed="0.001132"/>
</if>
<var name="${option}">&lt;selenium.webdriver.remote.webelement.WebElement (session="59164fdd523fe5ce39f4055c0a8234bc", element="f.0BA60425D87230E1382A01634FAFEA0E.d.9FF94B06E795CF530E03FE56EB204A75.e.1113")&gt;</var>
<status status="PASS" start="2026-08-20T16:29:34.669313" elapsed="0.008658"/>
</iter>
<iter>
<kw name="Get Text" owner="SeleniumLibrary">
<msg time="2026-08-20T16:29:34.691058" level="INFO">${text} = Task Edit (Dev · Req Edit)</msg>
<var>${text}</var>
<arg>${option}</arg>
<doc>Returns the text value of the element identified by ``locator``.</doc>
<status status="PASS" start="2026-08-20T16:29:34.679074" elapsed="0.011984"/>
</kw>
<kw name="Run Keyword And Return Status" owner="BuiltIn">
<kw name="Should Contain" owner="BuiltIn">
<msg time="2026-08-20T16:29:34.692059" level="FAIL">'Task Edit (Dev · Req Edit)' does not contain 'Task Count'</msg>
<arg>${text}</arg>
<arg>${task_text}</arg>
<doc>Fails if ``container`` does not contain ``item`` one or more times.</doc>
<status status="FAIL" start="2026-08-20T16:29:34.692059" elapsed="0.000000">'Task Edit (Dev · Req Edit)' does not contain 'Task Count'</status>
</kw>
<msg time="2026-08-20T16:29:34.692059" level="INFO">${contains} = False</msg>
<var>${contains}</var>
<arg>Should Contain</arg>
<arg>${text}</arg>
<arg>${task_text}</arg>
<doc>Runs the given keyword with given arguments and returns the status as a Boolean value.</doc>
<status status="PASS" start="2026-08-20T16:29:34.692059" elapsed="0.000000"/>
</kw>
<if>
<branch type="IF" condition="${contains}">
<kw name="Get Element Attribute" owner="SeleniumLibrary">
<var>${value}</var>
<arg>${option}</arg>
<arg>value</arg>
<doc>Returns the value of ``attribute`` from the element ``locator``.</doc>
<status status="NOT RUN" start="2026-08-20T16:29:34.692059" elapsed="0.000000"/>
</kw>
<kw name="Select From List By Value" owner="SeleniumLibrary">
<arg>css:[data-testid="defect-task"]</arg>
<arg>${value}</arg>
<doc>Selects options from selection list ``locator`` by ``values``.</doc>
<status status="NOT RUN" start="2026-08-20T16:29:34.692059" elapsed="0.000000"/>
</kw>
<return>
<status status="NOT RUN" start="2026-08-20T16:29:34.692059" elapsed="0.000000"/>
</return>
<status status="NOT RUN" start="2026-08-20T16:29:34.692059" elapsed="0.001439"/>
</branch>
<status status="PASS" start="2026-08-20T16:29:34.692059" elapsed="0.001439"/>
</if>
<var name="${option}">&lt;selenium.webdriver.remote.webelement.WebElement (session="59164fdd523fe5ce39f4055c0a8234bc", element="f.0BA60425D87230E1382A01634FAFEA0E.d.9FF94B06E795CF530E03FE56EB204A75.e.1115")&gt;</var>
<status status="PASS" start="2026-08-20T16:29:34.679074" elapsed="0.014424"/>
</iter>
<iter>
<kw name="Get Text" owner="SeleniumLibrary">
<msg time="2026-08-20T16:29:34.703054" level="INFO">${text} = Task Del (Dev · Req Del)</msg>
<var>${text}</var>
<arg>${option}</arg>
<doc>Returns the text value of the element identified by ``locator``.</doc>
<status status="PASS" start="2026-08-20T16:29:34.693498" elapsed="0.009556"/>
</kw>
<kw name="Run Keyword And Return Status" owner="BuiltIn">
<kw name="Should Contain" owner="BuiltIn">
<msg time="2026-08-20T16:29:34.704061" level="FAIL">'Task Del (Dev · Req Del)' does not contain 'Task Count'</msg>
<arg>${text}</arg>
<arg>${task_text}</arg>
<doc>Fails if ``container`` does not contain ``item`` one or more times.</doc>
<status status="FAIL" start="2026-08-20T16:29:34.704061" elapsed="0.000000">'Task Del (Dev · Req Del)' does not contain 'Task Count'</status>
</kw>
<msg time="2026-08-20T16:29:34.704061" level="INFO">${contains} = False</msg>
<var>${contains}</var>
<arg>Should Contain</arg>
<arg>${text}</arg>
<arg>${task_text}</arg>
<doc>Runs the given keyword with given arguments and returns the status as a Boolean value.</doc>
<status status="PASS" start="2026-08-20T16:29:34.703054" elapsed="0.001007"/>
</kw>
<if>
<branch type="IF" condition="${contains}">
<kw name="Get Element Attribute" owner="SeleniumLibrary">
<var>${value}</var>
<arg>${option}</arg>
<arg>value</arg>
<doc>Returns the value of ``attribute`` from the element ``locator``.</doc>
<status status="NOT RUN" start="2026-08-20T16:29:34.704061" elapsed="0.000000"/>
</kw>
<kw name="Select From List By Value" owner="SeleniumLibrary">
<arg>css:[data-testid="defect-task"]</arg>
<arg>${value}</arg>
<doc>Selects options from selection list ``locator`` by ``values``.</doc>
<status status="NOT RUN" start="2026-08-20T16:29:34.705353" elapsed="0.000000"/>
</kw>
<return>
<status status="NOT RUN" start="2026-08-20T16:29:34.705353" elapsed="0.000000"/>
</return>
<status status="NOT RUN" start="2026-08-20T16:29:34.704061" elapsed="0.001292"/>
</branch>
<status status="PASS" start="2026-08-20T16:29:34.704061" elapsed="0.001292"/>
</if>
<var name="${option}">&lt;selenium.webdriver.remote.webelement.WebElement (session="59164fdd523fe5ce39f4055c0a8234bc", element="f.0BA60425D87230E1382A01634FAFEA0E.d.9FF94B06E795CF530E03FE56EB204A75.e.1117")&gt;</var>
<status status="PASS" start="2026-08-20T16:29:34.693498" elapsed="0.011855"/>
</iter>
<iter>
<kw name="Get Text" owner="SeleniumLibrary">
<msg time="2026-08-20T16:29:34.712859" level="INFO">${text} = Task Count (Dev · Req Count)</msg>
<var>${text}</var>
<arg>${option}</arg>
<doc>Returns the text value of the element identified by ``locator``.</doc>
<status status="PASS" start="2026-08-20T16:29:34.705353" elapsed="0.007506"/>
</kw>
<kw name="Run Keyword And Return Status" owner="BuiltIn">
<kw name="Should Contain" owner="BuiltIn">
<arg>${text}</arg>
<arg>${task_text}</arg>
<doc>Fails if ``container`` does not contain ``item`` one or more times.</doc>
<status status="PASS" start="2026-08-20T16:29:34.712859" elapsed="0.001005"/>
</kw>
<msg time="2026-08-20T16:29:34.713864" level="INFO">${contains} = True</msg>
<var>${contains}</var>
<arg>Should Contain</arg>
<arg>${text}</arg>
<arg>${task_text}</arg>
<doc>Runs the given keyword with given arguments and returns the status as a Boolean value.</doc>
<status status="PASS" start="2026-08-20T16:29:34.712859" elapsed="0.001005"/>
</kw>
<if>
<branch type="IF" condition="${contains}">
<kw name="Get Element Attribute" owner="SeleniumLibrary">
<msg time="2026-08-20T16:29:34.720876" level="INFO">${value} = dda94f3e-4558-4d75-a3bb-04b4a17c178e</msg>
<var>${value}</var>
<arg>${option}</arg>
<arg>value</arg>
<doc>Returns the value of ``attribute`` from the element ``locator``.</doc>
<status status="PASS" start="2026-08-20T16:29:34.713864" elapsed="0.007012"/>
</kw>
<kw name="Select From List By Value" owner="SeleniumLibrary">
<msg time="2026-08-20T16:29:34.720876" level="INFO">Selecting options from selection list 'css:[data-testid="defect-task"]' by value dda94f3e-4558-4d75-a3bb-04b4a17c178e.</msg>
<arg>css:[data-testid="defect-task"]</arg>
<arg>${value}</arg>
<doc>Selects options from selection list ``locator`` by ``values``.</doc>
<status status="PASS" start="2026-08-20T16:29:34.720876" elapsed="0.056203"/>
</kw>
<return>
<status status="PASS" start="2026-08-20T16:29:34.777079" elapsed="0.000000"/>
</return>
<status status="PASS" start="2026-08-20T16:29:34.713864" elapsed="0.063215"/>
</branch>
<status status="PASS" start="2026-08-20T16:29:34.713864" elapsed="0.064228"/>
</if>
<var name="${option}">&lt;selenium.webdriver.remote.webelement.WebElement (session="59164fdd523fe5ce39f4055c0a8234bc", element="f.0BA60425D87230E1382A01634FAFEA0E.d.9FF94B06E795CF530E03FE56EB204A75.e.1119")&gt;</var>
<status status="PASS" start="2026-08-20T16:29:34.705353" elapsed="0.072739"/>
</iter>
<var>${option}</var>
<value>@{options}</value>
<status status="PASS" start="2026-08-20T16:29:34.614034" elapsed="0.164058"/>
</for>
<kw name="Fail" owner="BuiltIn">
<arg>ไม่พบตัวเลือก "${task_text}" ใน dropdown</arg>
<doc>Fails the test with the given message and optionally alters its tags.</doc>
<status status="NOT RUN" start="2026-08-20T16:29:34.778092" elapsed="0.000000"/>
</kw>
<arg>${task_text}</arg>
<doc>เลือก Task ต้นทาง (เลือกจากข้อความที่เห็น)</doc>
<status status="PASS" start="2026-08-20T16:29:34.588064" elapsed="0.190028"/>
</kw>
<kw name="Select Defect Type" owner="robot_keywords">
<kw name="Select From List By Value" owner="SeleniumLibrary">
<msg time="2026-08-20T16:29:34.779101" level="INFO">Selecting options from selection list 'css:[data-testid="defect-type"]' by value SA Gap.</msg>
<arg>css:[data-testid="defect-type"]</arg>
<arg>${type}</arg>
<doc>Selects options from selection list ``locator`` by ``values``.</doc>
<status status="PASS" start="2026-08-20T16:29:34.778092" elapsed="0.055294"/>
</kw>
<arg>${type}</arg>
<doc>เลือกประเภท Defect</doc>
<status status="PASS" start="2026-08-20T16:29:34.778092" elapsed="0.055294"/>
</kw>
<kw name="Select Defect Severity" owner="robot_keywords">
<kw name="Select From List By Value" owner="SeleniumLibrary">
<msg time="2026-08-20T16:29:34.834662" level="INFO">Selecting options from selection list 'css:[data-testid="defect-severity"]' by value High.</msg>
<arg>css:[data-testid="defect-severity"]</arg>
<arg>${severity}</arg>
<doc>Selects options from selection list ``locator`` by ``values``.</doc>
<status status="PASS" start="2026-08-20T16:29:34.833386" elapsed="0.058401"/>
</kw>
<arg>${severity}</arg>
<doc>เลือกความรุนแรง</doc>
<status status="PASS" start="2026-08-20T16:29:34.833386" elapsed="0.058401"/>
</kw>
<kw name="Submit Defect Form" owner="robot_keywords">
<kw name="Click Element" owner="SeleniumLibrary">
<msg time="2026-08-20T16:29:34.892796" level="INFO">Clicking element 'css:[data-testid="defect-submit"]'.</msg>
<arg>css:[data-testid="defect-submit"]</arg>
<doc>Click the element identified by ``locator``.</doc>
<status status="PASS" start="2026-08-20T16:29:34.892796" elapsed="0.063177"/>
</kw>
<doc>กดบันทึก Defect</doc>
<status status="PASS" start="2026-08-20T16:29:34.891787" elapsed="0.064186"/>
</kw>
<kw name="Wait Until Element Is Visible" owner="SeleniumLibrary">
<arg>css:.board-card__title</arg>
<arg>timeout=5s</arg>
<doc>Waits until the element ``locator`` is visible.</doc>
<status status="PASS" start="2026-08-20T16:29:34.955973" elapsed="0.015468"/>
</kw>
<arg>SA Issue</arg>
<arg>Task Count</arg>
<arg>SA Gap</arg>
<arg>High</arg>
<doc>สร้าง Defect ครบวงจร</doc>
<status status="PASS" start="2026-08-20T16:29:34.448285" elapsed="0.523156"/>
</kw>
<kw name="Page Should Contain" owner="SeleniumLibrary">
<msg time="2026-08-20T16:29:34.984899" level="INFO">Current page contains text '2'.</msg>
<arg>2</arg>
<doc>Verifies that current page contains ``text``.</doc>
<status status="PASS" start="2026-08-20T16:29:34.971441" elapsed="0.013458"/>
</kw>
<kw name="Page Should Contain" owner="SeleniumLibrary">
<msg time="2026-08-20T16:29:34.996472" level="INFO">Current page contains text '1'.</msg>
<arg>1</arg>
<doc>Verifies that current page contains ``text``.</doc>
<status status="PASS" start="2026-08-20T16:29:34.984899" elapsed="0.011573"/>
</kw>
<doc>สร้าง Defect หลายประเภท → board แสดงตัวเลขแยกตาม column</doc>
<tag>count-by-type</tag>
<tag>FR3.7</tag>
<tag>M03</tag>
<status status="PASS" start="2026-08-20T16:29:32.082993" elapsed="2.914634"/>
</test>
<kw name="Close Application" owner="robot_keywords" type="TEARDOWN">
<kw name="Close All Browsers" owner="SeleniumLibrary">
<doc>Closes all open browsers and resets the browser cache.</doc>
<status status="PASS" start="2026-08-20T16:29:34.997627" elapsed="2.481558"/>
</kw>
<doc>ปิดเบราว์เซอร์</doc>
<status status="PASS" start="2026-08-20T16:29:34.997627" elapsed="2.481558"/>
</kw>
<doc>ทดสอบโมดูลติดตาม Defect (M03)
ครอบคลุม FR3.1-FR3.7</doc>
<status status="PASS" start="2026-08-20T16:29:12.607042" elapsed="24.872143"/>
</suite>
<statistics>
<total>
<stat pass="9" fail="0" skip="0">All Tests</stat>
</total>
<tag>
<stat pass="1" fail="0" skip="0">count-by-type</stat>
<stat pass="1" fail="0" skip="0">create</stat>
<stat pass="1" fail="0" skip="0">delete</stat>
<stat pass="1" fail="0" skip="0">edit</stat>
<stat pass="2" fail="0" skip="0">filter</stat>
<stat pass="1" fail="0" skip="0">FR3.1</stat>
<stat pass="1" fail="0" skip="0">FR3.2</stat>
<stat pass="1" fail="0" skip="0">FR3.3</stat>
<stat pass="1" fail="0" skip="0">FR3.4</stat>
<stat pass="2" fail="0" skip="0">FR3.5</stat>
<stat pass="2" fail="0" skip="0">FR3.6</stat>
<stat pass="1" fail="0" skip="0">FR3.7</stat>
<stat pass="1" fail="0" skip="0">happy-path</stat>
<stat pass="9" fail="0" skip="0">M03</stat>
<stat pass="2" fail="0" skip="0">severity</stat>
<stat pass="1" fail="0" skip="0">task-link</stat>
<stat pass="2" fail="0" skip="0">type</stat>
<stat pass="3" fail="0" skip="0">validation</stat>
</tag>
<suite>
<stat pass="9" fail="0" skip="0" id="s1" name="Defect Tracking">Defect Tracking</stat>
</suite>
</statistics>
<errors>
</errors>
</robot>
